-------------------------------------------------------------------------------
Test set: ec.edu.espe.AmeStoreInventory.utils.CustomerRepositoryTest
-------------------------------------------------------------------------------
Tests run: 5, Failures: 0, Errors: 5, Skipped: 0, Time elapsed: 0.130 s <<< FAILURE! -- in ec.edu.espe.AmeStoreInventory.utils.CustomerRepositoryTest
ec.edu.espe.AmeStoreInventory.utils.CustomerRepositoryTest.testFindAll -- Time elapsed: 0.051 s <<< ERROR!
java.lang.NullPointerException: Cannot invoke "ec.edu.espe.AmeStoreInventory.utils.CustomerRepository.findAll()" because "instance" is null
	at ec.edu.espe.AmeStoreInventory.utils.CustomerRepositoryTest.testFindAll(CustomerRepositoryTest.java:72)
	at java.base/java.lang.reflect.Method.invoke(Method.java:580)
	at java.base/java.util.ArrayList.forEach(ArrayList.java:1597)
	at java.base/java.util.ArrayList.forEach(ArrayList.java:1597)

ec.edu.espe.AmeStoreInventory.utils.CustomerRepositoryTest.testSave -- Time elapsed: 0.006 s <<< ERROR!
java.lang.NullPointerException: Cannot invoke "ec.edu.espe.AmeStoreInventory.utils.CustomerRepository.save(ec.edu.espe.AmeStoreInventory.model.Customer)" because "instance" is null
	at ec.edu.espe.AmeStoreInventory.utils.CustomerRepositoryTest.testSave(CustomerRepositoryTest.java:30)
	at java.base/java.lang.reflect.Method.invoke(Method.java:580)
	at java.base/java.util.ArrayList.forEach(ArrayList.java:1597)
	at java.base/java.util.ArrayList.forEach(ArrayList.java:1597)

ec.edu.espe.AmeStoreInventory.utils.CustomerRepositoryTest.testFindById -- Time elapsed: 0.005 s <<< ERROR!
java.lang.NullPointerException: Cannot invoke "ec.edu.espe.AmeStoreInventory.utils.CustomerRepository.findById(String)" because "instance" is null
	at ec.edu.espe.AmeStoreInventory.utils.CustomerRepositoryTest.testFindById(CustomerRepositoryTest.java:87)
	at java.base/java.lang.reflect.Method.invoke(Method.java:580)
	at java.base/java.util.ArrayList.forEach(ArrayList.java:1597)
	at java.base/java.util.ArrayList.forEach(ArrayList.java:1597)

ec.edu.espe.AmeStoreInventory.utils.CustomerRepositoryTest.testDelete -- Time elapsed: 0.005 s <<< ERROR!
java.lang.NullPointerException: Cannot invoke "ec.edu.espe.AmeStoreInventory.utils.CustomerRepository.delete(String)" because "instance" is null
	at ec.edu.espe.AmeStoreInventory.utils.CustomerRepositoryTest.testDelete(CustomerRepositoryTest.java:58)
	at java.base/java.lang.reflect.Method.invoke(Method.java:580)
	at java.base/java.util.ArrayList.forEach(ArrayList.java:1597)
	at java.base/java.util.ArrayList.forEach(ArrayList.java:1597)

ec.edu.espe.AmeStoreInventory.utils.CustomerRepositoryTest.testUpdate -- Time elapsed: 0.003 s <<< ERROR!
java.lang.NullPointerException: Cannot invoke "ec.edu.espe.AmeStoreInventory.utils.CustomerRepository.update(String, ec.edu.espe.AmeStoreInventory.model.Customer)" because "instance" is null
	at ec.edu.espe.AmeStoreInventory.utils.CustomerRepositoryTest.testUpdate(CustomerRepositoryTest.java:44)
	at java.base/java.lang.reflect.Method.invoke(Method.java:580)
	at java.base/java.util.ArrayList.forEach(ArrayList.java:1597)
	at java.base/java.util.ArrayList.forEach(ArrayList.java:1597)

