<?xml version="1.0" encoding="UTF-8"?>
<testsuite xmlns:xsi="http://www.w3.org/2001/XMLSchema-instance" xsi:noNamespaceSchemaLocation="https://maven.apache.org/surefire/maven-surefire-plugin/xsd/surefire-test-report-3.0.xsd" version="3.0" name="ec.edu.espe.AmeStoreInventory.utils.CloudDBTest" time="23.737" tests="14" errors="5" skipped="0" failures="9">
  <properties>
[...]
</properties>
  <testcase name="testProductExists" classname="ec.edu.espe.AmeStoreInventory.utils.CloudDBTest" time="3.412">
    <failure message="The test case is a prototype." type="org.opentest4j.AssertionFailedError"><![CDATA[org.opentest4j.AssertionFailedError: The test case is a prototype.
	at org.junit.jupiter.api.AssertionUtils.fail(AssertionUtils.java:38)
	at org.junit.jupiter.api.Assertions.fail(Assertions.java:138)
	at ec.edu.espe.AmeStoreInventory.utils.CloudDBTest.testProductExists(CloudDBTest.java:49)
	at java.base/java.lang.reflect.Method.invoke(Method.java:580)
	at java.base/java.util.ArrayList.forEach(ArrayList.java:1597)
	at java.base/java.util.ArrayList.forEach(ArrayList.java:1597)
]]></failure>
    <system-out><![CDATA[productExists
]]></system-out>
    <system-err><![CDATA[[cluster-ClusterId{value='67c91b25f0be6e3158000500', description='Cluster0'}-srv-cluster0.dxj9m.mongodb.net] INFO org.mongodb.driver.cluster - Adding discovered server cluster0-shard-00-02.dxj9m.mongodb.net:27017 to client view of cluster
[main] INFO org.mongodb.driver.client - MongoClient with metadata {"application": {"name": "Cluster0"}, "driver": {"name": "mongo-java-driver|sync", "version": "5.1.1"}, "os": {"type": "Windows", "name": "Windows 11", "architecture": "amd64", "version": "10.0"}, "platform": "Java/Oracle Corporation/23.0.1+11-39"} created with settings MongoClientSettings{readPreference=primary, writeConcern=WriteConcern{w=majority, wTimeout=null ms, journal=null}, retryWrites=true, retryReads=true, readConcern=ReadConcern{level=null}, credential=MongoCredential{mechanism=null, userName='daullcu', source='admin', password=<hidden>, mechanismProperties=<hidden>}, transportSettings=null, commandListeners=[], codecRegistry=ProvidersCodecRegistry{codecProviders=[ValueCodecProvider{}, BsonValueCodecProvider{}, DBRefCodecProvider{}, DBObjectCodecProvider{}, DocumentCodecProvider{}, CollectionCodecProvider{}, IterableCodecProvider{}, MapCodecProvider{}, GeoJsonCodecProvider{}, GridFSFileCodecProvider{}, Jsr310CodecProvider{}, JsonObjectCodecProvider{}, BsonCodecProvider{}, EnumCodecProvider{}, com.mongodb.client.model.mql.ExpressionCodecProvider@7fc4780b, com.mongodb.Jep395RecordCodecProvider@3b79fd76, com.mongodb.KotlinCodecProvider@48c76607]}, loggerSettings=LoggerSettings{maxDocumentLength=1000}, clusterSettings={hosts=[127.0.0.1:27017], srvHost=cluster0.dxj9m.mongodb.net, srvServiceName=mongodb, mode=MULTIPLE, requiredClusterType=REPLICA_SET, requiredReplicaSetName='atlas-f6rm43-shard-0', serverSelector='null', clusterListeners='[]', serverSelectionTimeout='30000 ms', localThreshold='15 ms'}, socketSettings=SocketSettings{connectTimeoutMS=10000, readTimeoutMS=0, receiveBufferSize=0, proxySettings=ProxySettings{host=null, port=null, username=null, password=null}}, heartbeatSocketSettings=SocketSettings{connectTimeoutMS=10000, readTimeoutMS=10000, receiveBufferSize=0, proxySettings=ProxySettings{host=null, port=null, username=null, password=null}}, connectionPoolSettings=ConnectionPoolSettings{maxSize=100, minSize=0, maxWaitTimeMS=120000, maxConnectionLifeTimeMS=0, maxConnectionIdleTimeMS=0, maintenanceInitialDelayMS=0, maintenanceFrequencyMS=60000, connectionPoolListeners=[], maxConnecting=2}, serverSettings=ServerSettings{heartbeatFrequencyMS=10000, minHeartbeatFrequencyMS=500, serverMonitoringMode=AUTO, serverListeners='[]', serverMonitorListeners='[]'}, sslSettings=SslSettings{enabled=true, invalidHostNameAllowed=false, context=null}, applicationName='Cluster0', compressorList=[], uuidRepresentation=UNSPECIFIED, serverApi=ServerApi{version=V1, deprecationErrors=null, strict=null}, autoEncryptionSettings=null, dnsClient=null, inetAddressResolver=null, contextProvider=null}
[cluster-ClusterId{value='67c91b25f0be6e3158000500', description='Cluster0'}-srv-cluster0.dxj9m.mongodb.net] INFO org.mongodb.driver.cluster - Adding discovered server cluster0-shard-00-01.dxj9m.mongodb.net:27017 to client view of cluster
[cluster-ClusterId{value='67c91b25f0be6e3158000500', description='Cluster0'}-srv-cluster0.dxj9m.mongodb.net] INFO org.mongodb.driver.cluster - Adding discovered server cluster0-shard-00-00.dxj9m.mongodb.net:27017 to client view of cluster
[main] INFO org.mongodb.driver.cluster - Waiting for server to become available for operation with ID 1. Remaining time: 30000 ms. Selector: WritableServerSelector, topology description: {type=REPLICA_SET, servers=[{address=cluster0-shard-00-01.dxj9m.mongodb.net:27017, type=UNKNOWN, state=CONNECTING}, {address=cluster0-shard-00-00.dxj9m.mongodb.net:27017, type=UNKNOWN, state=CONNECTING}, {address=cluster0-shard-00-02.dxj9m.mongodb.net:27017, type=UNKNOWN, state=CONNECTING}].
[cluster-ClusterId{value='67c91b25f0be6e3158000500', description='Cluster0'}-cluster0-shard-00-01.dxj9m.mongodb.net:27017] INFO org.mongodb.driver.cluster - Monitor thread successfully connected to server with description ServerDescription{address=cluster0-shard-00-01.dxj9m.mongodb.net:27017, type=REPLICA_SET_PRIMARY, state=CONNECTED, ok=true, minWireVersion=0, maxWireVersion=25, maxDocumentSize=16777216, logicalSessionTimeoutMinutes=30, roundTripTimeNanos=686481900, setName='atlas-f6rm43-shard-0', canonicalAddress=cluster0-shard-00-01.dxj9m.mongodb.net:27017, hosts=[cluster0-shard-00-01.dxj9m.mongodb.net:27017, cluster0-shard-00-02.dxj9m.mongodb.net:27017, cluster0-shard-00-00.dxj9m.mongodb.net:27017], passives=[], arbiters=[], primary='cluster0-shard-00-01.dxj9m.mongodb.net:27017', tagSet=TagSet{[Tag{name='availabilityZone', value='sae1-az3'}, Tag{name='diskState', value='READY'}, Tag{name='nodeType', value='ELECTABLE'}, Tag{name='provider', value='AWS'}, Tag{name='region', value='SA_EAST_1'}, Tag{name='workloadType', value='OPERATIONAL'}]}, electionId=7fffffff000000000000000c, setVersion=1, topologyVersion=TopologyVersion{processId=67c718e7f21c80602f803db0, counter=6}, lastWriteDate=Wed Mar 05 22:48:54 GMT-05:00 2025, lastUpdateTimeNanos=100659183477200}
[cluster-ClusterId{value='67c91b25f0be6e3158000500', description='Cluster0'}-cluster0-shard-00-00.dxj9m.mongodb.net:27017] INFO org.mongodb.driver.cluster - Monitor thread successfully connected to server with description ServerDescription{address=cluster0-shard-00-00.dxj9m.mongodb.net:27017, type=REPLICA_SET_SECONDARY, state=CONNECTED, ok=true, minWireVersion=0, maxWireVersion=25, maxDocumentSize=16777216, logicalSessionTimeoutMinutes=30, roundTripTimeNanos=641550100, setName='atlas-f6rm43-shard-0', canonicalAddress=cluster0-shard-00-00.dxj9m.mongodb.net:27017, hosts=[cluster0-shard-00-01.dxj9m.mongodb.net:27017, cluster0-shard-00-02.dxj9m.mongodb.net:27017, cluster0-shard-00-00.dxj9m.mongodb.net:27017], passives=[], arbiters=[], primary='cluster0-shard-00-01.dxj9m.mongodb.net:27017', tagSet=TagSet{[Tag{name='availabilityZone', value='sae1-az1'}, Tag{name='diskState', value='READY'}, Tag{name='nodeType', value='ELECTABLE'}, Tag{name='provider', value='AWS'}, Tag{name='region', value='SA_EAST_1'}, Tag{name='workloadType', value='OPERATIONAL'}]}, electionId=null, setVersion=1, topologyVersion=TopologyVersion{processId=67c718bbf0e18f15cfdc4b2d, counter=4}, lastWriteDate=Wed Mar 05 22:48:54 GMT-05:00 2025, lastUpdateTimeNanos=100659183324100}
[cluster-ClusterId{value='67c91b25f0be6e3158000500', description='Cluster0'}-cluster0-shard-00-02.dxj9m.mongodb.net:27017] INFO org.mongodb.driver.cluster - Monitor thread successfully connected to server with description ServerDescription{address=cluster0-shard-00-02.dxj9m.mongodb.net:27017, type=REPLICA_SET_SECONDARY, state=CONNECTED, ok=true, minWireVersion=0, maxWireVersion=25, maxDocumentSize=16777216, logicalSessionTimeoutMinutes=30, roundTripTimeNanos=764690700, setName='atlas-f6rm43-shard-0', canonicalAddress=cluster0-shard-00-02.dxj9m.mongodb.net:27017, hosts=[cluster0-shard-00-01.dxj9m.mongodb.net:27017, cluster0-shard-00-02.dxj9m.mongodb.net:27017, cluster0-shard-00-00.dxj9m.mongodb.net:27017], passives=[], arbiters=[], primary='cluster0-shard-00-01.dxj9m.mongodb.net:27017', tagSet=TagSet{[Tag{name='availabilityZone', value='sae1-az2'}, Tag{name='diskState', value='READY'}, Tag{name='nodeType', value='ELECTABLE'}, Tag{name='provider', value='AWS'}, Tag{name='region', value='SA_EAST_1'}, Tag{name='workloadType', value='OPERATIONAL'}]}, electionId=null, setVersion=1, topologyVersion=TopologyVersion{processId=67c719134cc1f6d52ecb1ffa, counter=3}, lastWriteDate=Wed Mar 05 22:48:54 GMT-05:00 2025, lastUpdateTimeNanos=100659183390200}
[cluster-ClusterId{value='67c91b25f0be6e3158000500', description='Cluster0'}-cluster0-shard-00-01.dxj9m.mongodb.net:27017] INFO org.mongodb.driver.cluster - Discovered replica set primary cluster0-shard-00-01.dxj9m.mongodb.net:27017 with max election id 7fffffff000000000000000c and max set version 1
Error initializing MongoDB: Write failed with error code 11000 and error message 'Index build failed: 9b189405-7aac-48e5-bba2-0d1ceb71e0c1: Collection BaseAmeStore.customer ( 5c6145ab-8534-41c5-be22-5bb6484baf54 ) :: caused by :: E11000 duplicate key error collection: BaseAmeStore.customer index: id_1 dup key: { id: "1755100169" }'
]]></system-err>
  </testcase>
  <testcase name="testSearchCustomerById" classname="ec.edu.espe.AmeStoreInventory.utils.CloudDBTest" time="1.634">
    <failure message="expected: &lt;null&gt; but was: &lt;[]&gt;" type="org.opentest4j.AssertionFailedError"><![CDATA[org.opentest4j.AssertionFailedError: expected: <null> but was: <[]>
	at org.junit.jupiter.api.AssertionFailureBuilder.build(AssertionFailureBuilder.java:151)
	at org.junit.jupiter.api.AssertionFailureBuilder.buildAndThrow(AssertionFailureBuilder.java:132)
	at org.junit.jupiter.api.AssertEquals.failNotEqual(AssertEquals.java:197)
	at org.junit.jupiter.api.AssertEquals.assertEquals(AssertEquals.java:182)
	at org.junit.jupiter.api.AssertEquals.assertEquals(AssertEquals.java:177)
	at org.junit.jupiter.api.Assertions.assertEquals(Assertions.java:1145)
	at ec.edu.espe.AmeStoreInventory.utils.CloudDBTest.testSearchCustomerById(CloudDBTest.java:115)
	at java.base/java.lang.reflect.Method.invoke(Method.java:580)
	at java.base/java.util.ArrayList.forEach(ArrayList.java:1597)
	at java.base/java.util.ArrayList.forEach(ArrayList.java:1597)
]]></failure>
    <system-out><![CDATA[searchCustomerById
]]></system-out>
    <system-err><![CDATA[[main] INFO org.mongodb.driver.client - MongoClient with metadata {"application": {"name": "Cluster0"}, "driver": {"name": "mongo-java-driver|sync", "version": "5.1.1"}, "os": {"type": "Windows", "name": "Windows 11", "architecture": "amd64", "version": "10.0"}, "platform": "Java/Oracle Corporation/23.0.1+11-39"} created with settings MongoClientSettings{readPreference=primary, writeConcern=WriteConcern{w=majority, wTimeout=null ms, journal=null}, retryWrites=true, retryReads=true, readConcern=ReadConcern{level=null}, credential=MongoCredential{mechanism=null, userName='daullcu', source='admin', password=<hidden>, mechanismProperties=<hidden>}, transportSettings=null, commandListeners=[], codecRegistry=ProvidersCodecRegistry{codecProviders=[ValueCodecProvider{}, BsonValueCodecProvider{}, DBRefCodecProvider{}, DBObjectCodecProvider{}, DocumentCodecProvider{}, CollectionCodecProvider{}, IterableCodecProvider{}, MapCodecProvider{}, GeoJsonCodecProvider{}, GridFSFileCodecProvider{}, Jsr310CodecProvider{}, JsonObjectCodecProvider{}, BsonCodecProvider{}, EnumCodecProvider{}, com.mongodb.client.model.mql.ExpressionCodecProvider@7fc4780b, com.mongodb.Jep395RecordCodecProvider@3b79fd76, com.mongodb.KotlinCodecProvider@48c76607]}, loggerSettings=LoggerSettings{maxDocumentLength=1000}, clusterSettings={hosts=[127.0.0.1:27017], srvHost=cluster0.dxj9m.mongodb.net, srvServiceName=mongodb, mode=MULTIPLE, requiredClusterType=REPLICA_SET, requiredReplicaSetName='atlas-f6rm43-shard-0', serverSelector='null', clusterListeners='[]', serverSelectionTimeout='30000 ms', localThreshold='15 ms'}, socketSettings=SocketSettings{connectTimeoutMS=10000, readTimeoutMS=0, receiveBufferSize=0, proxySettings=ProxySettings{host=null, port=null, username=null, password=null}}, heartbeatSocketSettings=SocketSettings{connectTimeoutMS=10000, readTimeoutMS=10000, receiveBufferSize=0, proxySettings=ProxySettings{host=null, port=null, username=null, password=null}}, connectionPoolSettings=ConnectionPoolSettings{maxSize=100, minSize=0, maxWaitTimeMS=120000, maxConnectionLifeTimeMS=0, maxConnectionIdleTimeMS=0, maintenanceInitialDelayMS=0, maintenanceFrequencyMS=60000, connectionPoolListeners=[], maxConnecting=2}, serverSettings=ServerSettings{heartbeatFrequencyMS=10000, minHeartbeatFrequencyMS=500, serverMonitoringMode=AUTO, serverListeners='[]', serverMonitorListeners='[]'}, sslSettings=SslSettings{enabled=true, invalidHostNameAllowed=false, context=null}, applicationName='Cluster0', compressorList=[], uuidRepresentation=UNSPECIFIED, serverApi=ServerApi{version=V1, deprecationErrors=null, strict=null}, autoEncryptionSettings=null, dnsClient=null, inetAddressResolver=null, contextProvider=null}
[main] INFO org.mongodb.driver.cluster - Waiting for server to become available for operation with ID 12. Remaining time: 30000 ms. Selector: WritableServerSelector, topology description: {type=UNKNOWN, servers=[].
[cluster-ClusterId{value='67c91b28f0be6e3158000501', description='Cluster0'}-srv-cluster0.dxj9m.mongodb.net] INFO org.mongodb.driver.cluster - Adding discovered server cluster0-shard-00-02.dxj9m.mongodb.net:27017 to client view of cluster
[cluster-ClusterId{value='67c91b28f0be6e3158000501', description='Cluster0'}-srv-cluster0.dxj9m.mongodb.net] INFO org.mongodb.driver.cluster - Adding discovered server cluster0-shard-00-01.dxj9m.mongodb.net:27017 to client view of cluster
[cluster-ClusterId{value='67c91b28f0be6e3158000501', description='Cluster0'}-srv-cluster0.dxj9m.mongodb.net] INFO org.mongodb.driver.cluster - Adding discovered server cluster0-shard-00-00.dxj9m.mongodb.net:27017 to client view of cluster
[cluster-ClusterId{value='67c91b28f0be6e3158000501', description='Cluster0'}-cluster0-shard-00-00.dxj9m.mongodb.net:27017] INFO org.mongodb.driver.cluster - Monitor thread successfully connected to server with description ServerDescription{address=cluster0-shard-00-00.dxj9m.mongodb.net:27017, type=REPLICA_SET_SECONDARY, state=CONNECTED, ok=true, minWireVersion=0, maxWireVersion=25, maxDocumentSize=16777216, logicalSessionTimeoutMinutes=30, roundTripTimeNanos=284063700, setName='atlas-f6rm43-shard-0', canonicalAddress=cluster0-shard-00-00.dxj9m.mongodb.net:27017, hosts=[cluster0-shard-00-01.dxj9m.mongodb.net:27017, cluster0-shard-00-02.dxj9m.mongodb.net:27017, cluster0-shard-00-00.dxj9m.mongodb.net:27017], passives=[], arbiters=[], primary='cluster0-shard-00-01.dxj9m.mongodb.net:27017', tagSet=TagSet{[Tag{name='availabilityZone', value='sae1-az1'}, Tag{name='diskState', value='READY'}, Tag{name='nodeType', value='ELECTABLE'}, Tag{name='provider', value='AWS'}, Tag{name='region', value='SA_EAST_1'}, Tag{name='workloadType', value='OPERATIONAL'}]}, electionId=null, setVersion=1, topologyVersion=TopologyVersion{processId=67c718bbf0e18f15cfdc4b2d, counter=4}, lastWriteDate=Wed Mar 05 22:48:55 GMT-05:00 2025, lastUpdateTimeNanos=100661161489200}
[cluster-ClusterId{value='67c91b28f0be6e3158000501', description='Cluster0'}-cluster0-shard-00-01.dxj9m.mongodb.net:27017] INFO org.mongodb.driver.cluster - Monitor thread successfully connected to server with description ServerDescription{address=cluster0-shard-00-01.dxj9m.mongodb.net:27017, type=REPLICA_SET_PRIMARY, state=CONNECTED, ok=true, minWireVersion=0, maxWireVersion=25, maxDocumentSize=16777216, logicalSessionTimeoutMinutes=30, roundTripTimeNanos=290958500, setName='atlas-f6rm43-shard-0', canonicalAddress=cluster0-shard-00-01.dxj9m.mongodb.net:27017, hosts=[cluster0-shard-00-01.dxj9m.mongodb.net:27017, cluster0-shard-00-02.dxj9m.mongodb.net:27017, cluster0-shard-00-00.dxj9m.mongodb.net:27017], passives=[], arbiters=[], primary='cluster0-shard-00-01.dxj9m.mongodb.net:27017', tagSet=TagSet{[Tag{name='availabilityZone', value='sae1-az3'}, Tag{name='diskState', value='READY'}, Tag{name='nodeType', value='ELECTABLE'}, Tag{name='provider', value='AWS'}, Tag{name='region', value='SA_EAST_1'}, Tag{name='workloadType', value='OPERATIONAL'}]}, electionId=7fffffff000000000000000c, setVersion=1, topologyVersion=TopologyVersion{processId=67c718e7f21c80602f803db0, counter=6}, lastWriteDate=Wed Mar 05 22:48:55 GMT-05:00 2025, lastUpdateTimeNanos=100661168330200}
[cluster-ClusterId{value='67c91b28f0be6e3158000501', description='Cluster0'}-cluster0-shard-00-01.dxj9m.mongodb.net:27017] INFO org.mongodb.driver.cluster - Discovered replica set primary cluster0-shard-00-01.dxj9m.mongodb.net:27017 with max election id 7fffffff000000000000000c and max set version 1
[cluster-ClusterId{value='67c91b28f0be6e3158000501', description='Cluster0'}-cluster0-shard-00-02.dxj9m.mongodb.net:27017] INFO org.mongodb.driver.cluster - Monitor thread successfully connected to server with description ServerDescription{address=cluster0-shard-00-02.dxj9m.mongodb.net:27017, type=REPLICA_SET_SECONDARY, state=CONNECTED, ok=true, minWireVersion=0, maxWireVersion=25, maxDocumentSize=16777216, logicalSessionTimeoutMinutes=30, roundTripTimeNanos=294434700, setName='atlas-f6rm43-shard-0', canonicalAddress=cluster0-shard-00-02.dxj9m.mongodb.net:27017, hosts=[cluster0-shard-00-01.dxj9m.mongodb.net:27017, cluster0-shard-00-02.dxj9m.mongodb.net:27017, cluster0-shard-00-00.dxj9m.mongodb.net:27017], passives=[], arbiters=[], primary='cluster0-shard-00-01.dxj9m.mongodb.net:27017', tagSet=TagSet{[Tag{name='availabilityZone', value='sae1-az2'}, Tag{name='diskState', value='READY'}, Tag{name='nodeType', value='ELECTABLE'}, Tag{name='provider', value='AWS'}, Tag{name='region', value='SA_EAST_1'}, Tag{name='workloadType', value='OPERATIONAL'}]}, electionId=null, setVersion=1, topologyVersion=TopologyVersion{processId=67c719134cc1f6d52ecb1ffa, counter=3}, lastWriteDate=Wed Mar 05 22:48:55 GMT-05:00 2025, lastUpdateTimeNanos=100661169934300}
Error initializing MongoDB: Write failed with error code 11000 and error message 'Index build failed: e7670997-9c37-4360-a1e8-999621f76cfa: Collection BaseAmeStore.customer ( 5c6145ab-8534-41c5-be22-5bb6484baf54 ) :: caused by :: E11000 duplicate key error collection: BaseAmeStore.customer index: id_1 dup key: { id: "1755100169" }'
]]></system-err>
  </testcase>
  <testcase name="testGetDatabase" classname="ec.edu.espe.AmeStoreInventory.utils.CloudDBTest" time="1.71">
    <failure message="expected: &lt;null&gt; but was: &lt;com.mongodb.client.internal.MongoDatabaseImpl@3568f9d2&gt;" type="org.opentest4j.AssertionFailedError"><![CDATA[org.opentest4j.AssertionFailedError: expected: <null> but was: <com.mongodb.client.internal.MongoDatabaseImpl@3568f9d2>
	at org.junit.jupiter.api.AssertionFailureBuilder.build(AssertionFailureBuilder.java:151)
	at org.junit.jupiter.api.AssertionFailureBuilder.buildAndThrow(AssertionFailureBuilder.java:132)
	at org.junit.jupiter.api.AssertEquals.failNotEqual(AssertEquals.java:197)
	at org.junit.jupiter.api.AssertEquals.assertEquals(AssertEquals.java:182)
	at org.junit.jupiter.api.AssertEquals.assertEquals(AssertEquals.java:177)
	at org.junit.jupiter.api.Assertions.assertEquals(Assertions.java:1145)
	at ec.edu.espe.AmeStoreInventory.utils.CloudDBTest.testGetDatabase(CloudDBTest.java:202)
	at java.base/java.lang.reflect.Method.invoke(Method.java:580)
	at java.base/java.util.ArrayList.forEach(ArrayList.java:1597)
	at java.base/java.util.ArrayList.forEach(ArrayList.java:1597)
]]></failure>
    <system-out><![CDATA[getDatabase
]]></system-out>
    <system-err><![CDATA[[main] INFO org.mongodb.driver.client - MongoClient with metadata {"application": {"name": "Cluster0"}, "driver": {"name": "mongo-java-driver|sync", "version": "5.1.1"}, "os": {"type": "Windows", "name": "Windows 11", "architecture": "amd64", "version": "10.0"}, "platform": "Java/Oracle Corporation/23.0.1+11-39"} created with settings MongoClientSettings{readPreference=primary, writeConcern=WriteConcern{w=majority, wTimeout=null ms, journal=null}, retryWrites=true, retryReads=true, readConcern=ReadConcern{level=null}, credential=MongoCredential{mechanism=null, userName='daullcu', source='admin', password=<hidden>, mechanismProperties=<hidden>}, transportSettings=null, commandListeners=[], codecRegistry=ProvidersCodecRegistry{codecProviders=[ValueCodecProvider{}, BsonValueCodecProvider{}, DBRefCodecProvider{}, DBObjectCodecProvider{}, DocumentCodecProvider{}, CollectionCodecProvider{}, IterableCodecProvider{}, MapCodecProvider{}, GeoJsonCodecProvider{}, GridFSFileCodecProvider{}, Jsr310CodecProvider{}, JsonObjectCodecProvider{}, BsonCodecProvider{}, EnumCodecProvider{}, com.mongodb.client.model.mql.ExpressionCodecProvider@7fc4780b, com.mongodb.Jep395RecordCodecProvider@3b79fd76, com.mongodb.KotlinCodecProvider@48c76607]}, loggerSettings=LoggerSettings{maxDocumentLength=1000}, clusterSettings={hosts=[127.0.0.1:27017], srvHost=cluster0.dxj9m.mongodb.net, srvServiceName=mongodb, mode=MULTIPLE, requiredClusterType=REPLICA_SET, requiredReplicaSetName='atlas-f6rm43-shard-0', serverSelector='null', clusterListeners='[]', serverSelectionTimeout='30000 ms', localThreshold='15 ms'}, socketSettings=SocketSettings{connectTimeoutMS=10000, readTimeoutMS=0, receiveBufferSize=0, proxySettings=ProxySettings{host=null, port=null, username=null, password=null}}, heartbeatSocketSettings=SocketSettings{connectTimeoutMS=10000, readTimeoutMS=10000, receiveBufferSize=0, proxySettings=ProxySettings{host=null, port=null, username=null, password=null}}, connectionPoolSettings=ConnectionPoolSettings{maxSize=100, minSize=0, maxWaitTimeMS=120000, maxConnectionLifeTimeMS=0, maxConnectionIdleTimeMS=0, maintenanceInitialDelayMS=0, maintenanceFrequencyMS=60000, connectionPoolListeners=[], maxConnecting=2}, serverSettings=ServerSettings{heartbeatFrequencyMS=10000, minHeartbeatFrequencyMS=500, serverMonitoringMode=AUTO, serverListeners='[]', serverMonitorListeners='[]'}, sslSettings=SslSettings{enabled=true, invalidHostNameAllowed=false, context=null}, applicationName='Cluster0', compressorList=[], uuidRepresentation=UNSPECIFIED, serverApi=ServerApi{version=V1, deprecationErrors=null, strict=null}, autoEncryptionSettings=null, dnsClient=null, inetAddressResolver=null, contextProvider=null}
[main] INFO org.mongodb.driver.cluster - Waiting for server to become available for operation with ID 23. Remaining time: 30000 ms. Selector: WritableServerSelector, topology description: {type=UNKNOWN, servers=[].
[cluster-ClusterId{value='67c91b29f0be6e3158000502', description='Cluster0'}-srv-cluster0.dxj9m.mongodb.net] INFO org.mongodb.driver.cluster - Adding discovered server cluster0-shard-00-02.dxj9m.mongodb.net:27017 to client view of cluster
[cluster-ClusterId{value='67c91b29f0be6e3158000502', description='Cluster0'}-srv-cluster0.dxj9m.mongodb.net] INFO org.mongodb.driver.cluster - Adding discovered server cluster0-shard-00-01.dxj9m.mongodb.net:27017 to client view of cluster
[cluster-ClusterId{value='67c91b29f0be6e3158000502', description='Cluster0'}-srv-cluster0.dxj9m.mongodb.net] INFO org.mongodb.driver.cluster - Adding discovered server cluster0-shard-00-00.dxj9m.mongodb.net:27017 to client view of cluster
[cluster-ClusterId{value='67c91b29f0be6e3158000502', description='Cluster0'}-cluster0-shard-00-00.dxj9m.mongodb.net:27017] INFO org.mongodb.driver.cluster - Monitor thread successfully connected to server with description ServerDescription{address=cluster0-shard-00-00.dxj9m.mongodb.net:27017, type=REPLICA_SET_SECONDARY, state=CONNECTED, ok=true, minWireVersion=0, maxWireVersion=25, maxDocumentSize=16777216, logicalSessionTimeoutMinutes=30, roundTripTimeNanos=280967400, setName='atlas-f6rm43-shard-0', canonicalAddress=cluster0-shard-00-00.dxj9m.mongodb.net:27017, hosts=[cluster0-shard-00-01.dxj9m.mongodb.net:27017, cluster0-shard-00-02.dxj9m.mongodb.net:27017, cluster0-shard-00-00.dxj9m.mongodb.net:27017], passives=[], arbiters=[], primary='cluster0-shard-00-01.dxj9m.mongodb.net:27017', tagSet=TagSet{[Tag{name='availabilityZone', value='sae1-az1'}, Tag{name='diskState', value='READY'}, Tag{name='nodeType', value='ELECTABLE'}, Tag{name='provider', value='AWS'}, Tag{name='region', value='SA_EAST_1'}, Tag{name='workloadType', value='OPERATIONAL'}]}, electionId=null, setVersion=1, topologyVersion=TopologyVersion{processId=67c718bbf0e18f15cfdc4b2d, counter=4}, lastWriteDate=Wed Mar 05 22:48:57 GMT-05:00 2025, lastUpdateTimeNanos=100662795676600}
[cluster-ClusterId{value='67c91b29f0be6e3158000502', description='Cluster0'}-cluster0-shard-00-02.dxj9m.mongodb.net:27017] INFO org.mongodb.driver.cluster - Monitor thread successfully connected to server with description ServerDescription{address=cluster0-shard-00-02.dxj9m.mongodb.net:27017, type=REPLICA_SET_SECONDARY, state=CONNECTED, ok=true, minWireVersion=0, maxWireVersion=25, maxDocumentSize=16777216, logicalSessionTimeoutMinutes=30, roundTripTimeNanos=285149200, setName='atlas-f6rm43-shard-0', canonicalAddress=cluster0-shard-00-02.dxj9m.mongodb.net:27017, hosts=[cluster0-shard-00-01.dxj9m.mongodb.net:27017, cluster0-shard-00-02.dxj9m.mongodb.net:27017, cluster0-shard-00-00.dxj9m.mongodb.net:27017], passives=[], arbiters=[], primary='cluster0-shard-00-01.dxj9m.mongodb.net:27017', tagSet=TagSet{[Tag{name='availabilityZone', value='sae1-az2'}, Tag{name='diskState', value='READY'}, Tag{name='nodeType', value='ELECTABLE'}, Tag{name='provider', value='AWS'}, Tag{name='region', value='SA_EAST_1'}, Tag{name='workloadType', value='OPERATIONAL'}]}, electionId=null, setVersion=1, topologyVersion=TopologyVersion{processId=67c719134cc1f6d52ecb1ffa, counter=3}, lastWriteDate=Wed Mar 05 22:48:57 GMT-05:00 2025, lastUpdateTimeNanos=100662796422800}
[cluster-ClusterId{value='67c91b29f0be6e3158000502', description='Cluster0'}-cluster0-shard-00-01.dxj9m.mongodb.net:27017] INFO org.mongodb.driver.cluster - Monitor thread successfully connected to server with description ServerDescription{address=cluster0-shard-00-01.dxj9m.mongodb.net:27017, type=REPLICA_SET_PRIMARY, state=CONNECTED, ok=true, minWireVersion=0, maxWireVersion=25, maxDocumentSize=16777216, logicalSessionTimeoutMinutes=30, roundTripTimeNanos=296538300, setName='atlas-f6rm43-shard-0', canonicalAddress=cluster0-shard-00-01.dxj9m.mongodb.net:27017, hosts=[cluster0-shard-00-01.dxj9m.mongodb.net:27017, cluster0-shard-00-02.dxj9m.mongodb.net:27017, cluster0-shard-00-00.dxj9m.mongodb.net:27017], passives=[], arbiters=[], primary='cluster0-shard-00-01.dxj9m.mongodb.net:27017', tagSet=TagSet{[Tag{name='availabilityZone', value='sae1-az3'}, Tag{name='diskState', value='READY'}, Tag{name='nodeType', value='ELECTABLE'}, Tag{name='provider', value='AWS'}, Tag{name='region', value='SA_EAST_1'}, Tag{name='workloadType', value='OPERATIONAL'}]}, electionId=7fffffff000000000000000c, setVersion=1, topologyVersion=TopologyVersion{processId=67c718e7f21c80602f803db0, counter=6}, lastWriteDate=Wed Mar 05 22:48:57 GMT-05:00 2025, lastUpdateTimeNanos=100662815102200}
[cluster-ClusterId{value='67c91b29f0be6e3158000502', description='Cluster0'}-cluster0-shard-00-01.dxj9m.mongodb.net:27017] INFO org.mongodb.driver.cluster - Discovered replica set primary cluster0-shard-00-01.dxj9m.mongodb.net:27017 with max election id 7fffffff000000000000000c and max set version 1
Error initializing MongoDB: Write failed with error code 11000 and error message 'Index build failed: 6f1cf3b8-0a30-4297-9a5f-9630e33d4d2a: Collection BaseAmeStore.customer ( 5c6145ab-8534-41c5-be22-5bb6484baf54 ) :: caused by :: E11000 duplicate key error collection: BaseAmeStore.customer index: id_1 dup key: { id: "1755100169" }'
]]></system-err>
  </testcase>
  <testcase name="testUploadCustomerData" classname="ec.edu.espe.AmeStoreInventory.utils.CloudDBTest" time="1.471">
    <error message="Cannot invoke &quot;ec.edu.espe.AmeStoreInventory.model.Customer.getId()&quot; because &quot;customer&quot; is null" type="java.lang.NullPointerException"><![CDATA[java.lang.NullPointerException: Cannot invoke "ec.edu.espe.AmeStoreInventory.model.Customer.getId()" because "customer" is null
	at ec.edu.espe.AmeStoreInventory.utils.CloudDB.uploadCustomerData(CloudDB.java:147)
	at ec.edu.espe.AmeStoreInventory.utils.CloudDBTest.testUploadCustomerData(CloudDBTest.java:100)
	at java.base/java.lang.reflect.Method.invoke(Method.java:580)
	at java.base/java.util.ArrayList.forEach(ArrayList.java:1597)
	at java.base/java.util.ArrayList.forEach(ArrayList.java:1597)
]]></error>
    <system-out><![CDATA[uploadCustomerData
]]></system-out>
    <system-err><![CDATA[[main] INFO org.mongodb.driver.client - MongoClient with metadata {"application": {"name": "Cluster0"}, "driver": {"name": "mongo-java-driver|sync", "version": "5.1.1"}, "os": {"type": "Windows", "name": "Windows 11", "architecture": "amd64", "version": "10.0"}, "platform": "Java/Oracle Corporation/23.0.1+11-39"} created with settings MongoClientSettings{readPreference=primary, writeConcern=WriteConcern{w=majority, wTimeout=null ms, journal=null}, retryWrites=true, retryReads=true, readConcern=ReadConcern{level=null}, credential=MongoCredential{mechanism=null, userName='daullcu', source='admin', password=<hidden>, mechanismProperties=<hidden>}, transportSettings=null, commandListeners=[], codecRegistry=ProvidersCodecRegistry{codecProviders=[ValueCodecProvider{}, BsonValueCodecProvider{}, DBRefCodecProvider{}, DBObjectCodecProvider{}, DocumentCodecProvider{}, CollectionCodecProvider{}, IterableCodecProvider{}, MapCodecProvider{}, GeoJsonCodecProvider{}, GridFSFileCodecProvider{}, Jsr310CodecProvider{}, JsonObjectCodecProvider{}, BsonCodecProvider{}, EnumCodecProvider{}, com.mongodb.client.model.mql.ExpressionCodecProvider@7fc4780b, com.mongodb.Jep395RecordCodecProvider@3b79fd76, com.mongodb.KotlinCodecProvider@48c76607]}, loggerSettings=LoggerSettings{maxDocumentLength=1000}, clusterSettings={hosts=[127.0.0.1:27017], srvHost=cluster0.dxj9m.mongodb.net, srvServiceName=mongodb, mode=MULTIPLE, requiredClusterType=REPLICA_SET, requiredReplicaSetName='atlas-f6rm43-shard-0', serverSelector='null', clusterListeners='[]', serverSelectionTimeout='30000 ms', localThreshold='15 ms'}, socketSettings=SocketSettings{connectTimeoutMS=10000, readTimeoutMS=0, receiveBufferSize=0, proxySettings=ProxySettings{host=null, port=null, username=null, password=null}}, heartbeatSocketSettings=SocketSettings{connectTimeoutMS=10000, readTimeoutMS=10000, receiveBufferSize=0, proxySettings=ProxySettings{host=null, port=null, username=null, password=null}}, connectionPoolSettings=ConnectionPoolSettings{maxSize=100, minSize=0, maxWaitTimeMS=120000, maxConnectionLifeTimeMS=0, maxConnectionIdleTimeMS=0, maintenanceInitialDelayMS=0, maintenanceFrequencyMS=60000, connectionPoolListeners=[], maxConnecting=2}, serverSettings=ServerSettings{heartbeatFrequencyMS=10000, minHeartbeatFrequencyMS=500, serverMonitoringMode=AUTO, serverListeners='[]', serverMonitorListeners='[]'}, sslSettings=SslSettings{enabled=true, invalidHostNameAllowed=false, context=null}, applicationName='Cluster0', compressorList=[], uuidRepresentation=UNSPECIFIED, serverApi=ServerApi{version=V1, deprecationErrors=null, strict=null}, autoEncryptionSettings=null, dnsClient=null, inetAddressResolver=null, contextProvider=null}
[main] INFO org.mongodb.driver.cluster - Waiting for server to become available for operation with ID 33. Remaining time: 30000 ms. Selector: WritableServerSelector, topology description: {type=UNKNOWN, servers=[].
[cluster-ClusterId{value='67c91b2bf0be6e3158000503', description='Cluster0'}-srv-cluster0.dxj9m.mongodb.net] INFO org.mongodb.driver.cluster - Adding discovered server cluster0-shard-00-02.dxj9m.mongodb.net:27017 to client view of cluster
[cluster-ClusterId{value='67c91b2bf0be6e3158000503', description='Cluster0'}-srv-cluster0.dxj9m.mongodb.net] INFO org.mongodb.driver.cluster - Adding discovered server cluster0-shard-00-01.dxj9m.mongodb.net:27017 to client view of cluster
[cluster-ClusterId{value='67c91b2bf0be6e3158000503', description='Cluster0'}-srv-cluster0.dxj9m.mongodb.net] INFO org.mongodb.driver.cluster - Adding discovered server cluster0-shard-00-00.dxj9m.mongodb.net:27017 to client view of cluster
[cluster-ClusterId{value='67c91b2bf0be6e3158000503', description='Cluster0'}-cluster0-shard-00-01.dxj9m.mongodb.net:27017] INFO org.mongodb.driver.cluster - Monitor thread successfully connected to server with description ServerDescription{address=cluster0-shard-00-01.dxj9m.mongodb.net:27017, type=REPLICA_SET_PRIMARY, state=CONNECTED, ok=true, minWireVersion=0, maxWireVersion=25, maxDocumentSize=16777216, logicalSessionTimeoutMinutes=30, roundTripTimeNanos=280153200, setName='atlas-f6rm43-shard-0', canonicalAddress=cluster0-shard-00-01.dxj9m.mongodb.net:27017, hosts=[cluster0-shard-00-01.dxj9m.mongodb.net:27017, cluster0-shard-00-02.dxj9m.mongodb.net:27017, cluster0-shard-00-00.dxj9m.mongodb.net:27017], passives=[], arbiters=[], primary='cluster0-shard-00-01.dxj9m.mongodb.net:27017', tagSet=TagSet{[Tag{name='availabilityZone', value='sae1-az3'}, Tag{name='diskState', value='READY'}, Tag{name='nodeType', value='ELECTABLE'}, Tag{name='provider', value='AWS'}, Tag{name='region', value='SA_EAST_1'}, Tag{name='workloadType', value='OPERATIONAL'}]}, electionId=7fffffff000000000000000c, setVersion=1, topologyVersion=TopologyVersion{processId=67c718e7f21c80602f803db0, counter=6}, lastWriteDate=Wed Mar 05 22:48:59 GMT-05:00 2025, lastUpdateTimeNanos=100664495405800}
[cluster-ClusterId{value='67c91b2bf0be6e3158000503', description='Cluster0'}-cluster0-shard-00-01.dxj9m.mongodb.net:27017] INFO org.mongodb.driver.cluster - Discovered replica set primary cluster0-shard-00-01.dxj9m.mongodb.net:27017 with max election id 7fffffff000000000000000c and max set version 1
[cluster-ClusterId{value='67c91b2bf0be6e3158000503', description='Cluster0'}-cluster0-shard-00-00.dxj9m.mongodb.net:27017] INFO org.mongodb.driver.cluster - Monitor thread successfully connected to server with description ServerDescription{address=cluster0-shard-00-00.dxj9m.mongodb.net:27017, type=REPLICA_SET_SECONDARY, state=CONNECTED, ok=true, minWireVersion=0, maxWireVersion=25, maxDocumentSize=16777216, logicalSessionTimeoutMinutes=30, roundTripTimeNanos=279832000, setName='atlas-f6rm43-shard-0', canonicalAddress=cluster0-shard-00-00.dxj9m.mongodb.net:27017, hosts=[cluster0-shard-00-01.dxj9m.mongodb.net:27017, cluster0-shard-00-02.dxj9m.mongodb.net:27017, cluster0-shard-00-00.dxj9m.mongodb.net:27017], passives=[], arbiters=[], primary='cluster0-shard-00-01.dxj9m.mongodb.net:27017', tagSet=TagSet{[Tag{name='availabilityZone', value='sae1-az1'}, Tag{name='diskState', value='READY'}, Tag{name='nodeType', value='ELECTABLE'}, Tag{name='provider', value='AWS'}, Tag{name='region', value='SA_EAST_1'}, Tag{name='workloadType', value='OPERATIONAL'}]}, electionId=null, setVersion=1, topologyVersion=TopologyVersion{processId=67c718bbf0e18f15cfdc4b2d, counter=4}, lastWriteDate=Wed Mar 05 22:48:59 GMT-05:00 2025, lastUpdateTimeNanos=100664500007600}
[cluster-ClusterId{value='67c91b2bf0be6e3158000503', description='Cluster0'}-cluster0-shard-00-02.dxj9m.mongodb.net:27017] INFO org.mongodb.driver.cluster - Monitor thread successfully connected to server with description ServerDescription{address=cluster0-shard-00-02.dxj9m.mongodb.net:27017, type=REPLICA_SET_SECONDARY, state=CONNECTED, ok=true, minWireVersion=0, maxWireVersion=25, maxDocumentSize=16777216, logicalSessionTimeoutMinutes=30, roundTripTimeNanos=284897800, setName='atlas-f6rm43-shard-0', canonicalAddress=cluster0-shard-00-02.dxj9m.mongodb.net:27017, hosts=[cluster0-shard-00-01.dxj9m.mongodb.net:27017, cluster0-shard-00-02.dxj9m.mongodb.net:27017, cluster0-shard-00-00.dxj9m.mongodb.net:27017], passives=[], arbiters=[], primary='cluster0-shard-00-01.dxj9m.mongodb.net:27017', tagSet=TagSet{[Tag{name='availabilityZone', value='sae1-az2'}, Tag{name='diskState', value='READY'}, Tag{name='nodeType', value='ELECTABLE'}, Tag{name='provider', value='AWS'}, Tag{name='region', value='SA_EAST_1'}, Tag{name='workloadType', value='OPERATIONAL'}]}, electionId=null, setVersion=1, topologyVersion=TopologyVersion{processId=67c719134cc1f6d52ecb1ffa, counter=3}, lastWriteDate=Wed Mar 05 22:48:59 GMT-05:00 2025, lastUpdateTimeNanos=100664499994400}
Error initializing MongoDB: Write failed with error code 11000 and error message 'Index build failed: 486bf2b4-851a-49ae-b8e0-053506c15486: Collection BaseAmeStore.customer ( 5c6145ab-8534-41c5-be22-5bb6484baf54 ) :: caused by :: E11000 duplicate key error collection: BaseAmeStore.customer index: id_1 dup key: { id: "1755100169" }'
]]></system-err>
  </testcase>
  <testcase name="testFindCustomerByID" classname="ec.edu.espe.AmeStoreInventory.utils.CloudDBTest" time="1.521">
    <failure message="The test case is a prototype." type="org.opentest4j.AssertionFailedError"><![CDATA[org.opentest4j.AssertionFailedError: The test case is a prototype.
	at org.junit.jupiter.api.AssertionUtils.fail(AssertionUtils.java:38)
	at org.junit.jupiter.api.Assertions.fail(Assertions.java:138)
	at ec.edu.espe.AmeStoreInventory.utils.CloudDBTest.testFindCustomerByID(CloudDBTest.java:175)
	at java.base/java.lang.reflect.Method.invoke(Method.java:580)
	at java.base/java.util.ArrayList.forEach(ArrayList.java:1597)
	at java.base/java.util.ArrayList.forEach(ArrayList.java:1597)
]]></failure>
    <system-out><![CDATA[findCustomerByID
]]></system-out>
    <system-err><![CDATA[[main] INFO org.mongodb.driver.client - MongoClient with metadata {"application": {"name": "Cluster0"}, "driver": {"name": "mongo-java-driver|sync", "version": "5.1.1"}, "os": {"type": "Windows", "name": "Windows 11", "architecture": "amd64", "version": "10.0"}, "platform": "Java/Oracle Corporation/23.0.1+11-39"} created with settings MongoClientSettings{readPreference=primary, writeConcern=WriteConcern{w=majority, wTimeout=null ms, journal=null}, retryWrites=true, retryReads=true, readConcern=ReadConcern{level=null}, credential=MongoCredential{mechanism=null, userName='daullcu', source='admin', password=<hidden>, mechanismProperties=<hidden>}, transportSettings=null, commandListeners=[], codecRegistry=ProvidersCodecRegistry{codecProviders=[ValueCodecProvider{}, BsonValueCodecProvider{}, DBRefCodecProvider{}, DBObjectCodecProvider{}, DocumentCodecProvider{}, CollectionCodecProvider{}, IterableCodecProvider{}, MapCodecProvider{}, GeoJsonCodecProvider{}, GridFSFileCodecProvider{}, Jsr310CodecProvider{}, JsonObjectCodecProvider{}, BsonCodecProvider{}, EnumCodecProvider{}, com.mongodb.client.model.mql.ExpressionCodecProvider@7fc4780b, com.mongodb.Jep395RecordCodecProvider@3b79fd76, com.mongodb.KotlinCodecProvider@48c76607]}, loggerSettings=LoggerSettings{maxDocumentLength=1000}, clusterSettings={hosts=[127.0.0.1:27017], srvHost=cluster0.dxj9m.mongodb.net, srvServiceName=mongodb, mode=MULTIPLE, requiredClusterType=REPLICA_SET, requiredReplicaSetName='atlas-f6rm43-shard-0', serverSelector='null', clusterListeners='[]', serverSelectionTimeout='30000 ms', localThreshold='15 ms'}, socketSettings=SocketSettings{connectTimeoutMS=10000, readTimeoutMS=0, receiveBufferSize=0, proxySettings=ProxySettings{host=null, port=null, username=null, password=null}}, heartbeatSocketSettings=SocketSettings{connectTimeoutMS=10000, readTimeoutMS=10000, receiveBufferSize=0, proxySettings=ProxySettings{host=null, port=null, username=null, password=null}}, connectionPoolSettings=ConnectionPoolSettings{maxSize=100, minSize=0, maxWaitTimeMS=120000, maxConnectionLifeTimeMS=0, maxConnectionIdleTimeMS=0, maintenanceInitialDelayMS=0, maintenanceFrequencyMS=60000, connectionPoolListeners=[], maxConnecting=2}, serverSettings=ServerSettings{heartbeatFrequencyMS=10000, minHeartbeatFrequencyMS=500, serverMonitoringMode=AUTO, serverListeners='[]', serverMonitorListeners='[]'}, sslSettings=SslSettings{enabled=true, invalidHostNameAllowed=false, context=null}, applicationName='Cluster0', compressorList=[], uuidRepresentation=UNSPECIFIED, serverApi=ServerApi{version=V1, deprecationErrors=null, strict=null}, autoEncryptionSettings=null, dnsClient=null, inetAddressResolver=null, contextProvider=null}
[main] INFO org.mongodb.driver.cluster - Waiting for server to become available for operation with ID 43. Remaining time: 30000 ms. Selector: WritableServerSelector, topology description: {type=UNKNOWN, servers=[].
[cluster-ClusterId{value='67c91b2df0be6e3158000504', description='Cluster0'}-srv-cluster0.dxj9m.mongodb.net] INFO org.mongodb.driver.cluster - Adding discovered server cluster0-shard-00-02.dxj9m.mongodb.net:27017 to client view of cluster
[cluster-ClusterId{value='67c91b2df0be6e3158000504', description='Cluster0'}-srv-cluster0.dxj9m.mongodb.net] INFO org.mongodb.driver.cluster - Adding discovered server cluster0-shard-00-01.dxj9m.mongodb.net:27017 to client view of cluster
[cluster-ClusterId{value='67c91b2df0be6e3158000504', description='Cluster0'}-srv-cluster0.dxj9m.mongodb.net] INFO org.mongodb.driver.cluster - Adding discovered server cluster0-shard-00-00.dxj9m.mongodb.net:27017 to client view of cluster
[cluster-ClusterId{value='67c91b2df0be6e3158000504', description='Cluster0'}-cluster0-shard-00-00.dxj9m.mongodb.net:27017] INFO org.mongodb.driver.cluster - Monitor thread successfully connected to server with description ServerDescription{address=cluster0-shard-00-00.dxj9m.mongodb.net:27017, type=REPLICA_SET_SECONDARY, state=CONNECTED, ok=true, minWireVersion=0, maxWireVersion=25, maxDocumentSize=16777216, logicalSessionTimeoutMinutes=30, roundTripTimeNanos=285775200, setName='atlas-f6rm43-shard-0', canonicalAddress=cluster0-shard-00-00.dxj9m.mongodb.net:27017, hosts=[cluster0-shard-00-01.dxj9m.mongodb.net:27017, cluster0-shard-00-02.dxj9m.mongodb.net:27017, cluster0-shard-00-00.dxj9m.mongodb.net:27017], passives=[], arbiters=[], primary='cluster0-shard-00-01.dxj9m.mongodb.net:27017', tagSet=TagSet{[Tag{name='availabilityZone', value='sae1-az1'}, Tag{name='diskState', value='READY'}, Tag{name='nodeType', value='ELECTABLE'}, Tag{name='provider', value='AWS'}, Tag{name='region', value='SA_EAST_1'}, Tag{name='workloadType', value='OPERATIONAL'}]}, electionId=null, setVersion=1, topologyVersion=TopologyVersion{processId=67c718bbf0e18f15cfdc4b2d, counter=4}, lastWriteDate=Wed Mar 05 22:49:00 GMT-05:00 2025, lastUpdateTimeNanos=100665971712800}
[cluster-ClusterId{value='67c91b2df0be6e3158000504', description='Cluster0'}-cluster0-shard-00-01.dxj9m.mongodb.net:27017] INFO org.mongodb.driver.cluster - Monitor thread successfully connected to server with description ServerDescription{address=cluster0-shard-00-01.dxj9m.mongodb.net:27017, type=REPLICA_SET_PRIMARY, state=CONNECTED, ok=true, minWireVersion=0, maxWireVersion=25, maxDocumentSize=16777216, logicalSessionTimeoutMinutes=30, roundTripTimeNanos=285760200, setName='atlas-f6rm43-shard-0', canonicalAddress=cluster0-shard-00-01.dxj9m.mongodb.net:27017, hosts=[cluster0-shard-00-01.dxj9m.mongodb.net:27017, cluster0-shard-00-02.dxj9m.mongodb.net:27017, cluster0-shard-00-00.dxj9m.mongodb.net:27017], passives=[], arbiters=[], primary='cluster0-shard-00-01.dxj9m.mongodb.net:27017', tagSet=TagSet{[Tag{name='availabilityZone', value='sae1-az3'}, Tag{name='diskState', value='READY'}, Tag{name='nodeType', value='ELECTABLE'}, Tag{name='provider', value='AWS'}, Tag{name='region', value='SA_EAST_1'}, Tag{name='workloadType', value='OPERATIONAL'}]}, electionId=7fffffff000000000000000c, setVersion=1, topologyVersion=TopologyVersion{processId=67c718e7f21c80602f803db0, counter=6}, lastWriteDate=Wed Mar 05 22:49:00 GMT-05:00 2025, lastUpdateTimeNanos=100665971712800}
[cluster-ClusterId{value='67c91b2df0be6e3158000504', description='Cluster0'}-cluster0-shard-00-01.dxj9m.mongodb.net:27017] INFO org.mongodb.driver.cluster - Discovered replica set primary cluster0-shard-00-01.dxj9m.mongodb.net:27017 with max election id 7fffffff000000000000000c and max set version 1
[cluster-ClusterId{value='67c91b2df0be6e3158000504', description='Cluster0'}-cluster0-shard-00-02.dxj9m.mongodb.net:27017] INFO org.mongodb.driver.cluster - Monitor thread successfully connected to server with description ServerDescription{address=cluster0-shard-00-02.dxj9m.mongodb.net:27017, type=REPLICA_SET_SECONDARY, state=CONNECTED, ok=true, minWireVersion=0, maxWireVersion=25, maxDocumentSize=16777216, logicalSessionTimeoutMinutes=30, roundTripTimeNanos=289900900, setName='atlas-f6rm43-shard-0', canonicalAddress=cluster0-shard-00-02.dxj9m.mongodb.net:27017, hosts=[cluster0-shard-00-01.dxj9m.mongodb.net:27017, cluster0-shard-00-02.dxj9m.mongodb.net:27017, cluster0-shard-00-00.dxj9m.mongodb.net:27017], passives=[], arbiters=[], primary='cluster0-shard-00-01.dxj9m.mongodb.net:27017', tagSet=TagSet{[Tag{name='availabilityZone', value='sae1-az2'}, Tag{name='diskState', value='READY'}, Tag{name='nodeType', value='ELECTABLE'}, Tag{name='provider', value='AWS'}, Tag{name='region', value='SA_EAST_1'}, Tag{name='workloadType', value='OPERATIONAL'}]}, electionId=null, setVersion=1, topologyVersion=TopologyVersion{processId=67c719134cc1f6d52ecb1ffa, counter=3}, lastWriteDate=Wed Mar 05 22:49:00 GMT-05:00 2025, lastUpdateTimeNanos=100665975926600}
Error initializing MongoDB: Write failed with error code 11000 and error message 'Index build failed: f78aee4d-fd85-4f15-b802-33771c3918c0: Collection BaseAmeStore.customer ( 5c6145ab-8534-41c5-be22-5bb6484baf54 ) :: caused by :: E11000 duplicate key error collection: BaseAmeStore.customer index: id_1 dup key: { id: "1755100169" }'
]]></system-err>
  </testcase>
  <testcase name="testGetAllCustomers" classname="ec.edu.espe.AmeStoreInventory.utils.CloudDBTest" time="1.577">
    <failure message="expected: &lt;null&gt; but was: &lt;[Document{{_id=6793063905b6e16edcb7aec8, id=1755100169, name=Mateo T, address=Chimbacalle, email=mateotopon09@gmail.com, phone=0999912970}}, Document{{_id=679307005ed9415258c8832c, id=1755100169, name=Mateo dos, address=Espe, email=mateo@espe.edu.ec, phone=0998877666}}, Document{{_id=679307445ed9415258c8832d, id=1751115633, name=Mateo dos, address=Espe, email=mateo@espe.edu.ec, phone=0998877666}}, Document{{_id=6793cb64d2888900b9ce165a, id=1756299226, name=Matias, address=Sangolqui, email=mati2006@gmail.com, phone=0961947346}}, Document{{_id=67c34f499a921e01ac7c23ea, id=1755579024, name=Andres Esteban Sandoval Vinueza, address=Tababela, email=aesandoval@espe.edu.ec, phone=0984182122}}, Document{{_id=67c61ccf2295d100b18d28b7, id=1725283939, name=Alexander, address=Argelia, email=denysullcu8@gmail.com, phone=0963205039}}, Document{{_id=67c784a85c4c221f0042d2b3, id=1727736900, name=Jenni, address=Miranda, email=jenni@gmail.com, phone=0984237068}}, Document{{_id=67c795708e5f0914df5947b6, id=1715891428, name=Oscar Tipan, address=Sangolqui, email=oscar@gmail.com, phone=0987718454}}, Document{{_id=67c8ddba478ed6445e65865c, id=1726531856, name=Dayana Tipan, address=Fajardo, email=daya@gmail.com, phone=0987456124}}, Document{{_id=67c8fa6ddca1db0007ae85cd, id=1726533019, name=Tania Tipan, address=Sangolqui, email=tania@gmail.com, phone=023805672}}, Document{{_id=67c9083c5fac5e4e072d4548, id=1718822800, name=Concha Vasco, address=Conocoto, email=concha@gmail.com, phone=091423659}}, Document{{_id=67c90955b69ab406ff4a1f47, id=1710337765, name=Mauricio Catagña, address=Santa Isabel, email=mauri8@hotmail.es, phone=0989324444}}]&gt;" type="org.opentest4j.AssertionFailedError"><![CDATA[org.opentest4j.AssertionFailedError: expected: <null> but was: <[Document{{_id=6793063905b6e16edcb7aec8, id=1755100169, name=Mateo T, address=Chimbacalle, email=mateotopon09@gmail.com, phone=0999912970}}, Document{{_id=679307005ed9415258c8832c, id=1755100169, name=Mateo dos, address=Espe, email=mateo@espe.edu.ec, phone=0998877666}}, Document{{_id=679307445ed9415258c8832d, id=1751115633, name=Mateo dos, address=Espe, email=mateo@espe.edu.ec, phone=0998877666}}, Document{{_id=6793cb64d2888900b9ce165a, id=1756299226, name=Matias, address=Sangolqui, email=mati2006@gmail.com, phone=0961947346}}, Document{{_id=67c34f499a921e01ac7c23ea, id=1755579024, name=Andres Esteban Sandoval Vinueza, address=Tababela, email=aesandoval@espe.edu.ec, phone=0984182122}}, Document{{_id=67c61ccf2295d100b18d28b7, id=1725283939, name=Alexander, address=Argelia, email=denysullcu8@gmail.com, phone=0963205039}}, Document{{_id=67c784a85c4c221f0042d2b3, id=1727736900, name=Jenni, address=Miranda, email=jenni@gmail.com, phone=0984237068}}, Document{{_id=67c795708e5f0914df5947b6, id=1715891428, name=Oscar Tipan, address=Sangolqui, email=oscar@gmail.com, phone=0987718454}}, Document{{_id=67c8ddba478ed6445e65865c, id=1726531856, name=Dayana Tipan, address=Fajardo, email=daya@gmail.com, phone=0987456124}}, Document{{_id=67c8fa6ddca1db0007ae85cd, id=1726533019, name=Tania Tipan, address=Sangolqui, email=tania@gmail.com, phone=023805672}}, Document{{_id=67c9083c5fac5e4e072d4548, id=1718822800, name=Concha Vasco, address=Conocoto, email=concha@gmail.com, phone=091423659}}, Document{{_id=67c90955b69ab406ff4a1f47, id=1710337765, name=Mauricio Catagña, address=Santa Isabel, email=mauri8@hotmail.es, phone=0989324444}}]>
	at org.junit.jupiter.api.AssertionFailureBuilder.build(AssertionFailureBuilder.java:151)
	at org.junit.jupiter.api.AssertionFailureBuilder.buildAndThrow(AssertionFailureBuilder.java:132)
	at org.junit.jupiter.api.AssertEquals.failNotEqual(AssertEquals.java:197)
	at org.junit.jupiter.api.AssertEquals.assertEquals(AssertEquals.java:182)
	at org.junit.jupiter.api.AssertEquals.assertEquals(AssertEquals.java:177)
	at org.junit.jupiter.api.Assertions.assertEquals(Assertions.java:1145)
	at ec.edu.espe.AmeStoreInventory.utils.CloudDBTest.testGetAllCustomers(CloudDBTest.java:129)
	at java.base/java.lang.reflect.Method.invoke(Method.java:580)
	at java.base/java.util.ArrayList.forEach(ArrayList.java:1597)
	at java.base/java.util.ArrayList.forEach(ArrayList.java:1597)
]]></failure>
    <system-out><![CDATA[getAllCustomers
]]></system-out>
    <system-err><![CDATA[[main] INFO org.mongodb.driver.client - MongoClient with metadata {"application": {"name": "Cluster0"}, "driver": {"name": "mongo-java-driver|sync", "version": "5.1.1"}, "os": {"type": "Windows", "name": "Windows 11", "architecture": "amd64", "version": "10.0"}, "platform": "Java/Oracle Corporation/23.0.1+11-39"} created with settings MongoClientSettings{readPreference=primary, writeConcern=WriteConcern{w=majority, wTimeout=null ms, journal=null}, retryWrites=true, retryReads=true, readConcern=ReadConcern{level=null}, credential=MongoCredential{mechanism=null, userName='daullcu', source='admin', password=<hidden>, mechanismProperties=<hidden>}, transportSettings=null, commandListeners=[], codecRegistry=ProvidersCodecRegistry{codecProviders=[ValueCodecProvider{}, BsonValueCodecProvider{}, DBRefCodecProvider{}, DBObjectCodecProvider{}, DocumentCodecProvider{}, CollectionCodecProvider{}, IterableCodecProvider{}, MapCodecProvider{}, GeoJsonCodecProvider{}, GridFSFileCodecProvider{}, Jsr310CodecProvider{}, JsonObjectCodecProvider{}, BsonCodecProvider{}, EnumCodecProvider{}, com.mongodb.client.model.mql.ExpressionCodecProvider@7fc4780b, com.mongodb.Jep395RecordCodecProvider@3b79fd76, com.mongodb.KotlinCodecProvider@48c76607]}, loggerSettings=LoggerSettings{maxDocumentLength=1000}, clusterSettings={hosts=[127.0.0.1:27017], srvHost=cluster0.dxj9m.mongodb.net, srvServiceName=mongodb, mode=MULTIPLE, requiredClusterType=REPLICA_SET, requiredReplicaSetName='atlas-f6rm43-shard-0', serverSelector='null', clusterListeners='[]', serverSelectionTimeout='30000 ms', localThreshold='15 ms'}, socketSettings=SocketSettings{connectTimeoutMS=10000, readTimeoutMS=0, receiveBufferSize=0, proxySettings=ProxySettings{host=null, port=null, username=null, password=null}}, heartbeatSocketSettings=SocketSettings{connectTimeoutMS=10000, readTimeoutMS=10000, receiveBufferSize=0, proxySettings=ProxySettings{host=null, port=null, username=null, password=null}}, connectionPoolSettings=ConnectionPoolSettings{maxSize=100, minSize=0, maxWaitTimeMS=120000, maxConnectionLifeTimeMS=0, maxConnectionIdleTimeMS=0, maintenanceInitialDelayMS=0, maintenanceFrequencyMS=60000, connectionPoolListeners=[], maxConnecting=2}, serverSettings=ServerSettings{heartbeatFrequencyMS=10000, minHeartbeatFrequencyMS=500, serverMonitoringMode=AUTO, serverListeners='[]', serverMonitorListeners='[]'}, sslSettings=SslSettings{enabled=true, invalidHostNameAllowed=false, context=null}, applicationName='Cluster0', compressorList=[], uuidRepresentation=UNSPECIFIED, serverApi=ServerApi{version=V1, deprecationErrors=null, strict=null}, autoEncryptionSettings=null, dnsClient=null, inetAddressResolver=null, contextProvider=null}
[main] INFO org.mongodb.driver.cluster - Waiting for server to become available for operation with ID 54. Remaining time: 30000 ms. Selector: WritableServerSelector, topology description: {type=UNKNOWN, servers=[].
[cluster-ClusterId{value='67c91b2ef0be6e3158000505', description='Cluster0'}-srv-cluster0.dxj9m.mongodb.net] INFO org.mongodb.driver.cluster - Adding discovered server cluster0-shard-00-02.dxj9m.mongodb.net:27017 to client view of cluster
[cluster-ClusterId{value='67c91b2ef0be6e3158000505', description='Cluster0'}-srv-cluster0.dxj9m.mongodb.net] INFO org.mongodb.driver.cluster - Adding discovered server cluster0-shard-00-01.dxj9m.mongodb.net:27017 to client view of cluster
[cluster-ClusterId{value='67c91b2ef0be6e3158000505', description='Cluster0'}-srv-cluster0.dxj9m.mongodb.net] INFO org.mongodb.driver.cluster - Adding discovered server cluster0-shard-00-00.dxj9m.mongodb.net:27017 to client view of cluster
[cluster-ClusterId{value='67c91b2ef0be6e3158000505', description='Cluster0'}-cluster0-shard-00-00.dxj9m.mongodb.net:27017] INFO org.mongodb.driver.cluster - Monitor thread successfully connected to server with description ServerDescription{address=cluster0-shard-00-00.dxj9m.mongodb.net:27017, type=REPLICA_SET_SECONDARY, state=CONNECTED, ok=true, minWireVersion=0, maxWireVersion=25, maxDocumentSize=16777216, logicalSessionTimeoutMinutes=30, roundTripTimeNanos=286136500, setName='atlas-f6rm43-shard-0', canonicalAddress=cluster0-shard-00-00.dxj9m.mongodb.net:27017, hosts=[cluster0-shard-00-01.dxj9m.mongodb.net:27017, cluster0-shard-00-02.dxj9m.mongodb.net:27017, cluster0-shard-00-00.dxj9m.mongodb.net:27017], passives=[], arbiters=[], primary='cluster0-shard-00-01.dxj9m.mongodb.net:27017', tagSet=TagSet{[Tag{name='availabilityZone', value='sae1-az1'}, Tag{name='diskState', value='READY'}, Tag{name='nodeType', value='ELECTABLE'}, Tag{name='provider', value='AWS'}, Tag{name='region', value='SA_EAST_1'}, Tag{name='workloadType', value='OPERATIONAL'}]}, electionId=null, setVersion=1, topologyVersion=TopologyVersion{processId=67c718bbf0e18f15cfdc4b2d, counter=4}, lastWriteDate=Wed Mar 05 22:49:02 GMT-05:00 2025, lastUpdateTimeNanos=100667484730300}
[cluster-ClusterId{value='67c91b2ef0be6e3158000505', description='Cluster0'}-cluster0-shard-00-02.dxj9m.mongodb.net:27017] INFO org.mongodb.driver.cluster - Monitor thread successfully connected to server with description ServerDescription{address=cluster0-shard-00-02.dxj9m.mongodb.net:27017, type=REPLICA_SET_SECONDARY, state=CONNECTED, ok=true, minWireVersion=0, maxWireVersion=25, maxDocumentSize=16777216, logicalSessionTimeoutMinutes=30, roundTripTimeNanos=299695600, setName='atlas-f6rm43-shard-0', canonicalAddress=cluster0-shard-00-02.dxj9m.mongodb.net:27017, hosts=[cluster0-shard-00-01.dxj9m.mongodb.net:27017, cluster0-shard-00-02.dxj9m.mongodb.net:27017, cluster0-shard-00-00.dxj9m.mongodb.net:27017], passives=[], arbiters=[], primary='cluster0-shard-00-01.dxj9m.mongodb.net:27017', tagSet=TagSet{[Tag{name='availabilityZone', value='sae1-az2'}, Tag{name='diskState', value='READY'}, Tag{name='nodeType', value='ELECTABLE'}, Tag{name='provider', value='AWS'}, Tag{name='region', value='SA_EAST_1'}, Tag{name='workloadType', value='OPERATIONAL'}]}, electionId=null, setVersion=1, topologyVersion=TopologyVersion{processId=67c719134cc1f6d52ecb1ffa, counter=3}, lastWriteDate=Wed Mar 05 22:49:02 GMT-05:00 2025, lastUpdateTimeNanos=100667503870800}
[cluster-ClusterId{value='67c91b2ef0be6e3158000505', description='Cluster0'}-cluster0-shard-00-01.dxj9m.mongodb.net:27017] INFO org.mongodb.driver.cluster - Monitor thread successfully connected to server with description ServerDescription{address=cluster0-shard-00-01.dxj9m.mongodb.net:27017, type=REPLICA_SET_PRIMARY, state=CONNECTED, ok=true, minWireVersion=0, maxWireVersion=25, maxDocumentSize=16777216, logicalSessionTimeoutMinutes=30, roundTripTimeNanos=298445700, setName='atlas-f6rm43-shard-0', canonicalAddress=cluster0-shard-00-01.dxj9m.mongodb.net:27017, hosts=[cluster0-shard-00-01.dxj9m.mongodb.net:27017, cluster0-shard-00-02.dxj9m.mongodb.net:27017, cluster0-shard-00-00.dxj9m.mongodb.net:27017], passives=[], arbiters=[], primary='cluster0-shard-00-01.dxj9m.mongodb.net:27017', tagSet=TagSet{[Tag{name='availabilityZone', value='sae1-az3'}, Tag{name='diskState', value='READY'}, Tag{name='nodeType', value='ELECTABLE'}, Tag{name='provider', value='AWS'}, Tag{name='region', value='SA_EAST_1'}, Tag{name='workloadType', value='OPERATIONAL'}]}, electionId=7fffffff000000000000000c, setVersion=1, topologyVersion=TopologyVersion{processId=67c718e7f21c80602f803db0, counter=6}, lastWriteDate=Wed Mar 05 22:49:02 GMT-05:00 2025, lastUpdateTimeNanos=100667504453700}
[cluster-ClusterId{value='67c91b2ef0be6e3158000505', description='Cluster0'}-cluster0-shard-00-01.dxj9m.mongodb.net:27017] INFO org.mongodb.driver.cluster - Discovered replica set primary cluster0-shard-00-01.dxj9m.mongodb.net:27017 with max election id 7fffffff000000000000000c and max set version 1
Error initializing MongoDB: Write failed with error code 11000 and error message 'Index build failed: 716b1f3a-ebbd-4041-9432-6082835bad13: Collection BaseAmeStore.customer ( 5c6145ab-8534-41c5-be22-5bb6484baf54 ) :: caused by :: E11000 duplicate key error collection: BaseAmeStore.customer index: id_1 dup key: { id: "1755100169" }'
]]></system-err>
  </testcase>
  <testcase name="testUpdateProduct" classname="ec.edu.espe.AmeStoreInventory.utils.CloudDBTest" time="1.447">
    <error message="Cannot invoke &quot;ec.edu.espe.AmeStoreInventory.model.Product.getId()&quot; because &quot;product&quot; is null" type="java.lang.NullPointerException"><![CDATA[java.lang.NullPointerException: Cannot invoke "ec.edu.espe.AmeStoreInventory.model.Product.getId()" because "product" is null
	at ec.edu.espe.AmeStoreInventory.utils.CloudDB.updateProduct(CloudDB.java:95)
	at ec.edu.espe.AmeStoreInventory.utils.CloudDBTest.testUpdateProduct(CloudDBTest.java:60)
	at java.base/java.lang.reflect.Method.invoke(Method.java:580)
	at java.base/java.util.ArrayList.forEach(ArrayList.java:1597)
	at java.base/java.util.ArrayList.forEach(ArrayList.java:1597)
]]></error>
    <system-out><![CDATA[updateProduct
]]></system-out>
    <system-err><![CDATA[[main] INFO org.mongodb.driver.client - MongoClient with metadata {"application": {"name": "Cluster0"}, "driver": {"name": "mongo-java-driver|sync", "version": "5.1.1"}, "os": {"type": "Windows", "name": "Windows 11", "architecture": "amd64", "version": "10.0"}, "platform": "Java/Oracle Corporation/23.0.1+11-39"} created with settings MongoClientSettings{readPreference=primary, writeConcern=WriteConcern{w=majority, wTimeout=null ms, journal=null}, retryWrites=true, retryReads=true, readConcern=ReadConcern{level=null}, credential=MongoCredential{mechanism=null, userName='daullcu', source='admin', password=<hidden>, mechanismProperties=<hidden>}, transportSettings=null, commandListeners=[], codecRegistry=ProvidersCodecRegistry{codecProviders=[ValueCodecProvider{}, BsonValueCodecProvider{}, DBRefCodecProvider{}, DBObjectCodecProvider{}, DocumentCodecProvider{}, CollectionCodecProvider{}, IterableCodecProvider{}, MapCodecProvider{}, GeoJsonCodecProvider{}, GridFSFileCodecProvider{}, Jsr310CodecProvider{}, JsonObjectCodecProvider{}, BsonCodecProvider{}, EnumCodecProvider{}, com.mongodb.client.model.mql.ExpressionCodecProvider@7fc4780b, com.mongodb.Jep395RecordCodecProvider@3b79fd76, com.mongodb.KotlinCodecProvider@48c76607]}, loggerSettings=LoggerSettings{maxDocumentLength=1000}, clusterSettings={hosts=[127.0.0.1:27017], srvHost=cluster0.dxj9m.mongodb.net, srvServiceName=mongodb, mode=MULTIPLE, requiredClusterType=REPLICA_SET, requiredReplicaSetName='atlas-f6rm43-shard-0', serverSelector='null', clusterListeners='[]', serverSelectionTimeout='30000 ms', localThreshold='15 ms'}, socketSettings=SocketSettings{connectTimeoutMS=10000, readTimeoutMS=0, receiveBufferSize=0, proxySettings=ProxySettings{host=null, port=null, username=null, password=null}}, heartbeatSocketSettings=SocketSettings{connectTimeoutMS=10000, readTimeoutMS=10000, receiveBufferSize=0, proxySettings=ProxySettings{host=null, port=null, username=null, password=null}}, connectionPoolSettings=ConnectionPoolSettings{maxSize=100, minSize=0, maxWaitTimeMS=120000, maxConnectionLifeTimeMS=0, maxConnectionIdleTimeMS=0, maintenanceInitialDelayMS=0, maintenanceFrequencyMS=60000, connectionPoolListeners=[], maxConnecting=2}, serverSettings=ServerSettings{heartbeatFrequencyMS=10000, minHeartbeatFrequencyMS=500, serverMonitoringMode=AUTO, serverListeners='[]', serverMonitorListeners='[]'}, sslSettings=SslSettings{enabled=true, invalidHostNameAllowed=false, context=null}, applicationName='Cluster0', compressorList=[], uuidRepresentation=UNSPECIFIED, serverApi=ServerApi{version=V1, deprecationErrors=null, strict=null}, autoEncryptionSettings=null, dnsClient=null, inetAddressResolver=null, contextProvider=null}
[main] INFO org.mongodb.driver.cluster - Waiting for server to become available for operation with ID 65. Remaining time: 30000 ms. Selector: WritableServerSelector, topology description: {type=UNKNOWN, servers=[].
[cluster-ClusterId{value='67c91b30f0be6e3158000506', description='Cluster0'}-srv-cluster0.dxj9m.mongodb.net] INFO org.mongodb.driver.cluster - Adding discovered server cluster0-shard-00-02.dxj9m.mongodb.net:27017 to client view of cluster
[cluster-ClusterId{value='67c91b30f0be6e3158000506', description='Cluster0'}-srv-cluster0.dxj9m.mongodb.net] INFO org.mongodb.driver.cluster - Adding discovered server cluster0-shard-00-01.dxj9m.mongodb.net:27017 to client view of cluster
[cluster-ClusterId{value='67c91b30f0be6e3158000506', description='Cluster0'}-srv-cluster0.dxj9m.mongodb.net] INFO org.mongodb.driver.cluster - Adding discovered server cluster0-shard-00-00.dxj9m.mongodb.net:27017 to client view of cluster
[cluster-ClusterId{value='67c91b30f0be6e3158000506', description='Cluster0'}-cluster0-shard-00-00.dxj9m.mongodb.net:27017] INFO org.mongodb.driver.cluster - Monitor thread successfully connected to server with description ServerDescription{address=cluster0-shard-00-00.dxj9m.mongodb.net:27017, type=REPLICA_SET_SECONDARY, state=CONNECTED, ok=true, minWireVersion=0, maxWireVersion=25, maxDocumentSize=16777216, logicalSessionTimeoutMinutes=30, roundTripTimeNanos=279253300, setName='atlas-f6rm43-shard-0', canonicalAddress=cluster0-shard-00-00.dxj9m.mongodb.net:27017, hosts=[cluster0-shard-00-01.dxj9m.mongodb.net:27017, cluster0-shard-00-02.dxj9m.mongodb.net:27017, cluster0-shard-00-00.dxj9m.mongodb.net:27017], passives=[], arbiters=[], primary='cluster0-shard-00-01.dxj9m.mongodb.net:27017', tagSet=TagSet{[Tag{name='availabilityZone', value='sae1-az1'}, Tag{name='diskState', value='READY'}, Tag{name='nodeType', value='ELECTABLE'}, Tag{name='provider', value='AWS'}, Tag{name='region', value='SA_EAST_1'}, Tag{name='workloadType', value='OPERATIONAL'}]}, electionId=null, setVersion=1, topologyVersion=TopologyVersion{processId=67c718bbf0e18f15cfdc4b2d, counter=4}, lastWriteDate=Wed Mar 05 22:49:04 GMT-05:00 2025, lastUpdateTimeNanos=100669057007800}
[cluster-ClusterId{value='67c91b30f0be6e3158000506', description='Cluster0'}-cluster0-shard-00-02.dxj9m.mongodb.net:27017] INFO org.mongodb.driver.cluster - Monitor thread successfully connected to server with description ServerDescription{address=cluster0-shard-00-02.dxj9m.mongodb.net:27017, type=REPLICA_SET_SECONDARY, state=CONNECTED, ok=true, minWireVersion=0, maxWireVersion=25, maxDocumentSize=16777216, logicalSessionTimeoutMinutes=30, roundTripTimeNanos=286765400, setName='atlas-f6rm43-shard-0', canonicalAddress=cluster0-shard-00-02.dxj9m.mongodb.net:27017, hosts=[cluster0-shard-00-01.dxj9m.mongodb.net:27017, cluster0-shard-00-02.dxj9m.mongodb.net:27017, cluster0-shard-00-00.dxj9m.mongodb.net:27017], passives=[], arbiters=[], primary='cluster0-shard-00-01.dxj9m.mongodb.net:27017', tagSet=TagSet{[Tag{name='availabilityZone', value='sae1-az2'}, Tag{name='diskState', value='READY'}, Tag{name='nodeType', value='ELECTABLE'}, Tag{name='provider', value='AWS'}, Tag{name='region', value='SA_EAST_1'}, Tag{name='workloadType', value='OPERATIONAL'}]}, electionId=null, setVersion=1, topologyVersion=TopologyVersion{processId=67c719134cc1f6d52ecb1ffa, counter=3}, lastWriteDate=Wed Mar 05 22:49:04 GMT-05:00 2025, lastUpdateTimeNanos=100669064421900}
[cluster-ClusterId{value='67c91b30f0be6e3158000506', description='Cluster0'}-cluster0-shard-00-01.dxj9m.mongodb.net:27017] INFO org.mongodb.driver.cluster - Monitor thread successfully connected to server with description ServerDescription{address=cluster0-shard-00-01.dxj9m.mongodb.net:27017, type=REPLICA_SET_PRIMARY, state=CONNECTED, ok=true, minWireVersion=0, maxWireVersion=25, maxDocumentSize=16777216, logicalSessionTimeoutMinutes=30, roundTripTimeNanos=301984300, setName='atlas-f6rm43-shard-0', canonicalAddress=cluster0-shard-00-01.dxj9m.mongodb.net:27017, hosts=[cluster0-shard-00-01.dxj9m.mongodb.net:27017, cluster0-shard-00-02.dxj9m.mongodb.net:27017, cluster0-shard-00-00.dxj9m.mongodb.net:27017], passives=[], arbiters=[], primary='cluster0-shard-00-01.dxj9m.mongodb.net:27017', tagSet=TagSet{[Tag{name='availabilityZone', value='sae1-az3'}, Tag{name='diskState', value='READY'}, Tag{name='nodeType', value='ELECTABLE'}, Tag{name='provider', value='AWS'}, Tag{name='region', value='SA_EAST_1'}, Tag{name='workloadType', value='OPERATIONAL'}]}, electionId=7fffffff000000000000000c, setVersion=1, topologyVersion=TopologyVersion{processId=67c718e7f21c80602f803db0, counter=6}, lastWriteDate=Wed Mar 05 22:49:04 GMT-05:00 2025, lastUpdateTimeNanos=100669084483900}
[cluster-ClusterId{value='67c91b30f0be6e3158000506', description='Cluster0'}-cluster0-shard-00-01.dxj9m.mongodb.net:27017] INFO org.mongodb.driver.cluster - Discovered replica set primary cluster0-shard-00-01.dxj9m.mongodb.net:27017 with max election id 7fffffff000000000000000c and max set version 1
Error initializing MongoDB: Write failed with error code 11000 and error message 'Index build failed: f63936db-8963-48ac-bab4-c951230f25ef: Collection BaseAmeStore.customer ( 5c6145ab-8534-41c5-be22-5bb6484baf54 ) :: caused by :: E11000 duplicate key error collection: BaseAmeStore.customer index: id_1 dup key: { id: "1755100169" }'
]]></system-err>
  </testcase>
  <testcase name="testUpdateCustomer" classname="ec.edu.espe.AmeStoreInventory.utils.CloudDBTest" time="1.664">
    <error message="Write operation error on server cluster0-shard-00-01.dxj9m.mongodb.net:27017. Write error: WriteError{code=9, message=&apos;Modifiers operate on fields but we found type null instead. For example: {$mod: {&lt;field&gt;: ...}} not {$set: null}&apos;, details={}}." type="com.mongodb.MongoWriteException"><![CDATA[com.mongodb.MongoWriteException: Write operation error on server cluster0-shard-00-01.dxj9m.mongodb.net:27017. Write error: WriteError{code=9, message='Modifiers operate on fields but we found type null instead. For example: {$mod: {<field>: ...}} not {$set: null}', details={}}.
	at com.mongodb.client.internal.MongoCollectionImpl.executeSingleWriteRequest(MongoCollectionImpl.java:1091)
	at com.mongodb.client.internal.MongoCollectionImpl.executeUpdate(MongoCollectionImpl.java:1068)
	at com.mongodb.client.internal.MongoCollectionImpl.updateOne(MongoCollectionImpl.java:585)
	at com.mongodb.client.internal.MongoCollectionImpl.updateOne(MongoCollectionImpl.java:580)
	at ec.edu.espe.AmeStoreInventory.utils.CloudDB.updateCustomer(CloudDB.java:207)
	at ec.edu.espe.AmeStoreInventory.utils.CloudDBTest.testUpdateCustomer(CloudDBTest.java:143)
	at java.base/java.lang.reflect.Method.invoke(Method.java:580)
	at java.base/java.util.ArrayList.forEach(ArrayList.java:1597)
	at java.base/java.util.ArrayList.forEach(ArrayList.java:1597)
]]></error>
    <system-out><![CDATA[updateCustomer
]]></system-out>
    <system-err><![CDATA[[main] INFO org.mongodb.driver.client - MongoClient with metadata {"application": {"name": "Cluster0"}, "driver": {"name": "mongo-java-driver|sync", "version": "5.1.1"}, "os": {"type": "Windows", "name": "Windows 11", "architecture": "amd64", "version": "10.0"}, "platform": "Java/Oracle Corporation/23.0.1+11-39"} created with settings MongoClientSettings{readPreference=primary, writeConcern=WriteConcern{w=majority, wTimeout=null ms, journal=null}, retryWrites=true, retryReads=true, readConcern=ReadConcern{level=null}, credential=MongoCredential{mechanism=null, userName='daullcu', source='admin', password=<hidden>, mechanismProperties=<hidden>}, transportSettings=null, commandListeners=[], codecRegistry=ProvidersCodecRegistry{codecProviders=[ValueCodecProvider{}, BsonValueCodecProvider{}, DBRefCodecProvider{}, DBObjectCodecProvider{}, DocumentCodecProvider{}, CollectionCodecProvider{}, IterableCodecProvider{}, MapCodecProvider{}, GeoJsonCodecProvider{}, GridFSFileCodecProvider{}, Jsr310CodecProvider{}, JsonObjectCodecProvider{}, BsonCodecProvider{}, EnumCodecProvider{}, com.mongodb.client.model.mql.ExpressionCodecProvider@7fc4780b, com.mongodb.Jep395RecordCodecProvider@3b79fd76, com.mongodb.KotlinCodecProvider@48c76607]}, loggerSettings=LoggerSettings{maxDocumentLength=1000}, clusterSettings={hosts=[127.0.0.1:27017], srvHost=cluster0.dxj9m.mongodb.net, srvServiceName=mongodb, mode=MULTIPLE, requiredClusterType=REPLICA_SET, requiredReplicaSetName='atlas-f6rm43-shard-0', serverSelector='null', clusterListeners='[]', serverSelectionTimeout='30000 ms', localThreshold='15 ms'}, socketSettings=SocketSettings{connectTimeoutMS=10000, readTimeoutMS=0, receiveBufferSize=0, proxySettings=ProxySettings{host=null, port=null, username=null, password=null}}, heartbeatSocketSettings=SocketSettings{connectTimeoutMS=10000, readTimeoutMS=10000, receiveBufferSize=0, proxySettings=ProxySettings{host=null, port=null, username=null, password=null}}, connectionPoolSettings=ConnectionPoolSettings{maxSize=100, minSize=0, maxWaitTimeMS=120000, maxConnectionLifeTimeMS=0, maxConnectionIdleTimeMS=0, maintenanceInitialDelayMS=0, maintenanceFrequencyMS=60000, connectionPoolListeners=[], maxConnecting=2}, serverSettings=ServerSettings{heartbeatFrequencyMS=10000, minHeartbeatFrequencyMS=500, serverMonitoringMode=AUTO, serverListeners='[]', serverMonitorListeners='[]'}, sslSettings=SslSettings{enabled=true, invalidHostNameAllowed=false, context=null}, applicationName='Cluster0', compressorList=[], uuidRepresentation=UNSPECIFIED, serverApi=ServerApi{version=V1, deprecationErrors=null, strict=null}, autoEncryptionSettings=null, dnsClient=null, inetAddressResolver=null, contextProvider=null}
[main] INFO org.mongodb.driver.cluster - Waiting for server to become available for operation with ID 78. Remaining time: 30000 ms. Selector: WritableServerSelector, topology description: {type=UNKNOWN, servers=[].
[cluster-ClusterId{value='67c91b31f0be6e3158000507', description='Cluster0'}-srv-cluster0.dxj9m.mongodb.net] INFO org.mongodb.driver.cluster - Adding discovered server cluster0-shard-00-02.dxj9m.mongodb.net:27017 to client view of cluster
[cluster-ClusterId{value='67c91b31f0be6e3158000507', description='Cluster0'}-srv-cluster0.dxj9m.mongodb.net] INFO org.mongodb.driver.cluster - Adding discovered server cluster0-shard-00-01.dxj9m.mongodb.net:27017 to client view of cluster
[cluster-ClusterId{value='67c91b31f0be6e3158000507', description='Cluster0'}-srv-cluster0.dxj9m.mongodb.net] INFO org.mongodb.driver.cluster - Adding discovered server cluster0-shard-00-00.dxj9m.mongodb.net:27017 to client view of cluster
[cluster-ClusterId{value='67c91b31f0be6e3158000507', description='Cluster0'}-cluster0-shard-00-01.dxj9m.mongodb.net:27017] INFO org.mongodb.driver.cluster - Monitor thread successfully connected to server with description ServerDescription{address=cluster0-shard-00-01.dxj9m.mongodb.net:27017, type=REPLICA_SET_PRIMARY, state=CONNECTED, ok=true, minWireVersion=0, maxWireVersion=25, maxDocumentSize=16777216, logicalSessionTimeoutMinutes=30, roundTripTimeNanos=280070900, setName='atlas-f6rm43-shard-0', canonicalAddress=cluster0-shard-00-01.dxj9m.mongodb.net:27017, hosts=[cluster0-shard-00-01.dxj9m.mongodb.net:27017, cluster0-shard-00-02.dxj9m.mongodb.net:27017, cluster0-shard-00-00.dxj9m.mongodb.net:27017], passives=[], arbiters=[], primary='cluster0-shard-00-01.dxj9m.mongodb.net:27017', tagSet=TagSet{[Tag{name='availabilityZone', value='sae1-az3'}, Tag{name='diskState', value='READY'}, Tag{name='nodeType', value='ELECTABLE'}, Tag{name='provider', value='AWS'}, Tag{name='region', value='SA_EAST_1'}, Tag{name='workloadType', value='OPERATIONAL'}]}, electionId=7fffffff000000000000000c, setVersion=1, topologyVersion=TopologyVersion{processId=67c718e7f21c80602f803db0, counter=6}, lastWriteDate=Wed Mar 05 22:49:05 GMT-05:00 2025, lastUpdateTimeNanos=100670521960700}
[cluster-ClusterId{value='67c91b31f0be6e3158000507', description='Cluster0'}-cluster0-shard-00-01.dxj9m.mongodb.net:27017] INFO org.mongodb.driver.cluster - Discovered replica set primary cluster0-shard-00-01.dxj9m.mongodb.net:27017 with max election id 7fffffff000000000000000c and max set version 1
[cluster-ClusterId{value='67c91b31f0be6e3158000507', description='Cluster0'}-cluster0-shard-00-00.dxj9m.mongodb.net:27017] INFO org.mongodb.driver.cluster - Monitor thread successfully connected to server with description ServerDescription{address=cluster0-shard-00-00.dxj9m.mongodb.net:27017, type=REPLICA_SET_SECONDARY, state=CONNECTED, ok=true, minWireVersion=0, maxWireVersion=25, maxDocumentSize=16777216, logicalSessionTimeoutMinutes=30, roundTripTimeNanos=280186500, setName='atlas-f6rm43-shard-0', canonicalAddress=cluster0-shard-00-00.dxj9m.mongodb.net:27017, hosts=[cluster0-shard-00-01.dxj9m.mongodb.net:27017, cluster0-shard-00-02.dxj9m.mongodb.net:27017, cluster0-shard-00-00.dxj9m.mongodb.net:27017], passives=[], arbiters=[], primary='cluster0-shard-00-01.dxj9m.mongodb.net:27017', tagSet=TagSet{[Tag{name='availabilityZone', value='sae1-az1'}, Tag{name='diskState', value='READY'}, Tag{name='nodeType', value='ELECTABLE'}, Tag{name='provider', value='AWS'}, Tag{name='region', value='SA_EAST_1'}, Tag{name='workloadType', value='OPERATIONAL'}]}, electionId=null, setVersion=1, topologyVersion=TopologyVersion{processId=67c718bbf0e18f15cfdc4b2d, counter=4}, lastWriteDate=Wed Mar 05 22:49:05 GMT-05:00 2025, lastUpdateTimeNanos=100670526482800}
[cluster-ClusterId{value='67c91b31f0be6e3158000507', description='Cluster0'}-cluster0-shard-00-02.dxj9m.mongodb.net:27017] INFO org.mongodb.driver.cluster - Monitor thread successfully connected to server with description ServerDescription{address=cluster0-shard-00-02.dxj9m.mongodb.net:27017, type=REPLICA_SET_SECONDARY, state=CONNECTED, ok=true, minWireVersion=0, maxWireVersion=25, maxDocumentSize=16777216, logicalSessionTimeoutMinutes=30, roundTripTimeNanos=296716800, setName='atlas-f6rm43-shard-0', canonicalAddress=cluster0-shard-00-02.dxj9m.mongodb.net:27017, hosts=[cluster0-shard-00-01.dxj9m.mongodb.net:27017, cluster0-shard-00-02.dxj9m.mongodb.net:27017, cluster0-shard-00-00.dxj9m.mongodb.net:27017], passives=[], arbiters=[], primary='cluster0-shard-00-01.dxj9m.mongodb.net:27017', tagSet=TagSet{[Tag{name='availabilityZone', value='sae1-az2'}, Tag{name='diskState', value='READY'}, Tag{name='nodeType', value='ELECTABLE'}, Tag{name='provider', value='AWS'}, Tag{name='region', value='SA_EAST_1'}, Tag{name='workloadType', value='OPERATIONAL'}]}, electionId=null, setVersion=1, topologyVersion=TopologyVersion{processId=67c719134cc1f6d52ecb1ffa, counter=3}, lastWriteDate=Wed Mar 05 22:49:05 GMT-05:00 2025, lastUpdateTimeNanos=100670546490400}
Error initializing MongoDB: Write failed with error code 11000 and error message 'Index build failed: e86aff2b-5401-4e47-ac36-80fa0abe6481: Collection BaseAmeStore.customer ( 5c6145ab-8534-41c5-be22-5bb6484baf54 ) :: caused by :: E11000 duplicate key error collection: BaseAmeStore.customer index: id_1 dup key: { id: "1755100169" }'
]]></system-err>
  </testcase>
  <testcase name="testCreateUniqueIndex" classname="ec.edu.espe.AmeStoreInventory.utils.CloudDBTest" time="1.714">
    <error message="Write failed with error code 11000 and error message &apos;Index build failed: 7e5f3f41-7e0c-4095-a793-7588b375093b: Collection BaseAmeStore.customer ( 5c6145ab-8534-41c5-be22-5bb6484baf54 ) :: caused by :: E11000 duplicate key error collection: BaseAmeStore.customer index: id_1 dup key: { id: &quot;1755100169&quot; }&apos;" type="com.mongodb.DuplicateKeyException"><![CDATA[com.mongodb.DuplicateKeyException: Write failed with error code 11000 and error message 'Index build failed: 7e5f3f41-7e0c-4095-a793-7588b375093b: Collection BaseAmeStore.customer ( 5c6145ab-8534-41c5-be22-5bb6484baf54 ) :: caused by :: E11000 duplicate key error collection: BaseAmeStore.customer index: id_1 dup key: { id: "1755100169" }'
	at com.mongodb.internal.operation.CreateIndexesOperation.checkForDuplicateKeyError(CreateIndexesOperation.java:252)
	at com.mongodb.internal.operation.CreateIndexesOperation.lambda$execute$0(CreateIndexesOperation.java:134)
	at com.mongodb.internal.operation.SyncOperationHelper.withConnectionSource(SyncOperationHelper.java:160)
	at com.mongodb.internal.operation.SyncOperationHelper.withConnection(SyncOperationHelper.java:105)
	at com.mongodb.internal.operation.CreateIndexesOperation.execute(CreateIndexesOperation.java:129)
	at com.mongodb.internal.operation.CreateIndexesOperation.execute(CreateIndexesOperation.java:68)
	at com.mongodb.client.internal.MongoClientDelegate$DelegateOperationExecutor.execute(MongoClientDelegate.java:173)
	at com.mongodb.client.internal.MongoCollectionImpl.executeCreateIndexes(MongoCollectionImpl.java:912)
	at com.mongodb.client.internal.MongoCollectionImpl.createIndexes(MongoCollectionImpl.java:895)
	at com.mongodb.client.internal.MongoCollectionImpl.createIndexes(MongoCollectionImpl.java:890)
	at com.mongodb.client.internal.MongoCollectionImpl.createIndex(MongoCollectionImpl.java:875)
	at ec.edu.espe.AmeStoreInventory.utils.CloudDB.createUniqueIndex(CloudDB.java:253)
	at ec.edu.espe.AmeStoreInventory.utils.CloudDBTest.testCreateUniqueIndex(CloudDBTest.java:214)
	at java.base/java.lang.reflect.Method.invoke(Method.java:580)
	at java.base/java.util.ArrayList.forEach(ArrayList.java:1597)
	at java.base/java.util.ArrayList.forEach(ArrayList.java:1597)
]]></error>
    <system-out><![CDATA[createUniqueIndex
]]></system-out>
[...]
[cluster-ClusterId{value='67c91b39f0be6e315800050c', description='Cluster0'}-cluster0-shard-00-01.dxj9m.mongodb.net:27017] INFO org.mongodb.driver.cluster - Discovered replica set primary cluster0-shard-00-01.dxj9m.mongodb.net:27017 with max election id 7fffffff000000000000000c and max set version 1
[cluster-ClusterId{value='67c91b39f0be6e315800050c', description='Cluster0'}-cluster0-shard-00-00.dxj9m.mongodb.net:27017] INFO org.mongodb.driver.cluster - Monitor thread successfully connected to server with description ServerDescription{address=cluster0-shard-00-00.dxj9m.mongodb.net:27017, type=REPLICA_SET_SECONDARY, state=CONNECTED, ok=true, minWireVersion=0, maxWireVersion=25, maxDocumentSize=16777216, logicalSessionTimeoutMinutes=30, roundTripTimeNanos=278347500, setName='atlas-f6rm43-shard-0', canonicalAddress=cluster0-shard-00-00.dxj9m.mongodb.net:27017, hosts=[cluster0-shard-00-01.dxj9m.mongodb.net:27017, cluster0-shard-00-02.dxj9m.mongodb.net:27017, cluster0-shard-00-00.dxj9m.mongodb.net:27017], passives=[], arbiters=[], primary='cluster0-shard-00-01.dxj9m.mongodb.net:27017', tagSet=TagSet{[Tag{name='availabilityZone', value='sae1-az1'}, Tag{name='diskState', value='READY'}, Tag{name='nodeType', value='ELECTABLE'}, Tag{name='provider', value='AWS'}, Tag{name='region', value='SA_EAST_1'}, Tag{name='workloadType', value='OPERATIONAL'}]}, electionId=null, setVersion=1, topologyVersion=TopologyVersion{processId=67c718bbf0e18f15cfdc4b2d, counter=4}, lastWriteDate=Wed Mar 05 22:49:13 GMT-05:00 2025, lastUpdateTimeNanos=100678380777400}
[cluster-ClusterId{value='67c91b39f0be6e315800050c', description='Cluster0'}-cluster0-shard-00-02.dxj9m.mongodb.net:27017] INFO org.mongodb.driver.cluster - Monitor thread successfully connected to server with description ServerDescription{address=cluster0-shard-00-02.dxj9m.mongodb.net:27017, type=REPLICA_SET_SECONDARY, state=CONNECTED, ok=true, minWireVersion=0, maxWireVersion=25, maxDocumentSize=16777216, logicalSessionTimeoutMinutes=30, roundTripTimeNanos=278444600, setName='atlas-f6rm43-shard-0', canonicalAddress=cluster0-shard-00-02.dxj9m.mongodb.net:27017, hosts=[cluster0-shard-00-01.dxj9m.mongodb.net:27017, cluster0-shard-00-02.dxj9m.mongodb.net:27017, cluster0-shard-00-00.dxj9m.mongodb.net:27017], passives=[], arbiters=[], primary='cluster0-shard-00-01.dxj9m.mongodb.net:27017', tagSet=TagSet{[Tag{name='availabilityZone', value='sae1-az2'}, Tag{name='diskState', value='READY'}, Tag{name='nodeType', value='ELECTABLE'}, Tag{name='provider', value='AWS'}, Tag{name='region', value='SA_EAST_1'}, Tag{name='workloadType', value='OPERATIONAL'}]}, electionId=null, setVersion=1, topologyVersion=TopologyVersion{processId=67c719134cc1f6d52ecb1ffa, counter=3}, lastWriteDate=Wed Mar 05 22:49:13 GMT-05:00 2025, lastUpdateTimeNanos=100678380874700}
Error initializing MongoDB: Write failed with error code 11000 and error message 'Index build failed: 7f90b846-50a7-4090-8dae-1262ac77399a: Collection BaseAmeStore.customer ( 5c6145ab-8534-41c5-be22-5bb6484baf54 ) :: caused by :: E11000 duplicate key error collection: BaseAmeStore.customer index: id_1 dup key: { id: "1755100169" }'
]]></system-err>
  </testcase>
  <testcase name="testSaveInvoice" classname="ec.edu.espe.AmeStoreInventory.utils.CloudDBTest" time="1.437">
    <failure message="The test case is a prototype." type="org.opentest4j.AssertionFailedError"><![CDATA[org.opentest4j.AssertionFailedError: The test case is a prototype.
	at org.junit.jupiter.api.AssertionUtils.fail(AssertionUtils.java:38)
	at org.junit.jupiter.api.Assertions.fail(Assertions.java:138)
	at ec.edu.espe.AmeStoreInventory.utils.CloudDBTest.testSaveInvoice(CloudDBTest.java:190)
	at java.base/java.lang.reflect.Method.invoke(Method.java:580)
	at java.base/java.util.ArrayList.forEach(ArrayList.java:1597)
	at java.base/java.util.ArrayList.forEach(ArrayList.java:1597)
]]></failure>
    <system-out><![CDATA[saveInvoice
]]></system-out>
    <system-err><![CDATA[[main] INFO org.mongodb.driver.client - MongoClient with metadata {"application": {"name": "Cluster0"}, "driver": {"name": "mongo-java-driver|sync", "version": "5.1.1"}, "os": {"type": "Windows", "name": "Windows 11", "architecture": "amd64", "version": "10.0"}, "platform": "Java/Oracle Corporation/23.0.1+11-39"} created with settings MongoClientSettings{readPreference=primary, writeConcern=WriteConcern{w=majority, wTimeout=null ms, journal=null}, retryWrites=true, retryReads=true, readConcern=ReadConcern{level=null}, credential=MongoCredential{mechanism=null, userName='daullcu', source='admin', password=<hidden>, mechanismProperties=<hidden>}, transportSettings=null, commandListeners=[], codecRegistry=ProvidersCodecRegistry{codecProviders=[ValueCodecProvider{}, BsonValueCodecProvider{}, DBRefCodecProvider{}, DBObjectCodecProvider{}, DocumentCodecProvider{}, CollectionCodecProvider{}, IterableCodecProvider{}, MapCodecProvider{}, GeoJsonCodecProvider{}, GridFSFileCodecProvider{}, Jsr310CodecProvider{}, JsonObjectCodecProvider{}, BsonCodecProvider{}, EnumCodecProvider{}, com.mongodb.client.model.mql.ExpressionCodecProvider@7fc4780b, com.mongodb.Jep395RecordCodecProvider@3b79fd76, com.mongodb.KotlinCodecProvider@48c76607]}, loggerSettings=LoggerSettings{maxDocumentLength=1000}, clusterSettings={hosts=[127.0.0.1:27017], srvHost=cluster0.dxj9m.mongodb.net, srvServiceName=mongodb, mode=MULTIPLE, requiredClusterType=REPLICA_SET, requiredReplicaSetName='atlas-f6rm43-shard-0', serverSelector='null', clusterListeners='[]', serverSelectionTimeout='30000 ms', localThreshold='15 ms'}, socketSettings=SocketSettings{connectTimeoutMS=10000, readTimeoutMS=0, receiveBufferSize=0, proxySettings=ProxySettings{host=null, port=null, username=null, password=null}}, heartbeatSocketSettings=SocketSettings{connectTimeoutMS=10000, readTimeoutMS=10000, receiveBufferSize=0, proxySettings=ProxySettings{host=null, port=null, username=null, password=null}}, connectionPoolSettings=ConnectionPoolSettings{maxSize=100, minSize=0, maxWaitTimeMS=120000, maxConnectionLifeTimeMS=0, maxConnectionIdleTimeMS=0, maintenanceInitialDelayMS=0, maintenanceFrequencyMS=60000, connectionPoolListeners=[], maxConnecting=2}, serverSettings=ServerSettings{heartbeatFrequencyMS=10000, minHeartbeatFrequencyMS=500, serverMonitoringMode=AUTO, serverListeners='[]', serverMonitorListeners='[]'}, sslSettings=SslSettings{enabled=true, invalidHostNameAllowed=false, context=null}, applicationName='Cluster0', compressorList=[], uuidRepresentation=UNSPECIFIED, serverApi=ServerApi{version=V1, deprecationErrors=null, strict=null}, autoEncryptionSettings=null, dnsClient=null, inetAddressResolver=null, contextProvider=null}
[main] INFO org.mongodb.driver.cluster - Waiting for server to become available for operation with ID 160. Remaining time: 30000 ms. Selector: WritableServerSelector, topology description: {type=UNKNOWN, servers=[].
[cluster-ClusterId{value='67c91b3bf0be6e315800050d', description='Cluster0'}-srv-cluster0.dxj9m.mongodb.net] INFO org.mongodb.driver.cluster - Adding discovered server cluster0-shard-00-02.dxj9m.mongodb.net:27017 to client view of cluster
[cluster-ClusterId{value='67c91b3bf0be6e315800050d', description='Cluster0'}-srv-cluster0.dxj9m.mongodb.net] INFO org.mongodb.driver.cluster - Adding discovered server cluster0-shard-00-01.dxj9m.mongodb.net:27017 to client view of cluster
[cluster-ClusterId{value='67c91b3bf0be6e315800050d', description='Cluster0'}-srv-cluster0.dxj9m.mongodb.net] INFO org.mongodb.driver.cluster - Adding discovered server cluster0-shard-00-00.dxj9m.mongodb.net:27017 to client view of cluster
[cluster-ClusterId{value='67c91b3bf0be6e315800050d', description='Cluster0'}-cluster0-shard-00-01.dxj9m.mongodb.net:27017] INFO org.mongodb.driver.cluster - Monitor thread successfully connected to server with description ServerDescription{address=cluster0-shard-00-01.dxj9m.mongodb.net:27017, type=REPLICA_SET_PRIMARY, state=CONNECTED, ok=true, minWireVersion=0, maxWireVersion=25, maxDocumentSize=16777216, logicalSessionTimeoutMinutes=30, roundTripTimeNanos=279010400, setName='atlas-f6rm43-shard-0', canonicalAddress=cluster0-shard-00-01.dxj9m.mongodb.net:27017, hosts=[cluster0-shard-00-01.dxj9m.mongodb.net:27017, cluster0-shard-00-02.dxj9m.mongodb.net:27017, cluster0-shard-00-00.dxj9m.mongodb.net:27017], passives=[], arbiters=[], primary='cluster0-shard-00-01.dxj9m.mongodb.net:27017', tagSet=TagSet{[Tag{name='availabilityZone', value='sae1-az3'}, Tag{name='diskState', value='READY'}, Tag{name='nodeType', value='ELECTABLE'}, Tag{name='provider', value='AWS'}, Tag{name='region', value='SA_EAST_1'}, Tag{name='workloadType', value='OPERATIONAL'}]}, electionId=7fffffff000000000000000c, setVersion=1, topologyVersion=TopologyVersion{processId=67c718e7f21c80602f803db0, counter=6}, lastWriteDate=Wed Mar 05 22:49:14 GMT-05:00 2025, lastUpdateTimeNanos=100679964032300}
[cluster-ClusterId{value='67c91b3bf0be6e315800050d', description='Cluster0'}-cluster0-shard-00-01.dxj9m.mongodb.net:27017] INFO org.mongodb.driver.cluster - Discovered replica set primary cluster0-shard-00-01.dxj9m.mongodb.net:27017 with max election id 7fffffff000000000000000c and max set version 1
[cluster-ClusterId{value='67c91b3bf0be6e315800050d', description='Cluster0'}-cluster0-shard-00-00.dxj9m.mongodb.net:27017] INFO org.mongodb.driver.cluster - Monitor thread successfully connected to server with description ServerDescription{address=cluster0-shard-00-00.dxj9m.mongodb.net:27017, type=REPLICA_SET_SECONDARY, state=CONNECTED, ok=true, minWireVersion=0, maxWireVersion=25, maxDocumentSize=16777216, logicalSessionTimeoutMinutes=30, roundTripTimeNanos=286098800, setName='atlas-f6rm43-shard-0', canonicalAddress=cluster0-shard-00-00.dxj9m.mongodb.net:27017, hosts=[cluster0-shard-00-01.dxj9m.mongodb.net:27017, cluster0-shard-00-02.dxj9m.mongodb.net:27017, cluster0-shard-00-00.dxj9m.mongodb.net:27017], passives=[], arbiters=[], primary='cluster0-shard-00-01.dxj9m.mongodb.net:27017', tagSet=TagSet{[Tag{name='availabilityZone', value='sae1-az1'}, Tag{name='diskState', value='READY'}, Tag{name='nodeType', value='ELECTABLE'}, Tag{name='provider', value='AWS'}, Tag{name='region', value='SA_EAST_1'}, Tag{name='workloadType', value='OPERATIONAL'}]}, electionId=null, setVersion=1, topologyVersion=TopologyVersion{processId=67c718bbf0e18f15cfdc4b2d, counter=4}, lastWriteDate=Wed Mar 05 22:49:14 GMT-05:00 2025, lastUpdateTimeNanos=100679976395300}
[cluster-ClusterId{value='67c91b3bf0be6e315800050d', description='Cluster0'}-cluster0-shard-00-02.dxj9m.mongodb.net:27017] INFO org.mongodb.driver.cluster - Monitor thread successfully connected to server with description ServerDescription{address=cluster0-shard-00-02.dxj9m.mongodb.net:27017, type=REPLICA_SET_SECONDARY, state=CONNECTED, ok=true, minWireVersion=0, maxWireVersion=25, maxDocumentSize=16777216, logicalSessionTimeoutMinutes=30, roundTripTimeNanos=296680400, setName='atlas-f6rm43-shard-0', canonicalAddress=cluster0-shard-00-02.dxj9m.mongodb.net:27017, hosts=[cluster0-shard-00-01.dxj9m.mongodb.net:27017, cluster0-shard-00-02.dxj9m.mongodb.net:27017, cluster0-shard-00-00.dxj9m.mongodb.net:27017], passives=[], arbiters=[], primary='cluster0-shard-00-01.dxj9m.mongodb.net:27017', tagSet=TagSet{[Tag{name='availabilityZone', value='sae1-az2'}, Tag{name='diskState', value='READY'}, Tag{name='nodeType', value='ELECTABLE'}, Tag{name='provider', value='AWS'}, Tag{name='region', value='SA_EAST_1'}, Tag{name='workloadType', value='OPERATIONAL'}]}, electionId=null, setVersion=1, topologyVersion=TopologyVersion{processId=67c719134cc1f6d52ecb1ffa, counter=3}, lastWriteDate=Wed Mar 05 22:49:14 GMT-05:00 2025, lastUpdateTimeNanos=100679991334400}
Error initializing MongoDB: Write failed with error code 11000 and error message 'Index build failed: ba2e677d-06ab-48cb-bfb8-87b6196942e6: Collection BaseAmeStore.customer ( 5c6145ab-8534-41c5-be22-5bb6484baf54 ) :: caused by :: E11000 duplicate key error collection: BaseAmeStore.customer index: id_1 dup key: { id: "1755100169" }'
Error al guardar la factura: document can not be null
java.lang.IllegalArgumentException: document can not be null
	at com.mongodb.assertions.Assertions.notNull(Assertions.java:48)
	at com.mongodb.client.internal.MongoCollectionImpl.insertOne(MongoCollectionImpl.java:459)
	at com.mongodb.client.internal.MongoCollectionImpl.insertOne(MongoCollectionImpl.java:454)
	at ec.edu.espe.AmeStoreInventory.utils.CloudDB.saveInvoice(CloudDB.java:237)
	at ec.edu.espe.AmeStoreInventory.utils.CloudDBTest.testSaveInvoice(CloudDBTest.java:187)
	at java.base/jdk.internal.reflect.DirectMethodHandleAccessor.invoke(DirectMethodHandleAccessor.java:103)
	at java.base/java.lang.reflect.Method.invoke(Method.java:580)
	at org.junit.platform.commons.util.ReflectionUtils.invokeMethod(ReflectionUtils.java:728)
	at org.junit.jupiter.engine.execution.MethodInvocation.proceed(MethodInvocation.java:60)
	at org.junit.jupiter.engine.execution.InvocationInterceptorChain$ValidatingInvocation.proceed(InvocationInterceptorChain.java:131)
	at org.junit.jupiter.engine.extension.TimeoutExtension.intercept(TimeoutExtension.java:156)
	at org.junit.jupiter.engine.extension.TimeoutExtension.interceptTestableMethod(TimeoutExtension.java:147)
	at org.junit.jupiter.engine.extension.TimeoutExtension.interceptTestMethod(TimeoutExtension.java:86)
	at org.junit.jupiter.engine.execution.InterceptingExecutableInvoker$ReflectiveInterceptorCall.lambda$ofVoidMethod$0(InterceptingExecutableInvoker.java:103)
	at org.junit.jupiter.engine.execution.InterceptingExecutableInvoker.lambda$invoke$0(InterceptingExecutableInvoker.java:93)
	at org.junit.jupiter.engine.execution.InvocationInterceptorChain$InterceptedInvocation.proceed(InvocationInterceptorChain.java:106)
	at org.junit.jupiter.engine.execution.InvocationInterceptorChain.proceed(InvocationInterceptorChain.java:64)
	at org.junit.jupiter.engine.execution.InvocationInterceptorChain.chainAndInvoke(InvocationInterceptorChain.java:45)
	at org.junit.jupiter.engine.execution.InvocationInterceptorChain.invoke(InvocationInterceptorChain.java:37)
	at org.junit.jupiter.engine.execution.InterceptingExecutableInvoker.invoke(InterceptingExecutableInvoker.java:92)
	at org.junit.jupiter.engine.execution.InterceptingExecutableInvoker.invoke(InterceptingExecutableInvoker.java:86)
	at org.junit.jupiter.engine.descriptor.TestMethodTestDescriptor.lambda$invokeTestMethod$7(TestMethodTestDescriptor.java:218)
	at org.junit.platform.engine.support.hierarchical.ThrowableCollector.execute(ThrowableCollector.java:73)
	at org.junit.jupiter.engine.descriptor.TestMethodTestDescriptor.invokeTestMethod(TestMethodTestDescriptor.java:214)
	at org.junit.jupiter.engine.descriptor.TestMethodTestDescriptor.execute(TestMethodTestDescriptor.java:139)
	at org.junit.jupiter.engine.descriptor.TestMethodTestDescriptor.execute(TestMethodTestDescriptor.java:69)
	at org.junit.platform.engine.support.hierarchical.NodeTestTask.lambda$executeRecursively$6(NodeTestTask.java:151)
	at org.junit.platform.engine.support.hierarchical.ThrowableCollector.execute(ThrowableCollector.java:73)
	at org.junit.platform.engine.support.hierarchical.NodeTestTask.lambda$executeRecursively$8(NodeTestTask.java:141)
	at org.junit.platform.engine.support.hierarchical.Node.around(Node.java:137)
	at org.junit.platform.engine.support.hierarchical.NodeTestTask.lambda$executeRecursively$9(NodeTestTask.java:139)
	at org.junit.platform.engine.support.hierarchical.ThrowableCollector.execute(ThrowableCollector.java:73)
	at org.junit.platform.engine.support.hierarchical.NodeTestTask.executeRecursively(NodeTestTask.java:138)
	at org.junit.platform.engine.support.hierarchical.NodeTestTask.execute(NodeTestTask.java:95)
	at java.base/java.util.ArrayList.forEach(ArrayList.java:1597)
	at org.junit.platform.engine.support.hierarchical.SameThreadHierarchicalTestExecutorService.invokeAll(SameThreadHierarchicalTestExecutorService.java:41)
	at org.junit.platform.engine.support.hierarchical.NodeTestTask.lambda$executeRecursively$6(NodeTestTask.java:155)
	at org.junit.platform.engine.support.hierarchical.ThrowableCollector.execute(ThrowableCollector.java:73)
	at org.junit.platform.engine.support.hierarchical.NodeTestTask.lambda$executeRecursively$8(NodeTestTask.java:141)
	at org.junit.platform.engine.support.hierarchical.Node.around(Node.java:137)
	at org.junit.platform.engine.support.hierarchical.NodeTestTask.lambda$executeRecursively$9(NodeTestTask.java:139)
	at org.junit.platform.engine.support.hierarchical.ThrowableCollector.execute(ThrowableCollector.java:73)
	at org.junit.platform.engine.support.hierarchical.NodeTestTask.executeRecursively(NodeTestTask.java:138)
	at org.junit.platform.engine.support.hierarchical.NodeTestTask.execute(NodeTestTask.java:95)
	at java.base/java.util.ArrayList.forEach(ArrayList.java:1597)
	at org.junit.platform.engine.support.hierarchical.SameThreadHierarchicalTestExecutorService.invokeAll(SameThreadHierarchicalTestExecutorService.java:41)
	at org.junit.platform.engine.support.hierarchical.NodeTestTask.lambda$executeRecursively$6(NodeTestTask.java:155)
	at org.junit.platform.engine.support.hierarchical.ThrowableCollector.execute(ThrowableCollector.java:73)
	at org.junit.platform.engine.support.hierarchical.NodeTestTask.lambda$executeRecursively$8(NodeTestTask.java:141)
	at org.junit.platform.engine.support.hierarchical.Node.around(Node.java:137)
	at org.junit.platform.engine.support.hierarchical.NodeTestTask.lambda$executeRecursively$9(NodeTestTask.java:139)
	at org.junit.platform.engine.support.hierarchical.ThrowableCollector.execute(ThrowableCollector.java:73)
	at org.junit.platform.engine.support.hierarchical.NodeTestTask.executeRecursively(NodeTestTask.java:138)
	at org.junit.platform.engine.support.hierarchical.NodeTestTask.execute(NodeTestTask.java:95)
	at org.junit.platform.engine.support.hierarchical.SameThreadHierarchicalTestExecutorService.submit(SameThreadHierarchicalTestExecutorService.java:35)
	at org.junit.platform.engine.support.hierarchical.HierarchicalTestExecutor.execute(HierarchicalTestExecutor.java:57)
	at org.junit.platform.engine.support.hierarchical.HierarchicalTestEngine.execute(HierarchicalTestEngine.java:54)
	at org.junit.platform.launcher.core.EngineExecutionOrchestrator.execute(EngineExecutionOrchestrator.java:198)
	at org.junit.platform.launcher.core.EngineExecutionOrchestrator.execute(EngineExecutionOrchestrator.java:169)
	at org.junit.platform.launcher.core.EngineExecutionOrchestrator.execute(EngineExecutionOrchestrator.java:93)
	at org.junit.platform.launcher.core.EngineExecutionOrchestrator.lambda$execute$0(EngineExecutionOrchestrator.java:58)
	at org.junit.platform.launcher.core.EngineExecutionOrchestrator.withInterceptedStreams(EngineExecutionOrchestrator.java:141)
	at org.junit.platform.launcher.core.EngineExecutionOrchestrator.execute(EngineExecutionOrchestrator.java:57)
	at org.junit.platform.launcher.core.DefaultLauncher.execute(DefaultLauncher.java:103)
	at org.junit.platform.launcher.core.DefaultLauncher.execute(DefaultLauncher.java:85)
	at org.junit.platform.launcher.core.DelegatingLauncher.execute(DelegatingLauncher.java:47)
	at org.apache.maven.surefire.junitplatform.LazyLauncher.execute(LazyLauncher.java:56)
	at org.apache.maven.surefire.junitplatform.JUnitPlatformProvider.execute(JUnitPlatformProvider.java:184)
	at org.apache.maven.surefire.junitplatform.JUnitPlatformProvider.invokeAllTests(JUnitPlatformProvider.java:148)
	at org.apache.maven.surefire.junitplatform.JUnitPlatformProvider.invoke(JUnitPlatformProvider.java:122)
	at org.apache.maven.surefire.booter.ForkedBooter.runSuitesInProcess(ForkedBooter.java:385)
	at org.apache.maven.surefire.booter.ForkedBooter.execute(ForkedBooter.java:162)
	at org.apache.maven.surefire.booter.ForkedBooter.run(ForkedBooter.java:507)
	at org.apache.maven.surefire.booter.ForkedBooter.main(ForkedBooter.java:495)
]]></system-err>
  </testcase>
</testsuite>