<?xml version="1.0" encoding="UTF-8"?>
<testsuite xmlns:xsi="http://www.w3.org/2001/XMLSchema-instance" xsi:noNamespaceSchemaLocation="https://maven.apache.org/surefire/maven-surefire-plugin/xsd/surefire-test-report-3.0.xsd" version="3.0" name="ec.edu.espe.AmeStoreInventory.model.InvoiceTest" time="0.192" tests="18" errors="18" skipped="0" failures="0">
  <properties>
[...]
</properties>
  <testcase name="testGetCustomerAddress" classname="ec.edu.espe.AmeStoreInventory.model.InvoiceTest" time="0.047">
    <error message="Cannot invoke &quot;ec.edu.espe.AmeStoreInventory.model.Invoice.getCustomerAddress()&quot; because &quot;instance&quot; is null" type="java.lang.NullPointerException"><![CDATA[java.lang.NullPointerException: Cannot invoke "ec.edu.espe.AmeStoreInventory.model.Invoice.getCustomerAddress()" because "instance" is null
	at ec.edu.espe.AmeStoreInventory.model.InvoiceTest.testGetCustomerAddress(InvoiceTest.java:82)
	at java.base/java.lang.reflect.Method.invoke(Method.java:580)
	at java.base/java.util.ArrayList.forEach(ArrayList.java:1597)
	at java.base/java.util.ArrayList.forEach(ArrayList.java:1597)
]]></error>
    <system-out><![CDATA[getCustomerAddress
]]></system-out>
  </testcase>
  <testcase name="testGetCustomerName" classname="ec.edu.espe.AmeStoreInventory.model.InvoiceTest" time="0.004">
    <error message="Cannot invoke &quot;ec.edu.espe.AmeStoreInventory.model.Invoice.getCustomerName()&quot; because &quot;instance&quot; is null" type="java.lang.NullPointerException"><![CDATA[java.lang.NullPointerException: Cannot invoke "ec.edu.espe.AmeStoreInventory.model.Invoice.getCustomerName()" because "instance" is null
	at ec.edu.espe.AmeStoreInventory.model.InvoiceTest.testGetCustomerName(InvoiceTest.java:55)
	at java.base/java.lang.reflect.Method.invoke(Method.java:580)
	at java.base/java.util.ArrayList.forEach(ArrayList.java:1597)
	at java.base/java.util.ArrayList.forEach(ArrayList.java:1597)
]]></error>
    <system-out><![CDATA[getCustomerName
]]></system-out>
  </testcase>
  <testcase name="testSetCustomerPhone" classname="ec.edu.espe.AmeStoreInventory.model.InvoiceTest" time="0.005">
    <error message="Cannot invoke &quot;ec.edu.espe.AmeStoreInventory.model.Invoice.setCustomerPhone(String)&quot; because &quot;instance&quot; is null" type="java.lang.NullPointerException"><![CDATA[java.lang.NullPointerException: Cannot invoke "ec.edu.espe.AmeStoreInventory.model.Invoice.setCustomerPhone(String)" because "instance" is null
	at ec.edu.espe.AmeStoreInventory.model.InvoiceTest.testSetCustomerPhone(InvoiceTest.java:123)
	at java.base/java.lang.reflect.Method.invoke(Method.java:580)
	at java.base/java.util.ArrayList.forEach(ArrayList.java:1597)
	at java.base/java.util.ArrayList.forEach(ArrayList.java:1597)
]]></error>
    <system-out><![CDATA[setCustomerPhone
]]></system-out>
  </testcase>
  <testcase name="testGetItems" classname="ec.edu.espe.AmeStoreInventory.model.InvoiceTest" time="0.005">
    <error message="Cannot invoke &quot;ec.edu.espe.AmeStoreInventory.model.Invoice.getItems()&quot; because &quot;instance&quot; is null" type="java.lang.NullPointerException"><![CDATA[java.lang.NullPointerException: Cannot invoke "ec.edu.espe.AmeStoreInventory.model.Invoice.getItems()" because "instance" is null
	at ec.edu.espe.AmeStoreInventory.model.InvoiceTest.testGetItems(InvoiceTest.java:136)
	at java.base/java.lang.reflect.Method.invoke(Method.java:580)
	at java.base/java.util.ArrayList.forEach(ArrayList.java:1597)
	at java.base/java.util.ArrayList.forEach(ArrayList.java:1597)
]]></error>
    <system-out><![CDATA[getItems
]]></system-out>
  </testcase>
  <testcase name="testGetTotal" classname="ec.edu.espe.AmeStoreInventory.model.InvoiceTest" time="0.004">
    <error message="Cannot invoke &quot;ec.edu.espe.AmeStoreInventory.model.Invoice.getTotal()&quot; because &quot;instance&quot; is null" type="java.lang.NullPointerException"><![CDATA[java.lang.NullPointerException: Cannot invoke "ec.edu.espe.AmeStoreInventory.model.Invoice.getTotal()" because "instance" is null
	at ec.edu.espe.AmeStoreInventory.model.InvoiceTest.testGetTotal(InvoiceTest.java:217)
	at java.base/java.lang.reflect.Method.invoke(Method.java:580)
	at java.base/java.util.ArrayList.forEach(ArrayList.java:1597)
	at java.base/java.util.ArrayList.forEach(ArrayList.java:1597)
]]></error>
    <system-out><![CDATA[getTotal
]]></system-out>
  </testcase>
  <testcase name="testGetId" classname="ec.edu.espe.AmeStoreInventory.model.InvoiceTest" time="0.004">
    <error message="Cannot invoke &quot;ec.edu.espe.AmeStoreInventory.model.Invoice.getId()&quot; because &quot;instance&quot; is null" type="java.lang.NullPointerException"><![CDATA[java.lang.NullPointerException: Cannot invoke "ec.edu.espe.AmeStoreInventory.model.Invoice.getId()" because "instance" is null
	at ec.edu.espe.AmeStoreInventory.model.InvoiceTest.testGetId(InvoiceTest.java:28)
	at java.base/java.lang.reflect.Method.invoke(Method.java:580)
	at java.base/java.util.ArrayList.forEach(ArrayList.java:1597)
	at java.base/java.util.ArrayList.forEach(ArrayList.java:1597)
]]></error>
    <system-out><![CDATA[getId
]]></system-out>
  </testcase>
  <testcase name="testSetId" classname="ec.edu.espe.AmeStoreInventory.model.InvoiceTest" time="0.003">
    <error message="Cannot invoke &quot;ec.edu.espe.AmeStoreInventory.model.Invoice.setId(String)&quot; because &quot;instance&quot; is null" type="java.lang.NullPointerException"><![CDATA[java.lang.NullPointerException: Cannot invoke "ec.edu.espe.AmeStoreInventory.model.Invoice.setId(String)" because "instance" is null
	at ec.edu.espe.AmeStoreInventory.model.InvoiceTest.testSetId(InvoiceTest.java:42)
	at java.base/java.lang.reflect.Method.invoke(Method.java:580)
	at java.base/java.util.ArrayList.forEach(ArrayList.java:1597)
	at java.base/java.util.ArrayList.forEach(ArrayList.java:1597)
]]></error>
    <system-out><![CDATA[setId
]]></system-out>
  </testcase>
  <testcase name="testSetCustomerName" classname="ec.edu.espe.AmeStoreInventory.model.InvoiceTest" time="0.003">
    <error message="Cannot invoke &quot;ec.edu.espe.AmeStoreInventory.model.Invoice.setCustomerName(String)&quot; because &quot;instance&quot; is null" type="java.lang.NullPointerException"><![CDATA[java.lang.NullPointerException: Cannot invoke "ec.edu.espe.AmeStoreInventory.model.Invoice.setCustomerName(String)" because "instance" is null
	at ec.edu.espe.AmeStoreInventory.model.InvoiceTest.testSetCustomerName(InvoiceTest.java:69)
	at java.base/java.lang.reflect.Method.invoke(Method.java:580)
	at java.base/java.util.ArrayList.forEach(ArrayList.java:1597)
	at java.base/java.util.ArrayList.forEach(ArrayList.java:1597)
]]></error>
    <system-out><![CDATA[setCustomerName
]]></system-out>
  </testcase>
  <testcase name="testSetCustomerAddress" classname="ec.edu.espe.AmeStoreInventory.model.InvoiceTest" time="0.004">
    <error message="Cannot invoke &quot;ec.edu.espe.AmeStoreInventory.model.Invoice.setCustomerAddress(String)&quot; because &quot;instance&quot; is null" type="java.lang.NullPointerException"><![CDATA[java.lang.NullPointerException: Cannot invoke "ec.edu.espe.AmeStoreInventory.model.Invoice.setCustomerAddress(String)" because "instance" is null
	at ec.edu.espe.AmeStoreInventory.model.InvoiceTest.testSetCustomerAddress(InvoiceTest.java:96)
	at java.base/java.lang.reflect.Method.invoke(Method.java:580)
	at java.base/java.util.ArrayList.forEach(ArrayList.java:1597)
	at java.base/java.util.ArrayList.forEach(ArrayList.java:1597)
]]></error>
    <system-out><![CDATA[setCustomerAddress
]]></system-out>
  </testcase>
  <testcase name="testSetSubtotal" classname="ec.edu.espe.AmeStoreInventory.model.InvoiceTest" time="0.002">
    <error message="Cannot invoke &quot;ec.edu.espe.AmeStoreInventory.model.Invoice.setSubtotal(double)&quot; because &quot;instance&quot; is null" type="java.lang.NullPointerException"><![CDATA[java.lang.NullPointerException: Cannot invoke "ec.edu.espe.AmeStoreInventory.model.Invoice.setSubtotal(double)" because "instance" is null
	at ec.edu.espe.AmeStoreInventory.model.InvoiceTest.testSetSubtotal(InvoiceTest.java:177)
	at java.base/java.lang.reflect.Method.invoke(Method.java:580)
	at java.base/java.util.ArrayList.forEach(ArrayList.java:1597)
	at java.base/java.util.ArrayList.forEach(ArrayList.java:1597)
]]></error>
    <system-out><![CDATA[setSubtotal
]]></system-out>
  </testcase>
  <testcase name="testGetSubtotal" classname="ec.edu.espe.AmeStoreInventory.model.InvoiceTest" time="0.003">
    <error message="Cannot invoke &quot;ec.edu.espe.AmeStoreInventory.model.Invoice.getSubtotal()&quot; because &quot;instance&quot; is null" type="java.lang.NullPointerException"><![CDATA[java.lang.NullPointerException: Cannot invoke "ec.edu.espe.AmeStoreInventory.model.Invoice.getSubtotal()" because "instance" is null
	at ec.edu.espe.AmeStoreInventory.model.InvoiceTest.testGetSubtotal(InvoiceTest.java:163)
	at java.base/java.lang.reflect.Method.invoke(Method.java:580)
	at java.base/java.util.ArrayList.forEach(ArrayList.java:1597)
	at java.base/java.util.ArrayList.forEach(ArrayList.java:1597)
]]></error>
    <system-out><![CDATA[getSubtotal
]]></system-out>
  </testcase>
  <testcase name="testGetCustomerPhone" classname="ec.edu.espe.AmeStoreInventory.model.InvoiceTest" time="0.003">
    <error message="Cannot invoke &quot;ec.edu.espe.AmeStoreInventory.model.Invoice.getCustomerPhone()&quot; because &quot;instance&quot; is null" type="java.lang.NullPointerException"><![CDATA[java.lang.NullPointerException: Cannot invoke "ec.edu.espe.AmeStoreInventory.model.Invoice.getCustomerPhone()" because "instance" is null
	at ec.edu.espe.AmeStoreInventory.model.InvoiceTest.testGetCustomerPhone(InvoiceTest.java:109)
	at java.base/java.lang.reflect.Method.invoke(Method.java:580)
	at java.base/java.util.ArrayList.forEach(ArrayList.java:1597)
	at java.base/java.util.ArrayList.forEach(ArrayList.java:1597)
]]></error>
    <system-out><![CDATA[getCustomerPhone
]]></system-out>
  </testcase>
  <testcase name="testHashCode" classname="ec.edu.espe.AmeStoreInventory.model.InvoiceTest" time="0.003">
    <error message="Cannot invoke &quot;ec.edu.espe.AmeStoreInventory.model.Invoice.hashCode()&quot; because &quot;instance&quot; is null" type="java.lang.NullPointerException"><![CDATA[java.lang.NullPointerException: Cannot invoke "ec.edu.espe.AmeStoreInventory.model.Invoice.hashCode()" because "instance" is null
	at ec.edu.espe.AmeStoreInventory.model.InvoiceTest.testHashCode(InvoiceTest.java:244)
	at java.base/java.lang.reflect.Method.invoke(Method.java:580)
	at java.base/java.util.ArrayList.forEach(ArrayList.java:1597)
	at java.base/java.util.ArrayList.forEach(ArrayList.java:1597)
]]></error>
    <system-out><![CDATA[hashCode
]]></system-out>
  </testcase>
  <testcase name="testEquals" classname="ec.edu.espe.AmeStoreInventory.model.InvoiceTest" time="0.003">
    <error message="Cannot invoke &quot;ec.edu.espe.AmeStoreInventory.model.Invoice.equals(Object)&quot; because &quot;instance&quot; is null" type="java.lang.NullPointerException"><![CDATA[java.lang.NullPointerException: Cannot invoke "ec.edu.espe.AmeStoreInventory.model.Invoice.equals(Object)" because "instance" is null
	at ec.edu.espe.AmeStoreInventory.model.InvoiceTest.testEquals(InvoiceTest.java:259)
	at java.base/java.lang.reflect.Method.invoke(Method.java:580)
	at java.base/java.util.ArrayList.forEach(ArrayList.java:1597)
	at java.base/java.util.ArrayList.forEach(ArrayList.java:1597)
]]></error>
    <system-out><![CDATA[equals
]]></system-out>
  </testcase>
  <testcase name="testGetIva" classname="ec.edu.espe.AmeStoreInventory.model.InvoiceTest" time="0.002">
    <error message="Cannot invoke &quot;ec.edu.espe.AmeStoreInventory.model.Invoice.getIva()&quot; because &quot;instance&quot; is null" type="java.lang.NullPointerException"><![CDATA[java.lang.NullPointerException: Cannot invoke "ec.edu.espe.AmeStoreInventory.model.Invoice.getIva()" because "instance" is null
	at ec.edu.espe.AmeStoreInventory.model.InvoiceTest.testGetIva(InvoiceTest.java:190)
	at java.base/java.lang.reflect.Method.invoke(Method.java:580)
	at java.base/java.util.ArrayList.forEach(ArrayList.java:1597)
	at java.base/java.util.ArrayList.forEach(ArrayList.java:1597)
]]></error>
    <system-out><![CDATA[getIva
]]></system-out>
  </testcase>
  <testcase name="testSetIva" classname="ec.edu.espe.AmeStoreInventory.model.InvoiceTest" time="0.002">
    <error message="Cannot invoke &quot;ec.edu.espe.AmeStoreInventory.model.Invoice.setIva(double)&quot; because &quot;instance&quot; is null" type="java.lang.NullPointerException"><![CDATA[java.lang.NullPointerException: Cannot invoke "ec.edu.espe.AmeStoreInventory.model.Invoice.setIva(double)" because "instance" is null
	at ec.edu.espe.AmeStoreInventory.model.InvoiceTest.testSetIva(InvoiceTest.java:204)
	at java.base/java.lang.reflect.Method.invoke(Method.java:580)
	at java.base/java.util.ArrayList.forEach(ArrayList.java:1597)
	at java.base/java.util.ArrayList.forEach(ArrayList.java:1597)
]]></error>
    <system-out><![CDATA[setIva
]]></system-out>
  </testcase>
  <testcase name="testSetItems" classname="ec.edu.espe.AmeStoreInventory.model.InvoiceTest" time="0.002">
    <error message="Cannot invoke &quot;ec.edu.espe.AmeStoreInventory.model.Invoice.setItems(java.util.List)&quot; because &quot;instance&quot; is null" type="java.lang.NullPointerException"><![CDATA[java.lang.NullPointerException: Cannot invoke "ec.edu.espe.AmeStoreInventory.model.Invoice.setItems(java.util.List)" because "instance" is null
	at ec.edu.espe.AmeStoreInventory.model.InvoiceTest.testSetItems(InvoiceTest.java:150)
	at java.base/java.lang.reflect.Method.invoke(Method.java:580)
	at java.base/java.util.ArrayList.forEach(ArrayList.java:1597)
	at java.base/java.util.ArrayList.forEach(ArrayList.java:1597)
]]></error>
    <system-out><![CDATA[setItems
]]></system-out>
  </testcase>
  <testcase name="testSetTotal" classname="ec.edu.espe.AmeStoreInventory.model.InvoiceTest" time="0.002">
    <error message="Cannot invoke &quot;ec.edu.espe.AmeStoreInventory.model.Invoice.setTotal(double)&quot; because &quot;instance&quot; is null" type="java.lang.NullPointerException"><![CDATA[java.lang.NullPointerException: Cannot invoke "ec.edu.espe.AmeStoreInventory.model.Invoice.setTotal(double)" because "instance" is null
	at ec.edu.espe.AmeStoreInventory.model.InvoiceTest.testSetTotal(InvoiceTest.java:231)
	at java.base/java.lang.reflect.Method.invoke(Method.java:580)
	at java.base/java.util.ArrayList.forEach(ArrayList.java:1597)
	at java.base/java.util.ArrayList.forEach(ArrayList.java:1597)
]]></error>
    <system-out><![CDATA[setTotal
]]></system-out>
  </testcase>
</testsuite>