<?xml version="1.0" encoding="UTF-8"?>
<testsuite xmlns:xsi="http://www.w3.org/2001/XMLSchema-instance" xsi:noNamespaceSchemaLocation="https://maven.apache.org/surefire/maven-surefire-plugin/xsd/surefire-test-report-3.0.xsd" version="3.0" name="ec.edu.espe.AmeStoreInventory.controller.ProductControllerTest" time="91.555" tests="8" errors="1" skipped="0" failures="7">
  <properties>
[...]
</properties>
  <testcase name="testSearchProduct" classname="ec.edu.espe.AmeStoreInventory.controller.ProductControllerTest" time="3.483">
    <failure message="The test case is a prototype." type="org.opentest4j.AssertionFailedError"><![CDATA[org.opentest4j.AssertionFailedError: The test case is a prototype.
	at org.junit.jupiter.api.AssertionUtils.fail(AssertionUtils.java:38)
	at org.junit.jupiter.api.Assertions.fail(Assertions.java:138)
	at ec.edu.espe.AmeStoreInventory.controller.ProductControllerTest.testSearchProduct(ProductControllerTest.java:94)
	at java.base/java.lang.reflect.Method.invoke(Method.java:580)
	at java.base/java.util.ArrayList.forEach(ArrayList.java:1597)
	at java.base/java.util.ArrayList.forEach(ArrayList.java:1597)
]]></failure>
    <system-out><![CDATA[searchProduct
]]></system-out>
    <system-err><![CDATA[[cluster-ClusterId{value='67c9176193d12d05e2ead570', description='Cluster0'}-srv-cluster0.dxj9m.mongodb.net] INFO org.mongodb.driver.cluster - Adding discovered server cluster0-shard-00-02.dxj9m.mongodb.net:27017 to client view of cluster
[main] INFO org.mongodb.driver.client - MongoClient with metadata {"application": {"name": "Cluster0"}, "driver": {"name": "mongo-java-driver|sync", "version": "5.1.1"}, "os": {"type": "Windows", "name": "Windows 11", "architecture": "amd64", "version": "10.0"}, "platform": "Java/Oracle Corporation/23.0.1+11-39"} created with settings MongoClientSettings{readPreference=primary, writeConcern=WriteConcern{w=majority, wTimeout=null ms, journal=null}, retryWrites=true, retryReads=true, readConcern=ReadConcern{level=null}, credential=MongoCredential{mechanism=null, userName='daullcu', source='admin', password=<hidden>, mechanismProperties=<hidden>}, transportSettings=null, commandListeners=[], codecRegistry=ProvidersCodecRegistry{codecProviders=[ValueCodecProvider{}, BsonValueCodecProvider{}, DBRefCodecProvider{}, DBObjectCodecProvider{}, DocumentCodecProvider{}, CollectionCodecProvider{}, IterableCodecProvider{}, MapCodecProvider{}, GeoJsonCodecProvider{}, GridFSFileCodecProvider{}, Jsr310CodecProvider{}, JsonObjectCodecProvider{}, BsonCodecProvider{}, EnumCodecProvider{}, com.mongodb.client.model.mql.ExpressionCodecProvider@420a85c4, com.mongodb.Jep395RecordCodecProvider@1c39680d, com.mongodb.KotlinCodecProvider@62833051]}, loggerSettings=LoggerSettings{maxDocumentLength=1000}, clusterSettings={hosts=[127.0.0.1:27017], srvHost=cluster0.dxj9m.mongodb.net, srvServiceName=mongodb, mode=MULTIPLE, requiredClusterType=REPLICA_SET, requiredReplicaSetName='atlas-f6rm43-shard-0', serverSelector='null', clusterListeners='[]', serverSelectionTimeout='30000 ms', localThreshold='15 ms'}, socketSettings=SocketSettings{connectTimeoutMS=10000, readTimeoutMS=0, receiveBufferSize=0, proxySettings=ProxySettings{host=null, port=null, username=null, password=null}}, heartbeatSocketSettings=SocketSettings{connectTimeoutMS=10000, readTimeoutMS=10000, receiveBufferSize=0, proxySettings=ProxySettings{host=null, port=null, username=null, password=null}}, connectionPoolSettings=ConnectionPoolSettings{maxSize=100, minSize=0, maxWaitTimeMS=120000, maxConnectionLifeTimeMS=0, maxConnectionIdleTimeMS=0, maintenanceInitialDelayMS=0, maintenanceFrequencyMS=60000, connectionPoolListeners=[], maxConnecting=2}, serverSettings=ServerSettings{heartbeatFrequencyMS=10000, minHeartbeatFrequencyMS=500, serverMonitoringMode=AUTO, serverListeners='[]', serverMonitorListeners='[]'}, sslSettings=SslSettings{enabled=true, invalidHostNameAllowed=false, context=null}, applicationName='Cluster0', compressorList=[], uuidRepresentation=UNSPECIFIED, serverApi=ServerApi{version=V1, deprecationErrors=null, strict=null}, autoEncryptionSettings=null, dnsClient=null, inetAddressResolver=null, contextProvider=null}
[cluster-ClusterId{value='67c9176193d12d05e2ead570', description='Cluster0'}-srv-cluster0.dxj9m.mongodb.net] INFO org.mongodb.driver.cluster - Adding discovered server cluster0-shard-00-01.dxj9m.mongodb.net:27017 to client view of cluster
[cluster-ClusterId{value='67c9176193d12d05e2ead570', description='Cluster0'}-srv-cluster0.dxj9m.mongodb.net] INFO org.mongodb.driver.cluster - Adding discovered server cluster0-shard-00-00.dxj9m.mongodb.net:27017 to client view of cluster
[main] INFO org.mongodb.driver.cluster - Waiting for server to become available for operation with ID 1. Remaining time: 30000 ms. Selector: WritableServerSelector, topology description: {type=REPLICA_SET, servers=[{address=cluster0-shard-00-01.dxj9m.mongodb.net:27017, type=UNKNOWN, state=CONNECTING}, {address=cluster0-shard-00-00.dxj9m.mongodb.net:27017, type=UNKNOWN, state=CONNECTING}, {address=cluster0-shard-00-02.dxj9m.mongodb.net:27017, type=UNKNOWN, state=CONNECTING}].
[cluster-ClusterId{value='67c9176193d12d05e2ead570', description='Cluster0'}-cluster0-shard-00-00.dxj9m.mongodb.net:27017] INFO org.mongodb.driver.cluster - Monitor thread successfully connected to server with description ServerDescription{address=cluster0-shard-00-00.dxj9m.mongodb.net:27017, type=REPLICA_SET_SECONDARY, state=CONNECTED, ok=true, minWireVersion=0, maxWireVersion=25, maxDocumentSize=16777216, logicalSessionTimeoutMinutes=30, roundTripTimeNanos=757356200, setName='atlas-f6rm43-shard-0', canonicalAddress=cluster0-shard-00-00.dxj9m.mongodb.net:27017, hosts=[cluster0-shard-00-01.dxj9m.mongodb.net:27017, cluster0-shard-00-02.dxj9m.mongodb.net:27017, cluster0-shard-00-00.dxj9m.mongodb.net:27017], passives=[], arbiters=[], primary='cluster0-shard-00-01.dxj9m.mongodb.net:27017', tagSet=TagSet{[Tag{name='availabilityZone', value='sae1-az1'}, Tag{name='diskState', value='READY'}, Tag{name='nodeType', value='ELECTABLE'}, Tag{name='provider', value='AWS'}, Tag{name='region', value='SA_EAST_1'}, Tag{name='workloadType', value='OPERATIONAL'}]}, electionId=null, setVersion=1, topologyVersion=TopologyVersion{processId=67c718bbf0e18f15cfdc4b2d, counter=4}, lastWriteDate=Wed Mar 05 22:32:50 GMT-05:00 2025, lastUpdateTimeNanos=99695257726400}
[cluster-ClusterId{value='67c9176193d12d05e2ead570', description='Cluster0'}-cluster0-shard-00-01.dxj9m.mongodb.net:27017] INFO org.mongodb.driver.cluster - Monitor thread successfully connected to server with description ServerDescription{address=cluster0-shard-00-01.dxj9m.mongodb.net:27017, type=REPLICA_SET_PRIMARY, state=CONNECTED, ok=true, minWireVersion=0, maxWireVersion=25, maxDocumentSize=16777216, logicalSessionTimeoutMinutes=30, roundTripTimeNanos=715421800, setName='atlas-f6rm43-shard-0', canonicalAddress=cluster0-shard-00-01.dxj9m.mongodb.net:27017, hosts=[cluster0-shard-00-01.dxj9m.mongodb.net:27017, cluster0-shard-00-02.dxj9m.mongodb.net:27017, cluster0-shard-00-00.dxj9m.mongodb.net:27017], passives=[], arbiters=[], primary='cluster0-shard-00-01.dxj9m.mongodb.net:27017', tagSet=TagSet{[Tag{name='availabilityZone', value='sae1-az3'}, Tag{name='diskState', value='READY'}, Tag{name='nodeType', value='ELECTABLE'}, Tag{name='provider', value='AWS'}, Tag{name='region', value='SA_EAST_1'}, Tag{name='workloadType', value='OPERATIONAL'}]}, electionId=7fffffff000000000000000c, setVersion=1, topologyVersion=TopologyVersion{processId=67c718e7f21c80602f803db0, counter=6}, lastWriteDate=Wed Mar 05 22:32:50 GMT-05:00 2025, lastUpdateTimeNanos=99695258028500}
[cluster-ClusterId{value='67c9176193d12d05e2ead570', description='Cluster0'}-cluster0-shard-00-02.dxj9m.mongodb.net:27017] INFO org.mongodb.driver.cluster - Monitor thread successfully connected to server with description ServerDescription{address=cluster0-shard-00-02.dxj9m.mongodb.net:27017, type=REPLICA_SET_SECONDARY, state=CONNECTED, ok=true, minWireVersion=0, maxWireVersion=25, maxDocumentSize=16777216, logicalSessionTimeoutMinutes=30, roundTripTimeNanos=746015800, setName='atlas-f6rm43-shard-0', canonicalAddress=cluster0-shard-00-02.dxj9m.mongodb.net:27017, hosts=[cluster0-shard-00-01.dxj9m.mongodb.net:27017, cluster0-shard-00-02.dxj9m.mongodb.net:27017, cluster0-shard-00-00.dxj9m.mongodb.net:27017], passives=[], arbiters=[], primary='cluster0-shard-00-01.dxj9m.mongodb.net:27017', tagSet=TagSet{[Tag{name='availabilityZone', value='sae1-az2'}, Tag{name='diskState', value='READY'}, Tag{name='nodeType', value='ELECTABLE'}, Tag{name='provider', value='AWS'}, Tag{name='region', value='SA_EAST_1'}, Tag{name='workloadType', value='OPERATIONAL'}]}, electionId=null, setVersion=1, topologyVersion=TopologyVersion{processId=67c719134cc1f6d52ecb1ffa, counter=3}, lastWriteDate=Wed Mar 05 22:32:50 GMT-05:00 2025, lastUpdateTimeNanos=99695257536500}
[cluster-ClusterId{value='67c9176193d12d05e2ead570', description='Cluster0'}-cluster0-shard-00-01.dxj9m.mongodb.net:27017] INFO org.mongodb.driver.cluster - Discovered replica set primary cluster0-shard-00-01.dxj9m.mongodb.net:27017 with max election id 7fffffff000000000000000c and max set version 1
Error initializing MongoDB: Write failed with error code 11000 and error message 'Index build failed: 0fe33603-2b58-410b-ba6f-8ef3fbcb1466: Collection BaseAmeStore.customer ( 5c6145ab-8534-41c5-be22-5bb6484baf54 ) :: caused by :: E11000 duplicate key error collection: BaseAmeStore.customer index: id_1 dup key: { id: "1755100169" }'
]]></system-err>
  </testcase>
  <testcase name="testLoadProducts_DefaultTableModel" classname="ec.edu.espe.AmeStoreInventory.controller.ProductControllerTest" time="1.413">
    <error message="Cannot invoke &quot;javax.swing.table.DefaultTableModel.setRowCount(int)&quot; because &quot;tableModel&quot; is null" type="java.lang.NullPointerException"><![CDATA[java.lang.NullPointerException: Cannot invoke "javax.swing.table.DefaultTableModel.setRowCount(int)" because "tableModel" is null
	at ec.edu.espe.AmeStoreInventory.controller.ProductController.loadProducts(ProductController.java:210)
	at ec.edu.espe.AmeStoreInventory.controller.ProductControllerTest.testLoadProducts_DefaultTableModel(ProductControllerTest.java:142)
	at java.base/java.lang.reflect.Method.invoke(Method.java:580)
	at java.base/java.util.ArrayList.forEach(ArrayList.java:1597)
	at java.base/java.util.ArrayList.forEach(ArrayList.java:1597)
]]></error>
    <system-out><![CDATA[loadProducts
]]></system-out>
    <system-err><![CDATA[[main] INFO org.mongodb.driver.client - MongoClient with metadata {"application": {"name": "Cluster0"}, "driver": {"name": "mongo-java-driver|sync", "version": "5.1.1"}, "os": {"type": "Windows", "name": "Windows 11", "architecture": "amd64", "version": "10.0"}, "platform": "Java/Oracle Corporation/23.0.1+11-39"} created with settings MongoClientSettings{readPreference=primary, writeConcern=WriteConcern{w=majority, wTimeout=null ms, journal=null}, retryWrites=true, retryReads=true, readConcern=ReadConcern{level=null}, credential=MongoCredential{mechanism=null, userName='daullcu', source='admin', password=<hidden>, mechanismProperties=<hidden>}, transportSettings=null, commandListeners=[], codecRegistry=ProvidersCodecRegistry{codecProviders=[ValueCodecProvider{}, BsonValueCodecProvider{}, DBRefCodecProvider{}, DBObjectCodecProvider{}, DocumentCodecProvider{}, CollectionCodecProvider{}, IterableCodecProvider{}, MapCodecProvider{}, GeoJsonCodecProvider{}, GridFSFileCodecProvider{}, Jsr310CodecProvider{}, JsonObjectCodecProvider{}, BsonCodecProvider{}, EnumCodecProvider{}, com.mongodb.client.model.mql.ExpressionCodecProvider@420a85c4, com.mongodb.Jep395RecordCodecProvider@1c39680d, com.mongodb.KotlinCodecProvider@62833051]}, loggerSettings=LoggerSettings{maxDocumentLength=1000}, clusterSettings={hosts=[127.0.0.1:27017], srvHost=cluster0.dxj9m.mongodb.net, srvServiceName=mongodb, mode=MULTIPLE, requiredClusterType=REPLICA_SET, requiredReplicaSetName='atlas-f6rm43-shard-0', serverSelector='null', clusterListeners='[]', serverSelectionTimeout='30000 ms', localThreshold='15 ms'}, socketSettings=SocketSettings{connectTimeoutMS=10000, readTimeoutMS=0, receiveBufferSize=0, proxySettings=ProxySettings{host=null, port=null, username=null, password=null}}, heartbeatSocketSettings=SocketSettings{connectTimeoutMS=10000, readTimeoutMS=10000, receiveBufferSize=0, proxySettings=ProxySettings{host=null, port=null, username=null, password=null}}, connectionPoolSettings=ConnectionPoolSettings{maxSize=100, minSize=0, maxWaitTimeMS=120000, maxConnectionLifeTimeMS=0, maxConnectionIdleTimeMS=0, maintenanceInitialDelayMS=0, maintenanceFrequencyMS=60000, connectionPoolListeners=[], maxConnecting=2}, serverSettings=ServerSettings{heartbeatFrequencyMS=10000, minHeartbeatFrequencyMS=500, serverMonitoringMode=AUTO, serverListeners='[]', serverMonitorListeners='[]'}, sslSettings=SslSettings{enabled=true, invalidHostNameAllowed=false, context=null}, applicationName='Cluster0', compressorList=[], uuidRepresentation=UNSPECIFIED, serverApi=ServerApi{version=V1, deprecationErrors=null, strict=null}, autoEncryptionSettings=null, dnsClient=null, inetAddressResolver=null, contextProvider=null}
[main] INFO org.mongodb.driver.cluster - Waiting for server to become available for operation with ID 12. Remaining time: 30000 ms. Selector: WritableServerSelector, topology description: {type=UNKNOWN, servers=[].
[cluster-ClusterId{value='67c9176493d12d05e2ead571', description='Cluster0'}-srv-cluster0.dxj9m.mongodb.net] INFO org.mongodb.driver.cluster - Adding discovered server cluster0-shard-00-02.dxj9m.mongodb.net:27017 to client view of cluster
[cluster-ClusterId{value='67c9176493d12d05e2ead571', description='Cluster0'}-srv-cluster0.dxj9m.mongodb.net] INFO org.mongodb.driver.cluster - Adding discovered server cluster0-shard-00-01.dxj9m.mongodb.net:27017 to client view of cluster
[cluster-ClusterId{value='67c9176493d12d05e2ead571', description='Cluster0'}-srv-cluster0.dxj9m.mongodb.net] INFO org.mongodb.driver.cluster - Adding discovered server cluster0-shard-00-00.dxj9m.mongodb.net:27017 to client view of cluster
[cluster-ClusterId{value='67c9176493d12d05e2ead571', description='Cluster0'}-cluster0-shard-00-01.dxj9m.mongodb.net:27017] INFO org.mongodb.driver.cluster - Monitor thread successfully connected to server with description ServerDescription{address=cluster0-shard-00-01.dxj9m.mongodb.net:27017, type=REPLICA_SET_PRIMARY, state=CONNECTED, ok=true, minWireVersion=0, maxWireVersion=25, maxDocumentSize=16777216, logicalSessionTimeoutMinutes=30, roundTripTimeNanos=288369200, setName='atlas-f6rm43-shard-0', canonicalAddress=cluster0-shard-00-01.dxj9m.mongodb.net:27017, hosts=[cluster0-shard-00-01.dxj9m.mongodb.net:27017, cluster0-shard-00-02.dxj9m.mongodb.net:27017, cluster0-shard-00-00.dxj9m.mongodb.net:27017], passives=[], arbiters=[], primary='cluster0-shard-00-01.dxj9m.mongodb.net:27017', tagSet=TagSet{[Tag{name='availabilityZone', value='sae1-az3'}, Tag{name='diskState', value='READY'}, Tag{name='nodeType', value='ELECTABLE'}, Tag{name='provider', value='AWS'}, Tag{name='region', value='SA_EAST_1'}, Tag{name='workloadType', value='OPERATIONAL'}]}, electionId=7fffffff000000000000000c, setVersion=1, topologyVersion=TopologyVersion{processId=67c718e7f21c80602f803db0, counter=6}, lastWriteDate=Wed Mar 05 22:32:51 GMT-05:00 2025, lastUpdateTimeNanos=99697212215400}
[cluster-ClusterId{value='67c9176493d12d05e2ead571', description='Cluster0'}-cluster0-shard-00-01.dxj9m.mongodb.net:27017] INFO org.mongodb.driver.cluster - Discovered replica set primary cluster0-shard-00-01.dxj9m.mongodb.net:27017 with max election id 7fffffff000000000000000c and max set version 1
[cluster-ClusterId{value='67c9176493d12d05e2ead571', description='Cluster0'}-cluster0-shard-00-00.dxj9m.mongodb.net:27017] INFO org.mongodb.driver.cluster - Monitor thread successfully connected to server with description ServerDescription{address=cluster0-shard-00-00.dxj9m.mongodb.net:27017, type=REPLICA_SET_SECONDARY, state=CONNECTED, ok=true, minWireVersion=0, maxWireVersion=25, maxDocumentSize=16777216, logicalSessionTimeoutMinutes=30, roundTripTimeNanos=292560800, setName='atlas-f6rm43-shard-0', canonicalAddress=cluster0-shard-00-00.dxj9m.mongodb.net:27017, hosts=[cluster0-shard-00-01.dxj9m.mongodb.net:27017, cluster0-shard-00-02.dxj9m.mongodb.net:27017, cluster0-shard-00-00.dxj9m.mongodb.net:27017], passives=[], arbiters=[], primary='cluster0-shard-00-01.dxj9m.mongodb.net:27017', tagSet=TagSet{[Tag{name='availabilityZone', value='sae1-az1'}, Tag{name='diskState', value='READY'}, Tag{name='nodeType', value='ELECTABLE'}, Tag{name='provider', value='AWS'}, Tag{name='region', value='SA_EAST_1'}, Tag{name='workloadType', value='OPERATIONAL'}]}, electionId=null, setVersion=1, topologyVersion=TopologyVersion{processId=67c718bbf0e18f15cfdc4b2d, counter=4}, lastWriteDate=Wed Mar 05 22:32:51 GMT-05:00 2025, lastUpdateTimeNanos=99697217062400}
[cluster-ClusterId{value='67c9176493d12d05e2ead571', description='Cluster0'}-cluster0-shard-00-02.dxj9m.mongodb.net:27017] INFO org.mongodb.driver.cluster - Monitor thread successfully connected to server with description ServerDescription{address=cluster0-shard-00-02.dxj9m.mongodb.net:27017, type=REPLICA_SET_SECONDARY, state=CONNECTED, ok=true, minWireVersion=0, maxWireVersion=25, maxDocumentSize=16777216, logicalSessionTimeoutMinutes=30, roundTripTimeNanos=293693900, setName='atlas-f6rm43-shard-0', canonicalAddress=cluster0-shard-00-02.dxj9m.mongodb.net:27017, hosts=[cluster0-shard-00-01.dxj9m.mongodb.net:27017, cluster0-shard-00-02.dxj9m.mongodb.net:27017, cluster0-shard-00-00.dxj9m.mongodb.net:27017], passives=[], arbiters=[], primary='cluster0-shard-00-01.dxj9m.mongodb.net:27017', tagSet=TagSet{[Tag{name='availabilityZone', value='sae1-az2'}, Tag{name='diskState', value='READY'}, Tag{name='nodeType', value='ELECTABLE'}, Tag{name='provider', value='AWS'}, Tag{name='region', value='SA_EAST_1'}, Tag{name='workloadType', value='OPERATIONAL'}]}, electionId=null, setVersion=1, topologyVersion=TopologyVersion{processId=67c719134cc1f6d52ecb1ffa, counter=3}, lastWriteDate=Wed Mar 05 22:32:51 GMT-05:00 2025, lastUpdateTimeNanos=99697217534700}
Error initializing MongoDB: Write failed with error code 11000 and error message 'Index build failed: ea887e2d-0628-4999-9ac3-1f992b86f583: Collection BaseAmeStore.customer ( 5c6145ab-8534-41c5-be22-5bb6484baf54 ) :: caused by :: E11000 duplicate key error collection: BaseAmeStore.customer index: id_1 dup key: { id: "1755100169" }'
]]></system-err>
  </testcase>
  <testcase name="testSaveOrUpdateProduct" classname="ec.edu.espe.AmeStoreInventory.controller.ProductControllerTest" time="9.57">
    <failure message="The test case is a prototype." type="org.opentest4j.AssertionFailedError"><![CDATA[org.opentest4j.AssertionFailedError: The test case is a prototype.
	at org.junit.jupiter.api.AssertionUtils.fail(AssertionUtils.java:38)
	at org.junit.jupiter.api.Assertions.fail(Assertions.java:138)
	at ec.edu.espe.AmeStoreInventory.controller.ProductControllerTest.testSaveOrUpdateProduct(ProductControllerTest.java:69)
	at java.base/java.lang.reflect.Method.invoke(Method.java:580)
	at java.base/java.util.ArrayList.forEach(ArrayList.java:1597)
	at java.base/java.util.ArrayList.forEach(ArrayList.java:1597)
]]></failure>
    <system-out><![CDATA[saveOrUpdateProduct
]]></system-out>
    <system-err><![CDATA[[main] INFO org.mongodb.driver.client - MongoClient with metadata {"application": {"name": "Cluster0"}, "driver": {"name": "mongo-java-driver|sync", "version": "5.1.1"}, "os": {"type": "Windows", "name": "Windows 11", "architecture": "amd64", "version": "10.0"}, "platform": "Java/Oracle Corporation/23.0.1+11-39"} created with settings MongoClientSettings{readPreference=primary, writeConcern=WriteConcern{w=majority, wTimeout=null ms, journal=null}, retryWrites=true, retryReads=true, readConcern=ReadConcern{level=null}, credential=MongoCredential{mechanism=null, userName='daullcu', source='admin', password=<hidden>, mechanismProperties=<hidden>}, transportSettings=null, commandListeners=[], codecRegistry=ProvidersCodecRegistry{codecProviders=[ValueCodecProvider{}, BsonValueCodecProvider{}, DBRefCodecProvider{}, DBObjectCodecProvider{}, DocumentCodecProvider{}, CollectionCodecProvider{}, IterableCodecProvider{}, MapCodecProvider{}, GeoJsonCodecProvider{}, GridFSFileCodecProvider{}, Jsr310CodecProvider{}, JsonObjectCodecProvider{}, BsonCodecProvider{}, EnumCodecProvider{}, com.mongodb.client.model.mql.ExpressionCodecProvider@420a85c4, com.mongodb.Jep395RecordCodecProvider@1c39680d, com.mongodb.KotlinCodecProvider@62833051]}, loggerSettings=LoggerSettings{maxDocumentLength=1000}, clusterSettings={hosts=[127.0.0.1:27017], srvHost=cluster0.dxj9m.mongodb.net, srvServiceName=mongodb, mode=MULTIPLE, requiredClusterType=REPLICA_SET, requiredReplicaSetName='atlas-f6rm43-shard-0', serverSelector='null', clusterListeners='[]', serverSelectionTimeout='30000 ms', localThreshold='15 ms'}, socketSettings=SocketSettings{connectTimeoutMS=10000, readTimeoutMS=0, receiveBufferSize=0, proxySettings=ProxySettings{host=null, port=null, username=null, password=null}}, heartbeatSocketSettings=SocketSettings{connectTimeoutMS=10000, readTimeoutMS=10000, receiveBufferSize=0, proxySettings=ProxySettings{host=null, port=null, username=null, password=null}}, connectionPoolSettings=ConnectionPoolSettings{maxSize=100, minSize=0, maxWaitTimeMS=120000, maxConnectionLifeTimeMS=0, maxConnectionIdleTimeMS=0, maintenanceInitialDelayMS=0, maintenanceFrequencyMS=60000, connectionPoolListeners=[], maxConnecting=2}, serverSettings=ServerSettings{heartbeatFrequencyMS=10000, minHeartbeatFrequencyMS=500, serverMonitoringMode=AUTO, serverListeners='[]', serverMonitorListeners='[]'}, sslSettings=SslSettings{enabled=true, invalidHostNameAllowed=false, context=null}, applicationName='Cluster0', compressorList=[], uuidRepresentation=UNSPECIFIED, serverApi=ServerApi{version=V1, deprecationErrors=null, strict=null}, autoEncryptionSettings=null, dnsClient=null, inetAddressResolver=null, contextProvider=null}
[main] INFO org.mongodb.driver.cluster - Waiting for server to become available for operation with ID 22. Remaining time: 30000 ms. Selector: WritableServerSelector, topology description: {type=UNKNOWN, servers=[].
[cluster-ClusterId{value='67c9176593d12d05e2ead572', description='Cluster0'}-srv-cluster0.dxj9m.mongodb.net] INFO org.mongodb.driver.cluster - Adding discovered server cluster0-shard-00-02.dxj9m.mongodb.net:27017 to client view of cluster
[cluster-ClusterId{value='67c9176593d12d05e2ead572', description='Cluster0'}-srv-cluster0.dxj9m.mongodb.net] INFO org.mongodb.driver.cluster - Adding discovered server cluster0-shard-00-01.dxj9m.mongodb.net:27017 to client view of cluster
[cluster-ClusterId{value='67c9176593d12d05e2ead572', description='Cluster0'}-srv-cluster0.dxj9m.mongodb.net] INFO org.mongodb.driver.cluster - Adding discovered server cluster0-shard-00-00.dxj9m.mongodb.net:27017 to client view of cluster
[cluster-ClusterId{value='67c9176593d12d05e2ead572', description='Cluster0'}-cluster0-shard-00-02.dxj9m.mongodb.net:27017] INFO org.mongodb.driver.cluster - Monitor thread successfully connected to server with description ServerDescription{address=cluster0-shard-00-02.dxj9m.mongodb.net:27017, type=REPLICA_SET_SECONDARY, state=CONNECTED, ok=true, minWireVersion=0, maxWireVersion=25, maxDocumentSize=16777216, logicalSessionTimeoutMinutes=30, roundTripTimeNanos=284002200, setName='atlas-f6rm43-shard-0', canonicalAddress=cluster0-shard-00-02.dxj9m.mongodb.net:27017, hosts=[cluster0-shard-00-01.dxj9m.mongodb.net:27017, cluster0-shard-00-02.dxj9m.mongodb.net:27017, cluster0-shard-00-00.dxj9m.mongodb.net:27017], passives=[], arbiters=[], primary='cluster0-shard-00-01.dxj9m.mongodb.net:27017', tagSet=TagSet{[Tag{name='availabilityZone', value='sae1-az2'}, Tag{name='diskState', value='READY'}, Tag{name='nodeType', value='ELECTABLE'}, Tag{name='provider', value='AWS'}, Tag{name='region', value='SA_EAST_1'}, Tag{name='workloadType', value='OPERATIONAL'}]}, electionId=null, setVersion=1, topologyVersion=TopologyVersion{processId=67c719134cc1f6d52ecb1ffa, counter=3}, lastWriteDate=Wed Mar 05 22:32:53 GMT-05:00 2025, lastUpdateTimeNanos=99698608885800}
[cluster-ClusterId{value='67c9176593d12d05e2ead572', description='Cluster0'}-cluster0-shard-00-01.dxj9m.mongodb.net:27017] INFO org.mongodb.driver.cluster - Monitor thread successfully connected to server with description ServerDescription{address=cluster0-shard-00-01.dxj9m.mongodb.net:27017, type=REPLICA_SET_PRIMARY, state=CONNECTED, ok=true, minWireVersion=0, maxWireVersion=25, maxDocumentSize=16777216, logicalSessionTimeoutMinutes=30, roundTripTimeNanos=295857400, setName='atlas-f6rm43-shard-0', canonicalAddress=cluster0-shard-00-01.dxj9m.mongodb.net:27017, hosts=[cluster0-shard-00-01.dxj9m.mongodb.net:27017, cluster0-shard-00-02.dxj9m.mongodb.net:27017, cluster0-shard-00-00.dxj9m.mongodb.net:27017], passives=[], arbiters=[], primary='cluster0-shard-00-01.dxj9m.mongodb.net:27017', tagSet=TagSet{[Tag{name='availabilityZone', value='sae1-az3'}, Tag{name='diskState', value='READY'}, Tag{name='nodeType', value='ELECTABLE'}, Tag{name='provider', value='AWS'}, Tag{name='region', value='SA_EAST_1'}, Tag{name='workloadType', value='OPERATIONAL'}]}, electionId=7fffffff000000000000000c, setVersion=1, topologyVersion=TopologyVersion{processId=67c718e7f21c80602f803db0, counter=6}, lastWriteDate=Wed Mar 05 22:32:53 GMT-05:00 2025, lastUpdateTimeNanos=99698620738900}
[cluster-ClusterId{value='67c9176593d12d05e2ead572', description='Cluster0'}-cluster0-shard-00-01.dxj9m.mongodb.net:27017] INFO org.mongodb.driver.cluster - Discovered replica set primary cluster0-shard-00-01.dxj9m.mongodb.net:27017 with max election id 7fffffff000000000000000c and max set version 1
[cluster-ClusterId{value='67c9176593d12d05e2ead572', description='Cluster0'}-cluster0-shard-00-00.dxj9m.mongodb.net:27017] INFO org.mongodb.driver.cluster - Monitor thread successfully connected to server with description ServerDescription{address=cluster0-shard-00-00.dxj9m.mongodb.net:27017, type=REPLICA_SET_SECONDARY, state=CONNECTED, ok=true, minWireVersion=0, maxWireVersion=25, maxDocumentSize=16777216, logicalSessionTimeoutMinutes=30, roundTripTimeNanos=305087500, setName='atlas-f6rm43-shard-0', canonicalAddress=cluster0-shard-00-00.dxj9m.mongodb.net:27017, hosts=[cluster0-shard-00-01.dxj9m.mongodb.net:27017, cluster0-shard-00-02.dxj9m.mongodb.net:27017, cluster0-shard-00-00.dxj9m.mongodb.net:27017], passives=[], arbiters=[], primary='cluster0-shard-00-01.dxj9m.mongodb.net:27017', tagSet=TagSet{[Tag{name='availabilityZone', value='sae1-az1'}, Tag{name='diskState', value='READY'}, Tag{name='nodeType', value='ELECTABLE'}, Tag{name='provider', value='AWS'}, Tag{name='region', value='SA_EAST_1'}, Tag{name='workloadType', value='OPERATIONAL'}]}, electionId=null, setVersion=1, topologyVersion=TopologyVersion{processId=67c718bbf0e18f15cfdc4b2d, counter=4}, lastWriteDate=Wed Mar 05 22:32:53 GMT-05:00 2025, lastUpdateTimeNanos=99698639694000}
Error initializing MongoDB: Write failed with error code 11000 and error message 'Index build failed: 2b17afd0-8bdc-4218-8325-3602c6cddb9a: Collection BaseAmeStore.customer ( 5c6145ab-8534-41c5-be22-5bb6484baf54 ) :: caused by :: E11000 duplicate key error collection: BaseAmeStore.customer index: id_1 dup key: { id: "1755100169" }'
]]></system-err>
  </testcase>
  <testcase name="testLoadProducts_0args" classname="ec.edu.espe.AmeStoreInventory.controller.ProductControllerTest" time="1.565">
    <failure message="The test case is a prototype." type="org.opentest4j.AssertionFailedError"><![CDATA[org.opentest4j.AssertionFailedError: The test case is a prototype.
	at org.junit.jupiter.api.AssertionUtils.fail(AssertionUtils.java:38)
	at org.junit.jupiter.api.Assertions.fail(Assertions.java:138)
	at ec.edu.espe.AmeStoreInventory.controller.ProductControllerTest.testLoadProducts_0args(ProductControllerTest.java:81)
	at java.base/java.lang.reflect.Method.invoke(Method.java:580)
	at java.base/java.util.ArrayList.forEach(ArrayList.java:1597)
	at java.base/java.util.ArrayList.forEach(ArrayList.java:1597)
]]></failure>
    <system-out><![CDATA[loadProducts
]]></system-out>
    <system-err><![CDATA[[main] INFO org.mongodb.driver.client - MongoClient with metadata {"application": {"name": "Cluster0"}, "driver": {"name": "mongo-java-driver|sync", "version": "5.1.1"}, "os": {"type": "Windows", "name": "Windows 11", "architecture": "amd64", "version": "10.0"}, "platform": "Java/Oracle Corporation/23.0.1+11-39"} created with settings MongoClientSettings{readPreference=primary, writeConcern=WriteConcern{w=majority, wTimeout=null ms, journal=null}, retryWrites=true, retryReads=true, readConcern=ReadConcern{level=null}, credential=MongoCredential{mechanism=null, userName='daullcu', source='admin', password=<hidden>, mechanismProperties=<hidden>}, transportSettings=null, commandListeners=[], codecRegistry=ProvidersCodecRegistry{codecProviders=[ValueCodecProvider{}, BsonValueCodecProvider{}, DBRefCodecProvider{}, DBObjectCodecProvider{}, DocumentCodecProvider{}, CollectionCodecProvider{}, IterableCodecProvider{}, MapCodecProvider{}, GeoJsonCodecProvider{}, GridFSFileCodecProvider{}, Jsr310CodecProvider{}, JsonObjectCodecProvider{}, BsonCodecProvider{}, EnumCodecProvider{}, com.mongodb.client.model.mql.ExpressionCodecProvider@420a85c4, com.mongodb.Jep395RecordCodecProvider@1c39680d, com.mongodb.KotlinCodecProvider@62833051]}, loggerSettings=LoggerSettings{maxDocumentLength=1000}, clusterSettings={hosts=[127.0.0.1:27017], srvHost=cluster0.dxj9m.mongodb.net, srvServiceName=mongodb, mode=MULTIPLE, requiredClusterType=REPLICA_SET, requiredReplicaSetName='atlas-f6rm43-shard-0', serverSelector='null', clusterListeners='[]', serverSelectionTimeout='30000 ms', localThreshold='15 ms'}, socketSettings=SocketSettings{connectTimeoutMS=10000, readTimeoutMS=0, receiveBufferSize=0, proxySettings=ProxySettings{host=null, port=null, username=null, password=null}}, heartbeatSocketSettings=SocketSettings{connectTimeoutMS=10000, readTimeoutMS=10000, receiveBufferSize=0, proxySettings=ProxySettings{host=null, port=null, username=null, password=null}}, connectionPoolSettings=ConnectionPoolSettings{maxSize=100, minSize=0, maxWaitTimeMS=120000, maxConnectionLifeTimeMS=0, maxConnectionIdleTimeMS=0, maintenanceInitialDelayMS=0, maintenanceFrequencyMS=60000, connectionPoolListeners=[], maxConnecting=2}, serverSettings=ServerSettings{heartbeatFrequencyMS=10000, minHeartbeatFrequencyMS=500, serverMonitoringMode=AUTO, serverListeners='[]', serverMonitorListeners='[]'}, sslSettings=SslSettings{enabled=true, invalidHostNameAllowed=false, context=null}, applicationName='Cluster0', compressorList=[], uuidRepresentation=UNSPECIFIED, serverApi=ServerApi{version=V1, deprecationErrors=null, strict=null}, autoEncryptionSettings=null, dnsClient=null, inetAddressResolver=null, contextProvider=null}
[main] INFO org.mongodb.driver.cluster - Waiting for server to become available for operation with ID 38. Remaining time: 30000 ms. Selector: WritableServerSelector, topology description: {type=UNKNOWN, servers=[].
[cluster-ClusterId{value='67c9176f93d12d05e2ead573', description='Cluster0'}-srv-cluster0.dxj9m.mongodb.net] INFO org.mongodb.driver.cluster - Adding discovered server cluster0-shard-00-02.dxj9m.mongodb.net:27017 to client view of cluster
[cluster-ClusterId{value='67c9176f93d12d05e2ead573', description='Cluster0'}-srv-cluster0.dxj9m.mongodb.net] INFO org.mongodb.driver.cluster - Adding discovered server cluster0-shard-00-01.dxj9m.mongodb.net:27017 to client view of cluster
[cluster-ClusterId{value='67c9176f93d12d05e2ead573', description='Cluster0'}-srv-cluster0.dxj9m.mongodb.net] INFO org.mongodb.driver.cluster - Adding discovered server cluster0-shard-00-00.dxj9m.mongodb.net:27017 to client view of cluster
[cluster-ClusterId{value='67c9176f93d12d05e2ead573', description='Cluster0'}-cluster0-shard-00-02.dxj9m.mongodb.net:27017] INFO org.mongodb.driver.cluster - Monitor thread successfully connected to server with description ServerDescription{address=cluster0-shard-00-02.dxj9m.mongodb.net:27017, type=REPLICA_SET_SECONDARY, state=CONNECTED, ok=true, minWireVersion=0, maxWireVersion=25, maxDocumentSize=16777216, logicalSessionTimeoutMinutes=30, roundTripTimeNanos=296828700, setName='atlas-f6rm43-shard-0', canonicalAddress=cluster0-shard-00-02.dxj9m.mongodb.net:27017, hosts=[cluster0-shard-00-01.dxj9m.mongodb.net:27017, cluster0-shard-00-02.dxj9m.mongodb.net:27017, cluster0-shard-00-00.dxj9m.mongodb.net:27017], passives=[], arbiters=[], primary='cluster0-shard-00-01.dxj9m.mongodb.net:27017', tagSet=TagSet{[Tag{name='availabilityZone', value='sae1-az2'}, Tag{name='diskState', value='READY'}, Tag{name='nodeType', value='ELECTABLE'}, Tag{name='provider', value='AWS'}, Tag{name='region', value='SA_EAST_1'}, Tag{name='workloadType', value='OPERATIONAL'}]}, electionId=null, setVersion=1, topologyVersion=TopologyVersion{processId=67c719134cc1f6d52ecb1ffa, counter=3}, lastWriteDate=Wed Mar 05 22:33:03 GMT-05:00 2025, lastUpdateTimeNanos=99708242423900}
[cluster-ClusterId{value='67c9176f93d12d05e2ead573', description='Cluster0'}-cluster0-shard-00-01.dxj9m.mongodb.net:27017] INFO org.mongodb.driver.cluster - Monitor thread successfully connected to server with description ServerDescription{address=cluster0-shard-00-01.dxj9m.mongodb.net:27017, type=REPLICA_SET_PRIMARY, state=CONNECTED, ok=true, minWireVersion=0, maxWireVersion=25, maxDocumentSize=16777216, logicalSessionTimeoutMinutes=30, roundTripTimeNanos=296784500, setName='atlas-f6rm43-shard-0', canonicalAddress=cluster0-shard-00-01.dxj9m.mongodb.net:27017, hosts=[cluster0-shard-00-01.dxj9m.mongodb.net:27017, cluster0-shard-00-02.dxj9m.mongodb.net:27017, cluster0-shard-00-00.dxj9m.mongodb.net:27017], passives=[], arbiters=[], primary='cluster0-shard-00-01.dxj9m.mongodb.net:27017', tagSet=TagSet{[Tag{name='availabilityZone', value='sae1-az3'}, Tag{name='diskState', value='READY'}, Tag{name='nodeType', value='ELECTABLE'}, Tag{name='provider', value='AWS'}, Tag{name='region', value='SA_EAST_1'}, Tag{name='workloadType', value='OPERATIONAL'}]}, electionId=7fffffff000000000000000c, setVersion=1, topologyVersion=TopologyVersion{processId=67c718e7f21c80602f803db0, counter=6}, lastWriteDate=Wed Mar 05 22:33:03 GMT-05:00 2025, lastUpdateTimeNanos=99708242383800}
[cluster-ClusterId{value='67c9176f93d12d05e2ead573', description='Cluster0'}-cluster0-shard-00-01.dxj9m.mongodb.net:27017] INFO org.mongodb.driver.cluster - Discovered replica set primary cluster0-shard-00-01.dxj9m.mongodb.net:27017 with max election id 7fffffff000000000000000c and max set version 1
[cluster-ClusterId{value='67c9176f93d12d05e2ead573', description='Cluster0'}-cluster0-shard-00-00.dxj9m.mongodb.net:27017] INFO org.mongodb.driver.cluster - Monitor thread successfully connected to server with description ServerDescription{address=cluster0-shard-00-00.dxj9m.mongodb.net:27017, type=REPLICA_SET_SECONDARY, state=CONNECTED, ok=true, minWireVersion=0, maxWireVersion=25, maxDocumentSize=16777216, logicalSessionTimeoutMinutes=30, roundTripTimeNanos=306690500, setName='atlas-f6rm43-shard-0', canonicalAddress=cluster0-shard-00-00.dxj9m.mongodb.net:27017, hosts=[cluster0-shard-00-01.dxj9m.mongodb.net:27017, cluster0-shard-00-02.dxj9m.mongodb.net:27017, cluster0-shard-00-00.dxj9m.mongodb.net:27017], passives=[], arbiters=[], primary='cluster0-shard-00-01.dxj9m.mongodb.net:27017', tagSet=TagSet{[Tag{name='availabilityZone', value='sae1-az1'}, Tag{name='diskState', value='READY'}, Tag{name='nodeType', value='ELECTABLE'}, Tag{name='provider', value='AWS'}, Tag{name='region', value='SA_EAST_1'}, Tag{name='workloadType', value='OPERATIONAL'}]}, electionId=null, setVersion=1, topologyVersion=TopologyVersion{processId=67c718bbf0e18f15cfdc4b2d, counter=4}, lastWriteDate=Wed Mar 05 22:33:03 GMT-05:00 2025, lastUpdateTimeNanos=99708252286600}
Error initializing MongoDB: Write failed with error code 11000 and error message 'Index build failed: c5eb8452-b407-4ab5-a2d6-0b4c0bac7820: Collection BaseAmeStore.customer ( 5c6145ab-8534-41c5-be22-5bb6484baf54 ) :: caused by :: E11000 duplicate key error collection: BaseAmeStore.customer index: id_1 dup key: { id: "1755100169" }'
]]></system-err>
  </testcase>
  <testcase name="testIsValidProductId" classname="ec.edu.espe.AmeStoreInventory.controller.ProductControllerTest" time="1.374">
    <failure message="The test case is a prototype." type="org.opentest4j.AssertionFailedError"><![CDATA[org.opentest4j.AssertionFailedError: The test case is a prototype.
	at org.junit.jupiter.api.AssertionUtils.fail(AssertionUtils.java:38)
	at org.junit.jupiter.api.Assertions.fail(Assertions.java:138)
	at ec.edu.espe.AmeStoreInventory.controller.ProductControllerTest.testIsValidProductId(ProductControllerTest.java:35)
	at java.base/java.lang.reflect.Method.invoke(Method.java:580)
	at java.base/java.util.ArrayList.forEach(ArrayList.java:1597)
	at java.base/java.util.ArrayList.forEach(ArrayList.java:1597)
]]></failure>
    <system-out><![CDATA[isValidProductId
]]></system-out>
    <system-err><![CDATA[[main] INFO org.mongodb.driver.client - MongoClient with metadata {"application": {"name": "Cluster0"}, "driver": {"name": "mongo-java-driver|sync", "version": "5.1.1"}, "os": {"type": "Windows", "name": "Windows 11", "architecture": "amd64", "version": "10.0"}, "platform": "Java/Oracle Corporation/23.0.1+11-39"} created with settings MongoClientSettings{readPreference=primary, writeConcern=WriteConcern{w=majority, wTimeout=null ms, journal=null}, retryWrites=true, retryReads=true, readConcern=ReadConcern{level=null}, credential=MongoCredential{mechanism=null, userName='daullcu', source='admin', password=<hidden>, mechanismProperties=<hidden>}, transportSettings=null, commandListeners=[], codecRegistry=ProvidersCodecRegistry{codecProviders=[ValueCodecProvider{}, BsonValueCodecProvider{}, DBRefCodecProvider{}, DBObjectCodecProvider{}, DocumentCodecProvider{}, CollectionCodecProvider{}, IterableCodecProvider{}, MapCodecProvider{}, GeoJsonCodecProvider{}, GridFSFileCodecProvider{}, Jsr310CodecProvider{}, JsonObjectCodecProvider{}, BsonCodecProvider{}, EnumCodecProvider{}, com.mongodb.client.model.mql.ExpressionCodecProvider@420a85c4, com.mongodb.Jep395RecordCodecProvider@1c39680d, com.mongodb.KotlinCodecProvider@62833051]}, loggerSettings=LoggerSettings{maxDocumentLength=1000}, clusterSettings={hosts=[127.0.0.1:27017], srvHost=cluster0.dxj9m.mongodb.net, srvServiceName=mongodb, mode=MULTIPLE, requiredClusterType=REPLICA_SET, requiredReplicaSetName='atlas-f6rm43-shard-0', serverSelector='null', clusterListeners='[]', serverSelectionTimeout='30000 ms', localThreshold='15 ms'}, socketSettings=SocketSettings{connectTimeoutMS=10000, readTimeoutMS=0, receiveBufferSize=0, proxySettings=ProxySettings{host=null, port=null, username=null, password=null}}, heartbeatSocketSettings=SocketSettings{connectTimeoutMS=10000, readTimeoutMS=10000, receiveBufferSize=0, proxySettings=ProxySettings{host=null, port=null, username=null, password=null}}, connectionPoolSettings=ConnectionPoolSettings{maxSize=100, minSize=0, maxWaitTimeMS=120000, maxConnectionLifeTimeMS=0, maxConnectionIdleTimeMS=0, maintenanceInitialDelayMS=0, maintenanceFrequencyMS=60000, connectionPoolListeners=[], maxConnecting=2}, serverSettings=ServerSettings{heartbeatFrequencyMS=10000, minHeartbeatFrequencyMS=500, serverMonitoringMode=AUTO, serverListeners='[]', serverMonitorListeners='[]'}, sslSettings=SslSettings{enabled=true, invalidHostNameAllowed=false, context=null}, applicationName='Cluster0', compressorList=[], uuidRepresentation=UNSPECIFIED, serverApi=ServerApi{version=V1, deprecationErrors=null, strict=null}, autoEncryptionSettings=null, dnsClient=null, inetAddressResolver=null, contextProvider=null}
[main] INFO org.mongodb.driver.cluster - Waiting for server to become available for operation with ID 52. Remaining time: 30000 ms. Selector: WritableServerSelector, topology description: {type=UNKNOWN, servers=[].
[cluster-ClusterId{value='67c9177093d12d05e2ead574', description='Cluster0'}-srv-cluster0.dxj9m.mongodb.net] INFO org.mongodb.driver.cluster - Adding discovered server cluster0-shard-00-02.dxj9m.mongodb.net:27017 to client view of cluster
[cluster-ClusterId{value='67c9177093d12d05e2ead574', description='Cluster0'}-srv-cluster0.dxj9m.mongodb.net] INFO org.mongodb.driver.cluster - Adding discovered server cluster0-shard-00-01.dxj9m.mongodb.net:27017 to client view of cluster
[cluster-ClusterId{value='67c9177093d12d05e2ead574', description='Cluster0'}-srv-cluster0.dxj9m.mongodb.net] INFO org.mongodb.driver.cluster - Adding discovered server cluster0-shard-00-00.dxj9m.mongodb.net:27017 to client view of cluster
[cluster-ClusterId{value='67c9177093d12d05e2ead574', description='Cluster0'}-cluster0-shard-00-02.dxj9m.mongodb.net:27017] INFO org.mongodb.driver.cluster - Monitor thread successfully connected to server with description ServerDescription{address=cluster0-shard-00-02.dxj9m.mongodb.net:27017, type=REPLICA_SET_SECONDARY, state=CONNECTED, ok=true, minWireVersion=0, maxWireVersion=25, maxDocumentSize=16777216, logicalSessionTimeoutMinutes=30, roundTripTimeNanos=283717600, setName='atlas-f6rm43-shard-0', canonicalAddress=cluster0-shard-00-02.dxj9m.mongodb.net:27017, hosts=[cluster0-shard-00-01.dxj9m.mongodb.net:27017, cluster0-shard-00-02.dxj9m.mongodb.net:27017, cluster0-shard-00-00.dxj9m.mongodb.net:27017], passives=[], arbiters=[], primary='cluster0-shard-00-01.dxj9m.mongodb.net:27017', tagSet=TagSet{[Tag{name='availabilityZone', value='sae1-az2'}, Tag{name='diskState', value='READY'}, Tag{name='nodeType', value='ELECTABLE'}, Tag{name='provider', value='AWS'}, Tag{name='region', value='SA_EAST_1'}, Tag{name='workloadType', value='OPERATIONAL'}]}, electionId=null, setVersion=1, topologyVersion=TopologyVersion{processId=67c719134cc1f6d52ecb1ffa, counter=3}, lastWriteDate=Wed Mar 05 22:33:05 GMT-05:00 2025, lastUpdateTimeNanos=99709760391400}
[cluster-ClusterId{value='67c9177093d12d05e2ead574', description='Cluster0'}-cluster0-shard-00-00.dxj9m.mongodb.net:27017] INFO org.mongodb.driver.cluster - Monitor thread successfully connected to server with description ServerDescription{address=cluster0-shard-00-00.dxj9m.mongodb.net:27017, type=REPLICA_SET_SECONDARY, state=CONNECTED, ok=true, minWireVersion=0, maxWireVersion=25, maxDocumentSize=16777216, logicalSessionTimeoutMinutes=30, roundTripTimeNanos=281615400, setName='atlas-f6rm43-shard-0', canonicalAddress=cluster0-shard-00-00.dxj9m.mongodb.net:27017, hosts=[cluster0-shard-00-01.dxj9m.mongodb.net:27017, cluster0-shard-00-02.dxj9m.mongodb.net:27017, cluster0-shard-00-00.dxj9m.mongodb.net:27017], passives=[], arbiters=[], primary='cluster0-shard-00-01.dxj9m.mongodb.net:27017', tagSet=TagSet{[Tag{name='availabilityZone', value='sae1-az1'}, Tag{name='diskState', value='READY'}, Tag{name='nodeType', value='ELECTABLE'}, Tag{name='provider', value='AWS'}, Tag{name='region', value='SA_EAST_1'}, Tag{name='workloadType', value='OPERATIONAL'}]}, electionId=null, setVersion=1, topologyVersion=TopologyVersion{processId=67c718bbf0e18f15cfdc4b2d, counter=4}, lastWriteDate=Wed Mar 05 22:33:05 GMT-05:00 2025, lastUpdateTimeNanos=99709760391300}
[cluster-ClusterId{value='67c9177093d12d05e2ead574', description='Cluster0'}-cluster0-shard-00-01.dxj9m.mongodb.net:27017] INFO org.mongodb.driver.cluster - Monitor thread successfully connected to server with description ServerDescription{address=cluster0-shard-00-01.dxj9m.mongodb.net:27017, type=REPLICA_SET_PRIMARY, state=CONNECTED, ok=true, minWireVersion=0, maxWireVersion=25, maxDocumentSize=16777216, logicalSessionTimeoutMinutes=30, roundTripTimeNanos=287874200, setName='atlas-f6rm43-shard-0', canonicalAddress=cluster0-shard-00-01.dxj9m.mongodb.net:27017, hosts=[cluster0-shard-00-01.dxj9m.mongodb.net:27017, cluster0-shard-00-02.dxj9m.mongodb.net:27017, cluster0-shard-00-00.dxj9m.mongodb.net:27017], passives=[], arbiters=[], primary='cluster0-shard-00-01.dxj9m.mongodb.net:27017', tagSet=TagSet{[Tag{name='availabilityZone', value='sae1-az3'}, Tag{name='diskState', value='READY'}, Tag{name='nodeType', value='ELECTABLE'}, Tag{name='provider', value='AWS'}, Tag{name='region', value='SA_EAST_1'}, Tag{name='workloadType', value='OPERATIONAL'}]}, electionId=7fffffff000000000000000c, setVersion=1, topologyVersion=TopologyVersion{processId=67c718e7f21c80602f803db0, counter=6}, lastWriteDate=Wed Mar 05 22:33:05 GMT-05:00 2025, lastUpdateTimeNanos=99709766727100}
[cluster-ClusterId{value='67c9177093d12d05e2ead574', description='Cluster0'}-cluster0-shard-00-01.dxj9m.mongodb.net:27017] INFO org.mongodb.driver.cluster - Discovered replica set primary cluster0-shard-00-01.dxj9m.mongodb.net:27017 with max election id 7fffffff000000000000000c and max set version 1
Error initializing MongoDB: Write failed with error code 11000 and error message 'Index build failed: 53abfbf5-dcba-405e-ac58-70d12c64588e: Collection BaseAmeStore.customer ( 5c6145ab-8534-41c5-be22-5bb6484baf54 ) :: caused by :: E11000 duplicate key error collection: BaseAmeStore.customer index: id_1 dup key: { id: "1755100169" }'
]]></system-err>
  </testcase>
  <testcase name="testCreateProduct" classname="ec.edu.espe.AmeStoreInventory.controller.ProductControllerTest" time="3.201">
    <failure message="The test case is a prototype." type="org.opentest4j.AssertionFailedError"><![CDATA[org.opentest4j.AssertionFailedError: The test case is a prototype.
	at org.junit.jupiter.api.AssertionUtils.fail(AssertionUtils.java:38)
	at org.junit.jupiter.api.Assertions.fail(Assertions.java:138)
	at ec.edu.espe.AmeStoreInventory.controller.ProductControllerTest.testCreateProduct(ProductControllerTest.java:56)
	at java.base/java.lang.reflect.Method.invoke(Method.java:580)
	at java.base/java.util.ArrayList.forEach(ArrayList.java:1597)
	at java.base/java.util.ArrayList.forEach(ArrayList.java:1597)
]]></failure>
    <system-out><![CDATA[createProduct
]]></system-out>
    <system-err><![CDATA[[main] INFO org.mongodb.driver.client - MongoClient with metadata {"application": {"name": "Cluster0"}, "driver": {"name": "mongo-java-driver|sync", "version": "5.1.1"}, "os": {"type": "Windows", "name": "Windows 11", "architecture": "amd64", "version": "10.0"}, "platform": "Java/Oracle Corporation/23.0.1+11-39"} created with settings MongoClientSettings{readPreference=primary, writeConcern=WriteConcern{w=majority, wTimeout=null ms, journal=null}, retryWrites=true, retryReads=true, readConcern=ReadConcern{level=null}, credential=MongoCredential{mechanism=null, userName='daullcu', source='admin', password=<hidden>, mechanismProperties=<hidden>}, transportSettings=null, commandListeners=[], codecRegistry=ProvidersCodecRegistry{codecProviders=[ValueCodecProvider{}, BsonValueCodecProvider{}, DBRefCodecProvider{}, DBObjectCodecProvider{}, DocumentCodecProvider{}, CollectionCodecProvider{}, IterableCodecProvider{}, MapCodecProvider{}, GeoJsonCodecProvider{}, GridFSFileCodecProvider{}, Jsr310CodecProvider{}, JsonObjectCodecProvider{}, BsonCodecProvider{}, EnumCodecProvider{}, com.mongodb.client.model.mql.ExpressionCodecProvider@420a85c4, com.mongodb.Jep395RecordCodecProvider@1c39680d, com.mongodb.KotlinCodecProvider@62833051]}, loggerSettings=LoggerSettings{maxDocumentLength=1000}, clusterSettings={hosts=[127.0.0.1:27017], srvHost=cluster0.dxj9m.mongodb.net, srvServiceName=mongodb, mode=MULTIPLE, requiredClusterType=REPLICA_SET, requiredReplicaSetName='atlas-f6rm43-shard-0', serverSelector='null', clusterListeners='[]', serverSelectionTimeout='30000 ms', localThreshold='15 ms'}, socketSettings=SocketSettings{connectTimeoutMS=10000, readTimeoutMS=0, receiveBufferSize=0, proxySettings=ProxySettings{host=null, port=null, username=null, password=null}}, heartbeatSocketSettings=SocketSettings{connectTimeoutMS=10000, readTimeoutMS=10000, receiveBufferSize=0, proxySettings=ProxySettings{host=null, port=null, username=null, password=null}}, connectionPoolSettings=ConnectionPoolSettings{maxSize=100, minSize=0, maxWaitTimeMS=120000, maxConnectionLifeTimeMS=0, maxConnectionIdleTimeMS=0, maintenanceInitialDelayMS=0, maintenanceFrequencyMS=60000, connectionPoolListeners=[], maxConnecting=2}, serverSettings=ServerSettings{heartbeatFrequencyMS=10000, minHeartbeatFrequencyMS=500, serverMonitoringMode=AUTO, serverListeners='[]', serverMonitorListeners='[]'}, sslSettings=SslSettings{enabled=true, invalidHostNameAllowed=false, context=null}, applicationName='Cluster0', compressorList=[], uuidRepresentation=UNSPECIFIED, serverApi=ServerApi{version=V1, deprecationErrors=null, strict=null}, autoEncryptionSettings=null, dnsClient=null, inetAddressResolver=null, contextProvider=null}
[main] INFO org.mongodb.driver.cluster - Waiting for server to become available for operation with ID 62. Remaining time: 30000 ms. Selector: WritableServerSelector, topology description: {type=UNKNOWN, servers=[].
[cluster-ClusterId{value='67c9177293d12d05e2ead575', description='Cluster0'}-srv-cluster0.dxj9m.mongodb.net] INFO org.mongodb.driver.cluster - Adding discovered server cluster0-shard-00-02.dxj9m.mongodb.net:27017 to client view of cluster
[cluster-ClusterId{value='67c9177293d12d05e2ead575', description='Cluster0'}-srv-cluster0.dxj9m.mongodb.net] INFO org.mongodb.driver.cluster - Adding discovered server cluster0-shard-00-01.dxj9m.mongodb.net:27017 to client view of cluster
[cluster-ClusterId{value='67c9177293d12d05e2ead575', description='Cluster0'}-srv-cluster0.dxj9m.mongodb.net] INFO org.mongodb.driver.cluster - Adding discovered server cluster0-shard-00-00.dxj9m.mongodb.net:27017 to client view of cluster
[cluster-ClusterId{value='67c9177293d12d05e2ead575', description='Cluster0'}-cluster0-shard-00-01.dxj9m.mongodb.net:27017] INFO org.mongodb.driver.cluster - Monitor thread successfully connected to server with description ServerDescription{address=cluster0-shard-00-01.dxj9m.mongodb.net:27017, type=REPLICA_SET_PRIMARY, state=CONNECTED, ok=true, minWireVersion=0, maxWireVersion=25, maxDocumentSize=16777216, logicalSessionTimeoutMinutes=30, roundTripTimeNanos=283377600, setName='atlas-f6rm43-shard-0', canonicalAddress=cluster0-shard-00-01.dxj9m.mongodb.net:27017, hosts=[cluster0-shard-00-01.dxj9m.mongodb.net:27017, cluster0-shard-00-02.dxj9m.mongodb.net:27017, cluster0-shard-00-00.dxj9m.mongodb.net:27017], passives=[], arbiters=[], primary='cluster0-shard-00-01.dxj9m.mongodb.net:27017', tagSet=TagSet{[Tag{name='availabilityZone', value='sae1-az3'}, Tag{name='diskState', value='READY'}, Tag{name='nodeType', value='ELECTABLE'}, Tag{name='provider', value='AWS'}, Tag{name='region', value='SA_EAST_1'}, Tag{name='workloadType', value='OPERATIONAL'}]}, electionId=7fffffff000000000000000c, setVersion=1, topologyVersion=TopologyVersion{processId=67c718e7f21c80602f803db0, counter=6}, lastWriteDate=Wed Mar 05 22:33:06 GMT-05:00 2025, lastUpdateTimeNanos=99711150418100}
[cluster-ClusterId{value='67c9177293d12d05e2ead575', description='Cluster0'}-cluster0-shard-00-01.dxj9m.mongodb.net:27017] INFO org.mongodb.driver.cluster - Discovered replica set primary cluster0-shard-00-01.dxj9m.mongodb.net:27017 with max election id 7fffffff000000000000000c and max set version 1
[cluster-ClusterId{value='67c9177293d12d05e2ead575', description='Cluster0'}-cluster0-shard-00-00.dxj9m.mongodb.net:27017] INFO org.mongodb.driver.cluster - Monitor thread successfully connected to server with description ServerDescription{address=cluster0-shard-00-00.dxj9m.mongodb.net:27017, type=REPLICA_SET_SECONDARY, state=CONNECTED, ok=true, minWireVersion=0, maxWireVersion=25, maxDocumentSize=16777216, logicalSessionTimeoutMinutes=30, roundTripTimeNanos=294114100, setName='atlas-f6rm43-shard-0', canonicalAddress=cluster0-shard-00-00.dxj9m.mongodb.net:27017, hosts=[cluster0-shard-00-01.dxj9m.mongodb.net:27017, cluster0-shard-00-02.dxj9m.mongodb.net:27017, cluster0-shard-00-00.dxj9m.mongodb.net:27017], passives=[], arbiters=[], primary='cluster0-shard-00-01.dxj9m.mongodb.net:27017', tagSet=TagSet{[Tag{name='availabilityZone', value='sae1-az1'}, Tag{name='diskState', value='READY'}, Tag{name='nodeType', value='ELECTABLE'}, Tag{name='provider', value='AWS'}, Tag{name='region', value='SA_EAST_1'}, Tag{name='workloadType', value='OPERATIONAL'}]}, electionId=null, setVersion=1, topologyVersion=TopologyVersion{processId=67c718bbf0e18f15cfdc4b2d, counter=4}, lastWriteDate=Wed Mar 05 22:33:06 GMT-05:00 2025, lastUpdateTimeNanos=99711161149900}
[cluster-ClusterId{value='67c9177293d12d05e2ead575', description='Cluster0'}-cluster0-shard-00-02.dxj9m.mongodb.net:27017] INFO org.mongodb.driver.cluster - Monitor thread successfully connected to server with description ServerDescription{address=cluster0-shard-00-02.dxj9m.mongodb.net:27017, type=REPLICA_SET_SECONDARY, state=CONNECTED, ok=true, minWireVersion=0, maxWireVersion=25, maxDocumentSize=16777216, logicalSessionTimeoutMinutes=30, roundTripTimeNanos=295286700, setName='atlas-f6rm43-shard-0', canonicalAddress=cluster0-shard-00-02.dxj9m.mongodb.net:27017, hosts=[cluster0-shard-00-01.dxj9m.mongodb.net:27017, cluster0-shard-00-02.dxj9m.mongodb.net:27017, cluster0-shard-00-00.dxj9m.mongodb.net:27017], passives=[], arbiters=[], primary='cluster0-shard-00-01.dxj9m.mongodb.net:27017', tagSet=TagSet{[Tag{name='availabilityZone', value='sae1-az2'}, Tag{name='diskState', value='READY'}, Tag{name='nodeType', value='ELECTABLE'}, Tag{name='provider', value='AWS'}, Tag{name='region', value='SA_EAST_1'}, Tag{name='workloadType', value='OPERATIONAL'}]}, electionId=null, setVersion=1, topologyVersion=TopologyVersion{processId=67c719134cc1f6d52ecb1ffa, counter=3}, lastWriteDate=Wed Mar 05 22:33:06 GMT-05:00 2025, lastUpdateTimeNanos=99711167776900}
Error initializing MongoDB: Write failed with error code 11000 and error message 'Index build failed: 477fe9e0-4c72-4247-8f32-295d8a8f5cb7: Collection BaseAmeStore.customer ( 5c6145ab-8534-41c5-be22-5bb6484baf54 ) :: caused by :: E11000 duplicate key error collection: BaseAmeStore.customer index: id_1 dup key: { id: "1755100169" }'
]]></system-err>
  </testcase>
  <testcase name="testSaveProduct" classname="ec.edu.espe.AmeStoreInventory.controller.ProductControllerTest" time="66.727">
    <failure message="The test case is a prototype." type="org.opentest4j.AssertionFailedError"><![CDATA[org.opentest4j.AssertionFailedError: The test case is a prototype.
	at org.junit.jupiter.api.AssertionUtils.fail(AssertionUtils.java:38)
	at org.junit.jupiter.api.Assertions.fail(Assertions.java:138)
	at ec.edu.espe.AmeStoreInventory.controller.ProductControllerTest.testSaveProduct(ProductControllerTest.java:131)
	at java.base/java.lang.reflect.Method.invoke(Method.java:580)
	at java.base/java.util.ArrayList.forEach(ArrayList.java:1597)
	at java.base/java.util.ArrayList.forEach(ArrayList.java:1597)
]]></failure>
    <system-out><![CDATA[saveProduct
]]></system-out>
    <system-err><![CDATA[[main] INFO org.mongodb.driver.client - MongoClient with metadata {"application": {"name": "Cluster0"}, "driver": {"name": "mongo-java-driver|sync", "version": "5.1.1"}, "os": {"type": "Windows", "name": "Windows 11", "architecture": "amd64", "version": "10.0"}, "platform": "Java/Oracle Corporation/23.0.1+11-39"} created with settings MongoClientSettings{readPreference=primary, writeConcern=WriteConcern{w=majority, wTimeout=null ms, journal=null}, retryWrites=true, retryReads=true, readConcern=ReadConcern{level=null}, credential=MongoCredential{mechanism=null, userName='daullcu', source='admin', password=<hidden>, mechanismProperties=<hidden>}, transportSettings=null, commandListeners=[], codecRegistry=ProvidersCodecRegistry{codecProviders=[ValueCodecProvider{}, BsonValueCodecProvider{}, DBRefCodecProvider{}, DBObjectCodecProvider{}, DocumentCodecProvider{}, CollectionCodecProvider{}, IterableCodecProvider{}, MapCodecProvider{}, GeoJsonCodecProvider{}, GridFSFileCodecProvider{}, Jsr310CodecProvider{}, JsonObjectCodecProvider{}, BsonCodecProvider{}, EnumCodecProvider{}, com.mongodb.client.model.mql.ExpressionCodecProvider@420a85c4, com.mongodb.Jep395RecordCodecProvider@1c39680d, com.mongodb.KotlinCodecProvider@62833051]}, loggerSettings=LoggerSettings{maxDocumentLength=1000}, clusterSettings={hosts=[127.0.0.1:27017], srvHost=cluster0.dxj9m.mongodb.net, srvServiceName=mongodb, mode=MULTIPLE, requiredClusterType=REPLICA_SET, requiredReplicaSetName='atlas-f6rm43-shard-0', serverSelector='null', clusterListeners='[]', serverSelectionTimeout='30000 ms', localThreshold='15 ms'}, socketSettings=SocketSettings{connectTimeoutMS=10000, readTimeoutMS=0, receiveBufferSize=0, proxySettings=ProxySettings{host=null, port=null, username=null, password=null}}, heartbeatSocketSettings=SocketSettings{connectTimeoutMS=10000, readTimeoutMS=10000, receiveBufferSize=0, proxySettings=ProxySettings{host=null, port=null, username=null, password=null}}, connectionPoolSettings=ConnectionPoolSettings{maxSize=100, minSize=0, maxWaitTimeMS=120000, maxConnectionLifeTimeMS=0, maxConnectionIdleTimeMS=0, maintenanceInitialDelayMS=0, maintenanceFrequencyMS=60000, connectionPoolListeners=[], maxConnecting=2}, serverSettings=ServerSettings{heartbeatFrequencyMS=10000, minHeartbeatFrequencyMS=500, serverMonitoringMode=AUTO, serverListeners='[]', serverMonitorListeners='[]'}, sslSettings=SslSettings{enabled=true, invalidHostNameAllowed=false, context=null}, applicationName='Cluster0', compressorList=[], uuidRepresentation=UNSPECIFIED, serverApi=ServerApi{version=V1, deprecationErrors=null, strict=null}, autoEncryptionSettings=null, dnsClient=null, inetAddressResolver=null, contextProvider=null}
[main] INFO org.mongodb.driver.cluster - Waiting for server to become available for operation with ID 72. Remaining time: 30000 ms. Selector: WritableServerSelector, topology description: {type=UNKNOWN, servers=[].
[cluster-ClusterId{value='67c9177593d12d05e2ead576', description='Cluster0'}-srv-cluster0.dxj9m.mongodb.net] INFO org.mongodb.driver.cluster - Adding discovered server cluster0-shard-00-02.dxj9m.mongodb.net:27017 to client view of cluster
[cluster-ClusterId{value='67c9177593d12d05e2ead576', description='Cluster0'}-srv-cluster0.dxj9m.mongodb.net] INFO org.mongodb.driver.cluster - Adding discovered server cluster0-shard-00-01.dxj9m.mongodb.net:27017 to client view of cluster
[cluster-ClusterId{value='67c9177593d12d05e2ead576', description='Cluster0'}-srv-cluster0.dxj9m.mongodb.net] INFO org.mongodb.driver.cluster - Adding discovered server cluster0-shard-00-00.dxj9m.mongodb.net:27017 to client view of cluster
[cluster-ClusterId{value='67c9177593d12d05e2ead576', description='Cluster0'}-cluster0-shard-00-01.dxj9m.mongodb.net:27017] INFO org.mongodb.driver.cluster - Monitor thread successfully connected to server with description ServerDescription{address=cluster0-shard-00-01.dxj9m.mongodb.net:27017, type=REPLICA_SET_PRIMARY, state=CONNECTED, ok=true, minWireVersion=0, maxWireVersion=25, maxDocumentSize=16777216, logicalSessionTimeoutMinutes=30, roundTripTimeNanos=291379200, setName='atlas-f6rm43-shard-0', canonicalAddress=cluster0-shard-00-01.dxj9m.mongodb.net:27017, hosts=[cluster0-shard-00-01.dxj9m.mongodb.net:27017, cluster0-shard-00-02.dxj9m.mongodb.net:27017, cluster0-shard-00-00.dxj9m.mongodb.net:27017], passives=[], arbiters=[], primary='cluster0-shard-00-01.dxj9m.mongodb.net:27017', tagSet=TagSet{[Tag{name='availabilityZone', value='sae1-az3'}, Tag{name='diskState', value='READY'}, Tag{name='nodeType', value='ELECTABLE'}, Tag{name='provider', value='AWS'}, Tag{name='region', value='SA_EAST_1'}, Tag{name='workloadType', value='OPERATIONAL'}]}, electionId=7fffffff000000000000000c, setVersion=1, topologyVersion=TopologyVersion{processId=67c718e7f21c80602f803db0, counter=6}, lastWriteDate=Wed Mar 05 22:33:08 GMT-05:00 2025, lastUpdateTimeNanos=99714369511400}
[cluster-ClusterId{value='67c9177593d12d05e2ead576', description='Cluster0'}-cluster0-shard-00-02.dxj9m.mongodb.net:27017] INFO org.mongodb.driver.cluster - Monitor thread successfully connected to server with description ServerDescription{address=cluster0-shard-00-02.dxj9m.mongodb.net:27017, type=REPLICA_SET_SECONDARY, state=CONNECTED, ok=true, minWireVersion=0, maxWireVersion=25, maxDocumentSize=16777216, logicalSessionTimeoutMinutes=30, roundTripTimeNanos=294756100, setName='atlas-f6rm43-shard-0', canonicalAddress=cluster0-shard-00-02.dxj9m.mongodb.net:27017, hosts=[cluster0-shard-00-01.dxj9m.mongodb.net:27017, cluster0-shard-00-02.dxj9m.mongodb.net:27017, cluster0-shard-00-00.dxj9m.mongodb.net:27017], passives=[], arbiters=[], primary='cluster0-shard-00-01.dxj9m.mongodb.net:27017', tagSet=TagSet{[Tag{name='availabilityZone', value='sae1-az2'}, Tag{name='diskState', value='READY'}, Tag{name='nodeType', value='ELECTABLE'}, Tag{name='provider', value='AWS'}, Tag{name='region', value='SA_EAST_1'}, Tag{name='workloadType', value='OPERATIONAL'}]}, electionId=null, setVersion=1, topologyVersion=TopologyVersion{processId=67c719134cc1f6d52ecb1ffa, counter=3}, lastWriteDate=Wed Mar 05 22:33:08 GMT-05:00 2025, lastUpdateTimeNanos=99714369514500}
[cluster-ClusterId{value='67c9177593d12d05e2ead576', description='Cluster0'}-cluster0-shard-00-00.dxj9m.mongodb.net:27017] INFO org.mongodb.driver.cluster - Monitor thread successfully connected to server with description ServerDescription{address=cluster0-shard-00-00.dxj9m.mongodb.net:27017, type=REPLICA_SET_SECONDARY, state=CONNECTED, ok=true, minWireVersion=0, maxWireVersion=25, maxDocumentSize=16777216, logicalSessionTimeoutMinutes=30, roundTripTimeNanos=295278300, setName='atlas-f6rm43-shard-0', canonicalAddress=cluster0-shard-00-00.dxj9m.mongodb.net:27017, hosts=[cluster0-shard-00-01.dxj9m.mongodb.net:27017, cluster0-shard-00-02.dxj9m.mongodb.net:27017, cluster0-shard-00-00.dxj9m.mongodb.net:27017], passives=[], arbiters=[], primary='cluster0-shard-00-01.dxj9m.mongodb.net:27017', tagSet=TagSet{[Tag{name='availabilityZone', value='sae1-az1'}, Tag{name='diskState', value='READY'}, Tag{name='nodeType', value='ELECTABLE'}, Tag{name='provider', value='AWS'}, Tag{name='region', value='SA_EAST_1'}, Tag{name='workloadType', value='OPERATIONAL'}]}, electionId=null, setVersion=1, topologyVersion=TopologyVersion{processId=67c718bbf0e18f15cfdc4b2d, counter=4}, lastWriteDate=Wed Mar 05 22:33:08 GMT-05:00 2025, lastUpdateTimeNanos=99714370035600}
[cluster-ClusterId{value='67c9177593d12d05e2ead576', description='Cluster0'}-cluster0-shard-00-01.dxj9m.mongodb.net:27017] INFO org.mongodb.driver.cluster - Discovered replica set primary cluster0-shard-00-01.dxj9m.mongodb.net:27017 with max election id 7fffffff000000000000000c and max set version 1
Error initializing MongoDB: Write failed with error code 11000 and error message 'Index build failed: 933b8f91-645f-4cfc-a5ed-799bf44d72c4: Collection BaseAmeStore.customer ( 5c6145ab-8534-41c5-be22-5bb6484baf54 ) :: caused by :: E11000 duplicate key error collection: BaseAmeStore.customer index: id_1 dup key: { id: "1755100169" }'
]]></system-err>
  </testcase>
  <testcase name="testDeleteProduct" classname="ec.edu.espe.AmeStoreInventory.controller.ProductControllerTest" time="4.152">
    <failure message="The test case is a prototype." type="org.opentest4j.AssertionFailedError"><![CDATA[org.opentest4j.AssertionFailedError: The test case is a prototype.
	at org.junit.jupiter.api.AssertionUtils.fail(AssertionUtils.java:38)
	at org.junit.jupiter.api.Assertions.fail(Assertions.java:138)
	at ec.edu.espe.AmeStoreInventory.controller.ProductControllerTest.testDeleteProduct(ProductControllerTest.java:111)
	at java.base/java.lang.reflect.Method.invoke(Method.java:580)
	at java.base/java.util.ArrayList.forEach(ArrayList.java:1597)
	at java.base/java.util.ArrayList.forEach(ArrayList.java:1597)
]]></failure>
    <system-out><![CDATA[deleteProduct
]]></system-out>
    <system-err><![CDATA[[main] INFO org.mongodb.driver.client - MongoClient with metadata {"application": {"name": "Cluster0"}, "driver": {"name": "mongo-java-driver|sync", "version": "5.1.1"}, "os": {"type": "Windows", "name": "Windows 11", "architecture": "amd64", "version": "10.0"}, "platform": "Java/Oracle Corporation/23.0.1+11-39"} created with settings MongoClientSettings{readPreference=primary, writeConcern=WriteConcern{w=majority, wTimeout=null ms, journal=null}, retryWrites=true, retryReads=true, readConcern=ReadConcern{level=null}, credential=MongoCredential{mechanism=null, userName='daullcu', source='admin', password=<hidden>, mechanismProperties=<hidden>}, transportSettings=null, commandListeners=[], codecRegistry=ProvidersCodecRegistry{codecProviders=[ValueCodecProvider{}, BsonValueCodecProvider{}, DBRefCodecProvider{}, DBObjectCodecProvider{}, DocumentCodecProvider{}, CollectionCodecProvider{}, IterableCodecProvider{}, MapCodecProvider{}, GeoJsonCodecProvider{}, GridFSFileCodecProvider{}, Jsr310CodecProvider{}, JsonObjectCodecProvider{}, BsonCodecProvider{}, EnumCodecProvider{}, com.mongodb.client.model.mql.ExpressionCodecProvider@420a85c4, com.mongodb.Jep395RecordCodecProvider@1c39680d, com.mongodb.KotlinCodecProvider@62833051]}, loggerSettings=LoggerSettings{maxDocumentLength=1000}, clusterSettings={hosts=[127.0.0.1:27017], srvHost=cluster0.dxj9m.mongodb.net, srvServiceName=mongodb, mode=MULTIPLE, requiredClusterType=REPLICA_SET, requiredReplicaSetName='atlas-f6rm43-shard-0', serverSelector='null', clusterListeners='[]', serverSelectionTimeout='30000 ms', localThreshold='15 ms'}, socketSettings=SocketSettings{connectTimeoutMS=10000, readTimeoutMS=0, receiveBufferSize=0, proxySettings=ProxySettings{host=null, port=null, username=null, password=null}}, heartbeatSocketSettings=SocketSettings{connectTimeoutMS=10000, readTimeoutMS=10000, receiveBufferSize=0, proxySettings=ProxySettings{host=null, port=null, username=null, password=null}}, connectionPoolSettings=ConnectionPoolSettings{maxSize=100, minSize=0, maxWaitTimeMS=120000, maxConnectionLifeTimeMS=0, maxConnectionIdleTimeMS=0, maintenanceInitialDelayMS=0, maintenanceFrequencyMS=60000, connectionPoolListeners=[], maxConnecting=2}, serverSettings=ServerSettings{heartbeatFrequencyMS=10000, minHeartbeatFrequencyMS=500, serverMonitoringMode=AUTO, serverListeners='[]', serverMonitorListeners='[]'}, sslSettings=SslSettings{enabled=true, invalidHostNameAllowed=false, context=null}, applicationName='Cluster0', compressorList=[], uuidRepresentation=UNSPECIFIED, serverApi=ServerApi{version=V1, deprecationErrors=null, strict=null}, autoEncryptionSettings=null, dnsClient=null, inetAddressResolver=null, contextProvider=null}
[main] INFO org.mongodb.driver.cluster - Waiting for server to become available for operation with ID 220. Remaining time: 30000 ms. Selector: WritableServerSelector, topology description: {type=UNKNOWN, servers=[].
[cluster-ClusterId{value='67c917b893d12d05e2ead577', description='Cluster0'}-srv-cluster0.dxj9m.mongodb.net] INFO org.mongodb.driver.cluster - Adding discovered server cluster0-shard-00-02.dxj9m.mongodb.net:27017 to client view of cluster
[cluster-ClusterId{value='67c917b893d12d05e2ead577', description='Cluster0'}-srv-cluster0.dxj9m.mongodb.net] INFO org.mongodb.driver.cluster - Adding discovered server cluster0-shard-00-01.dxj9m.mongodb.net:27017 to client view of cluster
[cluster-ClusterId{value='67c917b893d12d05e2ead577', description='Cluster0'}-srv-cluster0.dxj9m.mongodb.net] INFO org.mongodb.driver.cluster - Adding discovered server cluster0-shard-00-00.dxj9m.mongodb.net:27017 to client view of cluster
[cluster-ClusterId{value='67c917b893d12d05e2ead577', description='Cluster0'}-cluster0-shard-00-01.dxj9m.mongodb.net:27017] INFO org.mongodb.driver.cluster - Monitor thread successfully connected to server with description ServerDescription{address=cluster0-shard-00-01.dxj9m.mongodb.net:27017, type=REPLICA_SET_PRIMARY, state=CONNECTED, ok=true, minWireVersion=0, maxWireVersion=25, maxDocumentSize=16777216, logicalSessionTimeoutMinutes=30, roundTripTimeNanos=297537100, setName='atlas-f6rm43-shard-0', canonicalAddress=cluster0-shard-00-01.dxj9m.mongodb.net:27017, hosts=[cluster0-shard-00-01.dxj9m.mongodb.net:27017, cluster0-shard-00-02.dxj9m.mongodb.net:27017, cluster0-shard-00-00.dxj9m.mongodb.net:27017], passives=[], arbiters=[], primary='cluster0-shard-00-01.dxj9m.mongodb.net:27017', tagSet=TagSet{[Tag{name='availabilityZone', value='sae1-az3'}, Tag{name='diskState', value='READY'}, Tag{name='nodeType', value='ELECTABLE'}, Tag{name='provider', value='AWS'}, Tag{name='region', value='SA_EAST_1'}, Tag{name='workloadType', value='OPERATIONAL'}]}, electionId=7fffffff000000000000000c, setVersion=1, topologyVersion=TopologyVersion{processId=67c718e7f21c80602f803db0, counter=6}, lastWriteDate=Wed Mar 05 22:34:15 GMT-05:00 2025, lastUpdateTimeNanos=99781259959900}
[cluster-ClusterId{value='67c917b893d12d05e2ead577', description='Cluster0'}-cluster0-shard-00-01.dxj9m.mongodb.net:27017] INFO org.mongodb.driver.cluster - Discovered replica set primary cluster0-shard-00-01.dxj9m.mongodb.net:27017 with max election id 7fffffff000000000000000c and max set version 1
[cluster-ClusterId{value='67c917b893d12d05e2ead577', description='Cluster0'}-cluster0-shard-00-00.dxj9m.mongodb.net:27017] INFO org.mongodb.driver.cluster - Monitor thread successfully connected to server with description ServerDescription{address=cluster0-shard-00-00.dxj9m.mongodb.net:27017, type=REPLICA_SET_SECONDARY, state=CONNECTED, ok=true, minWireVersion=0, maxWireVersion=25, maxDocumentSize=16777216, logicalSessionTimeoutMinutes=30, roundTripTimeNanos=279381300, setName='atlas-f6rm43-shard-0', canonicalAddress=cluster0-shard-00-00.dxj9m.mongodb.net:27017, hosts=[cluster0-shard-00-01.dxj9m.mongodb.net:27017, cluster0-shard-00-02.dxj9m.mongodb.net:27017, cluster0-shard-00-00.dxj9m.mongodb.net:27017], passives=[], arbiters=[], primary='cluster0-shard-00-01.dxj9m.mongodb.net:27017', tagSet=TagSet{[Tag{name='availabilityZone', value='sae1-az1'}, Tag{name='diskState', value='READY'}, Tag{name='nodeType', value='ELECTABLE'}, Tag{name='provider', value='AWS'}, Tag{name='region', value='SA_EAST_1'}, Tag{name='workloadType', value='OPERATIONAL'}]}, electionId=null, setVersion=1, topologyVersion=TopologyVersion{processId=67c718bbf0e18f15cfdc4b2d, counter=4}, lastWriteDate=Wed Mar 05 22:34:15 GMT-05:00 2025, lastUpdateTimeNanos=99781292546600}
[cluster-ClusterId{value='67c917b893d12d05e2ead577', description='Cluster0'}-cluster0-shard-00-02.dxj9m.mongodb.net:27017] INFO org.mongodb.driver.cluster - Monitor thread successfully connected to server with description ServerDescription{address=cluster0-shard-00-02.dxj9m.mongodb.net:27017, type=REPLICA_SET_SECONDARY, state=CONNECTED, ok=true, minWireVersion=0, maxWireVersion=25, maxDocumentSize=16777216, logicalSessionTimeoutMinutes=30, roundTripTimeNanos=279378300, setName='atlas-f6rm43-shard-0', canonicalAddress=cluster0-shard-00-02.dxj9m.mongodb.net:27017, hosts=[cluster0-shard-00-01.dxj9m.mongodb.net:27017, cluster0-shard-00-02.dxj9m.mongodb.net:27017, cluster0-shard-00-00.dxj9m.mongodb.net:27017], passives=[], arbiters=[], primary='cluster0-shard-00-01.dxj9m.mongodb.net:27017', tagSet=TagSet{[Tag{name='availabilityZone', value='sae1-az2'}, Tag{name='diskState', value='READY'}, Tag{name='nodeType', value='ELECTABLE'}, Tag{name='provider', value='AWS'}, Tag{name='region', value='SA_EAST_1'}, Tag{name='workloadType', value='OPERATIONAL'}]}, electionId=null, setVersion=1, topologyVersion=TopologyVersion{processId=67c719134cc1f6d52ecb1ffa, counter=3}, lastWriteDate=Wed Mar 05 22:34:15 GMT-05:00 2025, lastUpdateTimeNanos=99781385148600}
Error initializing MongoDB: Write failed with error code 11000 and error message 'Index build failed: 68607f7b-3410-41b8-9167-7c67eb2f6448: Collection BaseAmeStore.customer ( 5c6145ab-8534-41c5-be22-5bb6484baf54 ) :: caused by :: E11000 duplicate key error collection: BaseAmeStore.customer index: id_1 dup key: { id: "1755100169" }'
]]></system-err>
  </testcase>
</testsuite>