<?xml version="1.0" encoding="UTF-8"?>
<testsuite xmlns:xsi="http://www.w3.org/2001/XMLSchema-instance" xsi:noNamespaceSchemaLocation="https://maven.apache.org/surefire/maven-surefire-plugin/xsd/surefire-test-report-3.0.xsd" version="3.0" name="ec.edu.espe.AmeStoreInventory.model.CustomerTest" time="0.153" tests="11" errors="11" skipped="0" failures="0">
  <properties>
[...]
</properties>
  <testcase name="testGetEmail" classname="ec.edu.espe.AmeStoreInventory.model.CustomerTest" time="0.049">
    <error message="Cannot invoke &quot;ec.edu.espe.AmeStoreInventory.model.Customer.getEmail()&quot; because &quot;instance&quot; is null" type="java.lang.NullPointerException"><![CDATA[java.lang.NullPointerException: Cannot invoke "ec.edu.espe.AmeStoreInventory.model.Customer.getEmail()" because "instance" is null
	at ec.edu.espe.AmeStoreInventory.model.CustomerTest.testGetEmail(CustomerTest.java:108)
	at java.base/java.lang.reflect.Method.invoke(Method.java:580)
	at java.base/java.util.ArrayList.forEach(ArrayList.java:1597)
	at java.base/java.util.ArrayList.forEach(ArrayList.java:1597)
]]></error>
    <system-out><![CDATA[getEmail
]]></system-out>
  </testcase>
  <testcase name="testGetPhone" classname="ec.edu.espe.AmeStoreInventory.model.CustomerTest" time="0.005">
    <error message="Cannot invoke &quot;ec.edu.espe.AmeStoreInventory.model.Customer.getPhone()&quot; because &quot;instance&quot; is null" type="java.lang.NullPointerException"><![CDATA[java.lang.NullPointerException: Cannot invoke "ec.edu.espe.AmeStoreInventory.model.Customer.getPhone()" because "instance" is null
	at ec.edu.espe.AmeStoreInventory.model.CustomerTest.testGetPhone(CustomerTest.java:135)
	at java.base/java.lang.reflect.Method.invoke(Method.java:580)
	at java.base/java.util.ArrayList.forEach(ArrayList.java:1597)
	at java.base/java.util.ArrayList.forEach(ArrayList.java:1597)
]]></error>
    <system-out><![CDATA[getPhone
]]></system-out>
  </testcase>
  <testcase name="testGetId" classname="ec.edu.espe.AmeStoreInventory.model.CustomerTest" time="0.006">
    <error message="Cannot invoke &quot;ec.edu.espe.AmeStoreInventory.model.Customer.getId()&quot; because &quot;instance&quot; is null" type="java.lang.NullPointerException"><![CDATA[java.lang.NullPointerException: Cannot invoke "ec.edu.espe.AmeStoreInventory.model.Customer.getId()" because "instance" is null
	at ec.edu.espe.AmeStoreInventory.model.CustomerTest.testGetId(CustomerTest.java:27)
	at java.base/java.lang.reflect.Method.invoke(Method.java:580)
	at java.base/java.util.ArrayList.forEach(ArrayList.java:1597)
	at java.base/java.util.ArrayList.forEach(ArrayList.java:1597)
]]></error>
    <system-out><![CDATA[getId
]]></system-out>
  </testcase>
  <testcase name="testSetId" classname="ec.edu.espe.AmeStoreInventory.model.CustomerTest" time="0.004">
    <error message="Cannot invoke &quot;ec.edu.espe.AmeStoreInventory.model.Customer.setId(String)&quot; because &quot;instance&quot; is null" type="java.lang.NullPointerException"><![CDATA[java.lang.NullPointerException: Cannot invoke "ec.edu.espe.AmeStoreInventory.model.Customer.setId(String)" because "instance" is null
	at ec.edu.espe.AmeStoreInventory.model.CustomerTest.testSetId(CustomerTest.java:41)
	at java.base/java.lang.reflect.Method.invoke(Method.java:580)
	at java.base/java.util.ArrayList.forEach(ArrayList.java:1597)
	at java.base/java.util.ArrayList.forEach(ArrayList.java:1597)
]]></error>
    <system-out><![CDATA[setId
]]></system-out>
  </testcase>
  <testcase name="testToString" classname="ec.edu.espe.AmeStoreInventory.model.CustomerTest" time="0.004">
    <error message="Cannot invoke &quot;ec.edu.espe.AmeStoreInventory.model.Customer.toString()&quot; because &quot;instance&quot; is null" type="java.lang.NullPointerException"><![CDATA[java.lang.NullPointerException: Cannot invoke "ec.edu.espe.AmeStoreInventory.model.Customer.toString()" because "instance" is null
	at ec.edu.espe.AmeStoreInventory.model.CustomerTest.testToString(CustomerTest.java:162)
	at java.base/java.lang.reflect.Method.invoke(Method.java:580)
	at java.base/java.util.ArrayList.forEach(ArrayList.java:1597)
	at java.base/java.util.ArrayList.forEach(ArrayList.java:1597)
]]></error>
    <system-out><![CDATA[toString
]]></system-out>
  </testcase>
  <testcase name="testGetAddress" classname="ec.edu.espe.AmeStoreInventory.model.CustomerTest" time="0.003">
    <error message="Cannot invoke &quot;ec.edu.espe.AmeStoreInventory.model.Customer.getAddress()&quot; because &quot;instance&quot; is null" type="java.lang.NullPointerException"><![CDATA[java.lang.NullPointerException: Cannot invoke "ec.edu.espe.AmeStoreInventory.model.Customer.getAddress()" because "instance" is null
	at ec.edu.espe.AmeStoreInventory.model.CustomerTest.testGetAddress(CustomerTest.java:81)
	at java.base/java.lang.reflect.Method.invoke(Method.java:580)
	at java.base/java.util.ArrayList.forEach(ArrayList.java:1597)
	at java.base/java.util.ArrayList.forEach(ArrayList.java:1597)
]]></error>
    <system-out><![CDATA[getAddress
]]></system-out>
  </testcase>
  <testcase name="testGetName" classname="ec.edu.espe.AmeStoreInventory.model.CustomerTest" time="0.003">
    <error message="Cannot invoke &quot;ec.edu.espe.AmeStoreInventory.model.Customer.getName()&quot; because &quot;instance&quot; is null" type="java.lang.NullPointerException"><![CDATA[java.lang.NullPointerException: Cannot invoke "ec.edu.espe.AmeStoreInventory.model.Customer.getName()" because "instance" is null
	at ec.edu.espe.AmeStoreInventory.model.CustomerTest.testGetName(CustomerTest.java:54)
	at java.base/java.lang.reflect.Method.invoke(Method.java:580)
	at java.base/java.util.ArrayList.forEach(ArrayList.java:1597)
	at java.base/java.util.ArrayList.forEach(ArrayList.java:1597)
]]></error>
    <system-out><![CDATA[getName
]]></system-out>
  </testcase>
  <testcase name="testSetAddress" classname="ec.edu.espe.AmeStoreInventory.model.CustomerTest" time="0.001">
    <error message="Cannot invoke &quot;ec.edu.espe.AmeStoreInventory.model.Customer.setAddress(String)&quot; because &quot;instance&quot; is null" type="java.lang.NullPointerException"><![CDATA[java.lang.NullPointerException: Cannot invoke "ec.edu.espe.AmeStoreInventory.model.Customer.setAddress(String)" because "instance" is null
	at ec.edu.espe.AmeStoreInventory.model.CustomerTest.testSetAddress(CustomerTest.java:95)
	at java.base/java.lang.reflect.Method.invoke(Method.java:580)
	at java.base/java.util.ArrayList.forEach(ArrayList.java:1597)
	at java.base/java.util.ArrayList.forEach(ArrayList.java:1597)
]]></error>
    <system-out><![CDATA[setAddress
]]></system-out>
  </testcase>
  <testcase name="testSetName" classname="ec.edu.espe.AmeStoreInventory.model.CustomerTest" time="0.003">
    <error message="Cannot invoke &quot;ec.edu.espe.AmeStoreInventory.model.Customer.setName(String)&quot; because &quot;instance&quot; is null" type="java.lang.NullPointerException"><![CDATA[java.lang.NullPointerException: Cannot invoke "ec.edu.espe.AmeStoreInventory.model.Customer.setName(String)" because "instance" is null
	at ec.edu.espe.AmeStoreInventory.model.CustomerTest.testSetName(CustomerTest.java:68)
	at java.base/java.lang.reflect.Method.invoke(Method.java:580)
	at java.base/java.util.ArrayList.forEach(ArrayList.java:1597)
	at java.base/java.util.ArrayList.forEach(ArrayList.java:1597)
]]></error>
    <system-out><![CDATA[setName
]]></system-out>
  </testcase>
  <testcase name="testSetEmail" classname="ec.edu.espe.AmeStoreInventory.model.CustomerTest" time="0.002">
    <error message="Cannot invoke &quot;ec.edu.espe.AmeStoreInventory.model.Customer.setEmail(String)&quot; because &quot;instance&quot; is null" type="java.lang.NullPointerException"><![CDATA[java.lang.NullPointerException: Cannot invoke "ec.edu.espe.AmeStoreInventory.model.Customer.setEmail(String)" because "instance" is null
	at ec.edu.espe.AmeStoreInventory.model.CustomerTest.testSetEmail(CustomerTest.java:122)
	at java.base/java.lang.reflect.Method.invoke(Method.java:580)
	at java.base/java.util.ArrayList.forEach(ArrayList.java:1597)
	at java.base/java.util.ArrayList.forEach(ArrayList.java:1597)
]]></error>
    <system-out><![CDATA[setEmail
]]></system-out>
  </testcase>
  <testcase name="testSetPhone" classname="ec.edu.espe.AmeStoreInventory.model.CustomerTest" time="0.003">
    <error message="Cannot invoke &quot;ec.edu.espe.AmeStoreInventory.model.Customer.setPhone(String)&quot; because &quot;instance&quot; is null" type="java.lang.NullPointerException"><![CDATA[java.lang.NullPointerException: Cannot invoke "ec.edu.espe.AmeStoreInventory.model.Customer.setPhone(String)" because "instance" is null
	at ec.edu.espe.AmeStoreInventory.model.CustomerTest.testSetPhone(CustomerTest.java:149)
	at java.base/java.lang.reflect.Method.invoke(Method.java:580)
	at java.base/java.util.ArrayList.forEach(ArrayList.java:1597)
	at java.base/java.util.ArrayList.forEach(ArrayList.java:1597)
]]></error>
    <system-out><![CDATA[setPhone
]]></system-out>
  </testcase>
</testsuite>